#
# A fatal error has been detected by the Java Runtime Environment:
#
#  EXCEPTION_ACCESS_VIOLATION (0xc0000005) at pc=0x00007ffc512bc4a9, pid=14900, tid=21240
#
# JRE version: OpenJDK Runtime Environment JBR-11.0.13.7-1751.19-jcef (11.0.13+7) (build 11.0.13+7-b1751.19)
# Java VM: OpenJDK 64-Bit Server VM JBR-11.0.13.7-1751.19-jcef (11.0.13+7-b1751.19, mixed mode, tiered, compressed oops, g1 gc, windows-amd64)
# Problematic frame:
# C  [lwjgl_opengl.dll+0xc4a9]
#
# No core dump will be written. Minidumps are not enabled by default on client versions of Windows
#
# If you would like to submit a bug report, please visit:
#   https://bugreport.java.com/bugreport/crash.jsp
# The crash happened outside the Java Virtual Machine in native code.
# See problematic frame for where to report the bug.
#

---------------  S U M M A R Y ------------

Command Line: -javaagent:C:\Program Files\JetBrains\IntelliJ IDEA Community Edition 2021.3\lib\idea_rt.jar=62823:C:\Program Files\JetBrains\IntelliJ IDEA Community Edition 2021.3\bin -Dfile.encoding=UTF-8 com.patetlex.displayphoenix.Application

Host: AMD Ryzen 7 5700U with Radeon Graphics         , 16 cores, 15G,  Windows 11 , 64 bit Build 22000 (10.0.22000.708)
Time: Mon Nov  7 18:36:17 2022 Eastern Standard Time elapsed time: 1.890202 seconds (0d 0h 0m 1s)

---------------  T H R E A D  ---------------

Current thread (0x000001e9a473e000):  JavaThread "main" [_thread_in_native, id=21240, stack(0x0000009318700000,0x0000009318800000)]

Stack: [0x0000009318700000,0x0000009318800000],  sp=0x00000093187ff0f8,  free space=1020k
Native frames: (J=compiled Java code, j=interpreted, Vv=VM code, C=native code)
C  [lwjgl_opengl.dll+0xc4a9]

Java frames: (J=compiled Java code, j=interpreted, Vv=VM code)
j  org.lwjgl.opengl.GL11C.glClearColor(FFFF)V+0
j  org.lwjgl.opengl.GL11.glClearColor(FFFF)V+4
j  com.patetlex.displayphoenix.gamely.engine.impl.GameEngine3D.setupGLFW(Lcom/patetlex/displayphoenix/gamely/ui/ext/GameGLFWPanel;)V+46
j  com.patetlex.displayphoenix.Application$1.setupGLFW(Lcom/patetlex/displayphoenix/gamely/ui/ext/GameGLFWPanel;)V+2
j  com.patetlex.displayphoenix.gamely.engine.impl.GameEngine3D.start(Lcom/patetlex/displayphoenix/gamely/ui/GamePanel;)V+48
j  com.patetlex.displayphoenix.gamely.ui.GamePanel.<init>(Ljava/awt/Dimension;Lcom/patetlex/displayphoenix/gamely/engine/GameEngine;)V+51
j  com.patetlex.displayphoenix.gamely.ui.ext.GameGLFWPanel.<init>(Ljava/awt/Dimension;Lcom/patetlex/displayphoenix/gamely/engine/GameEngine;)V+3
j  com.patetlex.displayphoenix.Application.lambda$main$0(Lcom/patetlex/displayphoenix/ui/ApplicationFrame;)V+33
j  com.patetlex.displayphoenix.Application$$Lambda$77.creation(Lcom/patetlex/displayphoenix/ui/ApplicationFrame;)V+1
j  com.patetlex.displayphoenix.ui.ApplicationFrame.open(Lcom/patetlex/displayphoenix/ui/ApplicationFrame;)V+65
j  com.patetlex.displayphoenix.ui.ApplicationFrame.open()V+1
j  com.patetlex.displayphoenix.Application.openWindow(Ljava/lang/String;ILcom/patetlex/displayphoenix/Application$IOpenWindow;IIZ)Lcom/patetlex/displayphoenix/ui/ApplicationFrame;+45
j  com.patetlex.displayphoenix.Application.openWindow(ILcom/patetlex/displayphoenix/Application$IOpenWindow;)Lcom/patetlex/displayphoenix/ui/ApplicationFrame;+23
j  com.patetlex.displayphoenix.Application.openWindow(Lcom/patetlex/displayphoenix/Application$IOpenWindow;)Lcom/patetlex/displayphoenix/ui/ApplicationFrame;+2
j  com.patetlex.displayphoenix.Application.main([Ljava/lang/String;)V+82
v  ~StubRoutines::call_stub

siginfo: EXCEPTION_ACCESS_VIOLATION (0xc0000005), reading address 0x0000000000000070


Register to memory mapping:

RIP=0x00007ffc512bc4a9 lwjgl_opengl.dll
RAX=0x000001e9c7578640 points into unknown readable memory: 0x0000000000000000 | 00 00 00 00 00 00 00 00
RBX={method} {0x000001e9cdea5740} 'glClearColor' '(FFFF)V' in 'org/lwjgl/opengl/GL11C'
RCX=0x0 is NULL
RDX=0x00000093187ff198 is pointing into the stack for thread: 0x000001e9a473e000
RSP=0x00000093187ff0f8 is pointing into the stack for thread: 0x000001e9a473e000
RBP=0x00000093187ff188 is pointing into the stack for thread: 0x000001e9a473e000
RSI=0x000001e9c4150828 is pointing into metadata
RDI=0x000001e9a839a527 is at code_begin+2343 in an Interpreter codelet
invoke return entry points  [0x000001e9a8399c00, 0x000001e9a839a600]  2560 bytes
R8 =0x0000000000000008 is an unknown value
R9 =0x000001e9a4729b60 points into unknown readable memory: 0x0000003c00000001 | 01 00 00 00 3c 00 00 00
R10=0x000001e9a839f748 is at code_begin+1000 in an Interpreter codelet
method entry point (kind = native)  [0x000001e9a839f360, 0x000001e9a839fe00]  2720 bytes
R11=0x0000000718ad8970 is an oop: java.lang.Class 
{0x0000000718ad8970} - klass: 'java/lang/Class'
R12=0x0 is NULL
R13=0x000001e9cdea5730 is pointing into metadata
R14=0x00000093187ff1c0 is pointing into the stack for thread: 0x000001e9a473e000
R15=0x000001e9a473e000 is a thread


Registers:
RAX=0x000001e9c7578640, RBX=0x000001e9cdea5738, RCX=0x0000000000000000, RDX=0x00000093187ff198
RSP=0x00000093187ff0f8, RBP=0x00000093187ff188, RSI=0x000001e9c4150828, RDI=0x000001e9a839a527
R8 =0x0000000000000008, R9 =0x000001e9a4729b60, R10=0x000001e9a839f748, R11=0x0000000718ad8970
R12=0x0000000000000000, R13=0x000001e9cdea5730, R14=0x00000093187ff1c0, R15=0x000001e9a473e000
RIP=0x00007ffc512bc4a9, EFLAGS=0x0000000000010202

Top of Stack: (sp=0x00000093187ff0f8)
0x00000093187ff0f8:   000001e9a839f777 000001e9a839a527
0x00000093187ff108:   000001e9a839f45c 000001e9cdea5738
0x00000093187ff118:   00000093187ff188 000001e93f000000
0x00000093187ff128:   000001e900000000 00000093187ffa38
0x00000093187ff138:   000001e9a839f416 00000093187ff140
0x00000093187ff148:   000001e9cdea5730 00000093187ff1c0
0x00000093187ff158:   000001e9cdeb0bb8 0000000000000000
0x00000093187ff168:   0000000718ad8970 000001e9cdea5738
0x00000093187ff178:   0000000000000000 00000093187ff1a8
0x00000093187ff188:   00000093187ff210 000001e9a839a527
0x00000093187ff198:   0000000718ad8970 000001e9a839c6f8
0x00000093187ff1a8:   0000009300000000 000001e93f000000
0x00000093187ff1b8:   000001e93f000000 000001e93f000000
0x00000093187ff1c8:   00000093187ff1c8 000001e9cde6ab54
0x00000093187ff1d8:   00000093187ff238 000001e9cde95c90
0x00000093187ff1e8:   0000000000000000 0000000718cd9898 

Instructions: (pc=0x00007ffc512bc4a9)
0x00007ffc512bc3a9:   cc cc cc cc cc cc cc 48 8b 01 49 8b c8 48 8b 50
0x00007ffc512bc3b9:   18 48 ff a2 60 0a 00 00 cc cc cc cc cc cc cc cc
0x00007ffc512bc3c9:   cc cc cc cc cc cc cc 48 8b 01 49 8b c8 48 8b 50
0x00007ffc512bc3d9:   18 48 ff a2 68 0a 00 00 cc cc cc cc cc cc cc cc
0x00007ffc512bc3e9:   cc cc cc cc cc cc cc 40 53 48 8b 01 41 8b d8 44
0x00007ffc512bc3f9:   8b 44 24 30 41 8b d1 4c 8b 4c 24 38 8b cb 4c 8b
0x00007ffc512bc409:   50 18 5b 49 ff a2 70 0a 00 00 cc cc cc cc cc cc
0x00007ffc512bc419:   cc cc cc cc cc cc cc 48 8b 01 41 8b c8 48 8b 50
0x00007ffc512bc429:   18 48 ff 22 cc cc cc 48 8b 01 41 8b c8 48 8b 50
0x00007ffc512bc439:   18 48 ff 62 08 cc cc 48 8b 01 41 8b d1 41 8b c8
0x00007ffc512bc449:   4c 8b 50 18 49 ff 62 38 cc cc cc cc cc cc cc cc
0x00007ffc512bc459:   cc cc cc cc cc cc cc 48 8b 01 41 8b d1 41 8b c8
0x00007ffc512bc469:   4c 8b 50 18 49 ff 62 48 cc cc cc cc cc cc cc cc
0x00007ffc512bc479:   cc cc cc cc cc cc cc 48 8b 01 41 8b c8 48 8b 50
0x00007ffc512bc489:   18 48 ff 62 60 cc cc 48 8b 01 0f 28 cb f3 0f 10
0x00007ffc512bc499:   5c 24 30 0f 28 c2 f3 0f 10 54 24 28 48 8b 48 18
0x00007ffc512bc4a9:   48 ff 61 70 cc cc cc 48 8b 01 0f 28 c2 48 8b 48
0x00007ffc512bc4b9:   18 48 ff 61 78 cc cc 48 8b 01 41 8b c8 48 8b 50
0x00007ffc512bc4c9:   18 48 ff a2 88 00 00 00 cc cc cc cc cc cc cc cc
0x00007ffc512bc4d9:   cc cc cc cc cc cc cc 40 53 48 8b 01 41 0f b6 d8
0x00007ffc512bc4e9:   44 0f b6 44 24 30 41 0f b6 d1 44 0f b6 4c 24 38
0x00007ffc512bc4f9:   0f b6 cb 4c 8b 50 18 5b 49 ff a2 98 01 00 00 cc
0x00007ffc512bc509:   cc cc cc cc cc cc cc 48 8b 01 41 8b c8 48 8b 50
0x00007ffc512bc519:   18 48 ff a2 b8 01 00 00 cc cc cc cc cc cc cc cc
0x00007ffc512bc529:   cc cc cc cc cc cc cc 48 8b 01 41 8b c8 48 8b 50
0x00007ffc512bc539:   18 48 ff a2 c8 01 00 00 cc cc cc cc cc cc cc cc
0x00007ffc512bc549:   cc cc cc cc cc cc cc 48 8b 01 41 0f b6 c8 48 8b
0x00007ffc512bc559:   50 18 48 ff a2 d0 01 00 00 cc cc cc cc cc cc cc
0x00007ffc512bc569:   cc cc cc cc cc cc cc 48 8b 01 0f 28 cb 0f 28 c2
0x00007ffc512bc579:   48 8b 48 18 48 ff a1 d8 01 00 00 cc cc cc cc cc
0x00007ffc512bc589:   cc cc cc cc cc cc cc 48 8b 01 45 8b d8 44 8b 44
0x00007ffc512bc599:   24 28 41 8b d1 41 8b cb 4c 8b 50 18 49 ff a2 e8 


Stack slot to memory mapping:
stack at sp + 0 slots: 0x000001e9a839f777 is at code_begin+1047 in an Interpreter codelet
method entry point (kind = native)  [0x000001e9a839f360, 0x000001e9a839fe00]  2720 bytes
stack at sp + 1 slots: 0x000001e9a839a527 is at code_begin+2343 in an Interpreter codelet
invoke return entry points  [0x000001e9a8399c00, 0x000001e9a839a600]  2560 bytes
stack at sp + 2 slots: 0x000001e9a839f45c is at code_begin+252 in an Interpreter codelet
method entry point (kind = native)  [0x000001e9a839f360, 0x000001e9a839fe00]  2720 bytes
stack at sp + 3 slots: {method} {0x000001e9cdea5740} 'glClearColor' '(FFFF)V' in 'org/lwjgl/opengl/GL11C'
stack at sp + 4 slots: 0x00000093187ff188 is pointing into the stack for thread: 0x000001e9a473e000
stack at sp + 5 slots: 0x000001e93f000000 is an unknown value
stack at sp + 6 slots: 0x000001e900000000 is an unknown value
stack at sp + 7 slots: 0x00000093187ffa38 is pointing into the stack for thread: 0x000001e9a473e000


---------------  P R O C E S S  ---------------

Threads class SMR info:
_java_thread_list=0x000001e9c6e89520, length=21, elements={
0x000001e9a473e000, 0x000001e9c3f47000, 0x000001e9c3f50000, 0x000001e9c3f54000,
0x000001e9c3f56000, 0x000001e9c4845800, 0x000001e9c484a000, 0x000001e9c4856800,
0x000001e9c4862000, 0x000001e9c495f000, 0x000001e9c49cd800, 0x000001e9c49ce800,
0x000001e9c55eb000, 0x000001e9c56d8000, 0x000001e9c566f000, 0x000001e9c576c000,
0x000001e9c545d800, 0x000001e9c6021800, 0x000001e9c5cfc000, 0x000001e9c5fb2800,
0x000001e9c6ddb800
}

Java Threads: ( => current thread )
=>0x000001e9a473e000 JavaThread "main" [_thread_in_native, id=21240, stack(0x0000009318700000,0x0000009318800000)]
  0x000001e9c3f47000 JavaThread "Reference Handler" daemon [_thread_blocked, id=516, stack(0x0000009318e00000,0x0000009318f00000)]
  0x000001e9c3f50000 JavaThread "Finalizer" daemon [_thread_blocked, id=19660, stack(0x0000009318f00000,0x0000009319000000)]
  0x000001e9c3f54000 JavaThread "Signal Dispatcher" daemon [_thread_blocked, id=13776, stack(0x0000009319000000,0x0000009319100000)]
  0x000001e9c3f56000 JavaThread "Attach Listener" daemon [_thread_blocked, id=24024, stack(0x0000009319100000,0x0000009319200000)]
  0x000001e9c4845800 JavaThread "Service Thread" daemon [_thread_blocked, id=21536, stack(0x0000009319200000,0x0000009319300000)]
  0x000001e9c484a000 JavaThread "C2 CompilerThread0" daemon [_thread_blocked, id=18992, stack(0x0000009319300000,0x0000009319400000)]
  0x000001e9c4856800 JavaThread "C1 CompilerThread0" daemon [_thread_blocked, id=20292, stack(0x0000009319400000,0x0000009319500000)]
  0x000001e9c4862000 JavaThread "Sweeper thread" daemon [_thread_blocked, id=10888, stack(0x0000009319500000,0x0000009319600000)]
  0x000001e9c495f000 JavaThread "Common-Cleaner" daemon [_thread_blocked, id=20136, stack(0x0000009319600000,0x0000009319700000)]
  0x000001e9c49cd800 JavaThread "C1 CompilerThread1" daemon [_thread_blocked, id=13440, stack(0x0000009319700000,0x0000009319800000)]
  0x000001e9c49ce800 JavaThread "C1 CompilerThread2" daemon [_thread_blocked, id=12048, stack(0x0000009319800000,0x0000009319900000)]
  0x000001e9c55eb000 JavaThread "C1 CompilerThread3" daemon [_thread_blocked, id=10104, stack(0x0000009319e00000,0x0000009319f00000)]
  0x000001e9c56d8000 JavaThread "Monitor Ctrl-Break" daemon [_thread_in_native, id=10112, stack(0x0000009319f00000,0x000000931a000000)]
  0x000001e9c566f000 JavaThread "Java2D Disposer" daemon [_thread_blocked, id=18440, stack(0x000000931a100000,0x000000931a200000)]
  0x000001e9c576c000 JavaThread "AWT-Shutdown" [_thread_blocked, id=22872, stack(0x000000931a200000,0x000000931a300000)]
  0x000001e9c545d800 JavaThread "AWT-Windows" daemon [_thread_in_native, id=13272, stack(0x000000931a300000,0x000000931a400000)]
  0x000001e9c6021800 JavaThread "Image Fetcher 0" daemon [_thread_blocked, id=14632, stack(0x000000931a400000,0x000000931a500000)]
  0x000001e9c5cfc000 JavaThread "AWT-EventQueue-0" [_thread_blocked, id=9444, stack(0x000000931a500000,0x000000931a600000)]
  0x000001e9c5fb2800 JavaThread "JNativeHook Hook Thread" [_thread_in_native, id=24252, stack(0x000000931a600000,0x000000931a700000)]
  0x000001e9c6ddb800 JavaThread "C2 CompilerThread1" daemon [_thread_in_native, id=8760, stack(0x0000009319900000,0x0000009319a00000)]

Other Threads:
  0x000001e9c3f33000 VMThread "VM Thread" [stack: 0x0000009318d00000,0x0000009318e00000] [id=11988]
  0x000001e9c5dcf000 WatcherThread [stack: 0x000000931a000000,0x000000931a100000] [id=23180]
  0x000001e9a4755800 GCTaskThread "GC Thread#0" [stack: 0x0000009318800000,0x0000009318900000] [id=15704]
  0x000001e9c4d44000 GCTaskThread "GC Thread#1" [stack: 0x0000009319a00000,0x0000009319b00000] [id=24312]
  0x000001e9c5376800 GCTaskThread "GC Thread#2" [stack: 0x0000009319b00000,0x0000009319c00000] [id=6944]
  0x000001e9c5294800 GCTaskThread "GC Thread#3" [stack: 0x0000009319c00000,0x0000009319d00000] [id=10124]
  0x000001e9c5295000 GCTaskThread "GC Thread#4" [stack: 0x0000009319d00000,0x0000009319e00000] [id=21224]
  0x000001e9c6e8a800 GCTaskThread "GC Thread#5" [stack: 0x000000931a700000,0x000000931a800000] [id=14704]
  0x000001e9c6125000 GCTaskThread "GC Thread#6" [stack: 0x000000931a800000,0x000000931a900000] [id=7612]
  0x000001e9c60a3000 GCTaskThread "GC Thread#7" [stack: 0x000000931a900000,0x000000931aa00000] [id=10080]
  0x000001e9a47b2800 ConcurrentGCThread "G1 Main Marker" [stack: 0x0000009318900000,0x0000009318a00000] [id=18248]
  0x000001e9a47b4800 ConcurrentGCThread "G1 Conc#0" [stack: 0x0000009318a00000,0x0000009318b00000] [id=1508]
  0x000001e9c50c0800 ConcurrentGCThread "G1 Conc#1" [stack: 0x000000931aa00000,0x000000931ab00000] [id=6616]
  0x000001e9c5d5f000 ConcurrentGCThread "G1 Conc#2" [stack: 0x000000931ab00000,0x000000931ac00000] [id=13044]
  0x000001e9c3e1e000 ConcurrentGCThread "G1 Refine#0" [stack: 0x0000009318b00000,0x0000009318c00000] [id=18016]
  0x000001e9c3e21000 ConcurrentGCThread "G1 Young RemSet Sampling" [stack: 0x0000009318c00000,0x0000009318d00000] [id=18504]

Threads with active compile tasks:
C2 CompilerThread1   1932 1830   !   4       jdk.internal.loader.URLClassPath$JarLoader::getResource (353 bytes)

VM state:not at safepoint (normal execution)

VM Mutex/Monitor currently owned by a thread: None

Heap address: 0x000000070a400000, size: 3932 MB, Compressed Oops mode: Zero based, Oop shift amount: 3
Narrow klass base: 0x0000000800000000, Narrow klass shift: 0
Compressed class space size: 1073741824 Address: 0x0000000800000000

Heap:
 garbage-first heap   total 251904K, used 137599K [0x000000070a400000, 0x0000000800000000)
  region size 1024K, 16 young (16384K), 1 survivors (1024K)
 Metaspace       used 19426K, capacity 19971K, committed 20096K, reserved 1067008K
  class space    used 1894K, capacity 2140K, committed 2176K, reserved 1048576K
Heap Regions: E=young(eden), S=young(survivor), O=old, HS=humongous(starts), HC=humongous(continues), CS=collection set, F=free, A=archive, TAMS=top-at-mark-start (previous, next)
|   0|0x000000070a400000, 0x000000070a500000, 0x000000070a500000|100%|HS|  |TAMS 0x000000070a500000, 0x000000070a400000| Complete 
|   1|0x000000070a500000, 0x000000070a600000, 0x000000070a600000|100%| O|  |TAMS 0x000000070a600000, 0x000000070a500000| Untracked 
|   2|0x000000070a600000, 0x000000070a700000, 0x000000070a700000|100%| O|  |TAMS 0x000000070a700000, 0x000000070a600000| Untracked 
|   3|0x000000070a700000, 0x000000070a800000, 0x000000070a800000|100%| O|  |TAMS 0x000000070a800000, 0x000000070a700000| Untracked 
|   4|0x000000070a800000, 0x000000070a900000, 0x000000070a900000|100%| O|  |TAMS 0x000000070a900000, 0x000000070a800000| Untracked 
|   5|0x000000070a900000, 0x000000070aa00000, 0x000000070aa00000|100%| O|  |TAMS 0x000000070aa00000, 0x000000070a900000| Untracked 
|   6|0x000000070aa00000, 0x000000070ab00000, 0x000000070ab00000|100%| O|  |TAMS 0x000000070ab00000, 0x000000070aa00000| Untracked 
|   7|0x000000070ab00000, 0x000000070ac00000, 0x000000070ac00000|100%| O|  |TAMS 0x000000070ac00000, 0x000000070ab00000| Untracked 
|   8|0x000000070ac00000, 0x000000070ac47a00, 0x000000070ad00000| 27%| O|  |TAMS 0x000000070ac47a00, 0x000000070ac00000| Untracked 
|   9|0x000000070ad00000, 0x000000070ae00000, 0x000000070ae00000|100%|HS|  |TAMS 0x000000070ad00000, 0x000000070ad00000| Complete 
|  10|0x000000070ae00000, 0x000000070af00000, 0x000000070af00000|100%|HC|  |TAMS 0x000000070ae00000, 0x000000070ae00000| Complete 
|  11|0x000000070af00000, 0x000000070b000000, 0x000000070b000000|100%|HC|  |TAMS 0x000000070af00000, 0x000000070af00000| Complete 
|  12|0x000000070b000000, 0x000000070b100000, 0x000000070b100000|100%|HC|  |TAMS 0x000000070b000000, 0x000000070b000000| Complete 
|  13|0x000000070b100000, 0x000000070b200000, 0x000000070b200000|100%|HC|  |TAMS 0x000000070b100000, 0x000000070b100000| Complete 
|  14|0x000000070b200000, 0x000000070b300000, 0x000000070b300000|100%|HC|  |TAMS 0x000000070b200000, 0x000000070b200000| Complete 
|  15|0x000000070b300000, 0x000000070b400000, 0x000000070b400000|100%|HC|  |TAMS 0x000000070b300000, 0x000000070b300000| Complete 
|  16|0x000000070b400000, 0x000000070b500000, 0x000000070b500000|100%|HC|  |TAMS 0x000000070b400000, 0x000000070b400000| Complete 
|  17|0x000000070b500000, 0x000000070b600000, 0x000000070b600000|100%|HC|  |TAMS 0x000000070b500000, 0x000000070b500000| Complete 
|  18|0x000000070b600000, 0x000000070b700000, 0x000000070b700000|100%|HC|  |TAMS 0x000000070b600000, 0x000000070b600000| Complete 
|  19|0x000000070b700000, 0x000000070b800000, 0x000000070b800000|100%|HC|  |TAMS 0x000000070b700000, 0x000000070b700000| Complete 
|  20|0x000000070b800000, 0x000000070b900000, 0x000000070b900000|100%|HC|  |TAMS 0x000000070b800000, 0x000000070b800000| Complete 
|  21|0x000000070b900000, 0x000000070ba00000, 0x000000070ba00000|100%|HC|  |TAMS 0x000000070b900000, 0x000000070b900000| Complete 
|  22|0x000000070ba00000, 0x000000070bb00000, 0x000000070bb00000|100%|HC|  |TAMS 0x000000070ba00000, 0x000000070ba00000| Complete 
|  23|0x000000070bb00000, 0x000000070bc00000, 0x000000070bc00000|100%|HC|  |TAMS 0x000000070bb00000, 0x000000070bb00000| Complete 
|  24|0x000000070bc00000, 0x000000070bd00000, 0x000000070bd00000|100%|HC|  |TAMS 0x000000070bc00000, 0x000000070bc00000| Complete 
|  25|0x000000070bd00000, 0x000000070be00000, 0x000000070be00000|100%|HC|  |TAMS 0x000000070bd00000, 0x000000070bd00000| Complete 
|  26|0x000000070be00000, 0x000000070bf00000, 0x000000070bf00000|100%|HC|  |TAMS 0x000000070be00000, 0x000000070be00000| Complete 
|  27|0x000000070bf00000, 0x000000070c000000, 0x000000070c000000|100%|HC|  |TAMS 0x000000070bf00000, 0x000000070bf00000| Complete 
|  28|0x000000070c000000, 0x000000070c100000, 0x000000070c100000|100%|HC|  |TAMS 0x000000070c000000, 0x000000070c000000| Complete 
|  29|0x000000070c100000, 0x000000070c200000, 0x000000070c200000|100%|HC|  |TAMS 0x000000070c100000, 0x000000070c100000| Complete 
|  30|0x000000070c200000, 0x000000070c300000, 0x000000070c300000|100%|HC|  |TAMS 0x000000070c200000, 0x000000070c200000| Complete 
|  31|0x000000070c300000, 0x000000070c400000, 0x000000070c400000|100%|HC|  |TAMS 0x000000070c300000, 0x000000070c300000| Complete 
|  32|0x000000070c400000, 0x000000070c500000, 0x000000070c500000|100%|HC|  |TAMS 0x000000070c400000, 0x000000070c400000| Complete 
|  33|0x000000070c500000, 0x000000070c600000, 0x000000070c600000|100%|HC|  |TAMS 0x000000070c500000, 0x000000070c500000| Complete 
|  34|0x000000070c600000, 0x000000070c700000, 0x000000070c700000|100%|HC|  |TAMS 0x000000070c600000, 0x000000070c600000| Complete 
|  35|0x000000070c700000, 0x000000070c800000, 0x000000070c800000|100%|HC|  |TAMS 0x000000070c700000, 0x000000070c700000| Complete 
|  36|0x000000070c800000, 0x000000070c900000, 0x000000070c900000|100%|HC|  |TAMS 0x000000070c800000, 0x000000070c800000| Complete 
|  37|0x000000070c900000, 0x000000070ca00000, 0x000000070ca00000|100%|HC|  |TAMS 0x000000070c900000, 0x000000070c900000| Complete 
|  38|0x000000070ca00000, 0x000000070cb00000, 0x000000070cb00000|100%|HC|  |TAMS 0x000000070ca00000, 0x000000070ca00000| Complete 
|  39|0x000000070cb00000, 0x000000070cc00000, 0x000000070cc00000|100%|HC|  |TAMS 0x000000070cb00000, 0x000000070cb00000| Complete 
|  40|0x000000070cc00000, 0x000000070cd00000, 0x000000070cd00000|100%|HC|  |TAMS 0x000000070cc00000, 0x000000070cc00000| Complete 
|  41|0x000000070cd00000, 0x000000070ce00000, 0x000000070ce00000|100%|HC|  |TAMS 0x000000070cd00000, 0x000000070cd00000| Complete 
|  42|0x000000070ce00000, 0x000000070cf00000, 0x000000070cf00000|100%|HC|  |TAMS 0x000000070ce00000, 0x000000070ce00000| Complete 
|  43|0x000000070cf00000, 0x000000070d000000, 0x000000070d000000|100%|HC|  |TAMS 0x000000070cf00000, 0x000000070cf00000| Complete 
|  44|0x000000070d000000, 0x000000070d100000, 0x000000070d100000|100%|HC|  |TAMS 0x000000070d000000, 0x000000070d000000| Complete 
|  45|0x000000070d100000, 0x000000070d200000, 0x000000070d200000|100%|HC|  |TAMS 0x000000070d100000, 0x000000070d100000| Complete 
|  46|0x000000070d200000, 0x000000070d300000, 0x000000070d300000|100%|HC|  |TAMS 0x000000070d200000, 0x000000070d200000| Complete 
|  47|0x000000070d300000, 0x000000070d400000, 0x000000070d400000|100%|HC|  |TAMS 0x000000070d300000, 0x000000070d300000| Complete 
|  48|0x000000070d400000, 0x000000070d500000, 0x000000070d500000|100%|HC|  |TAMS 0x000000070d400000, 0x000000070d400000| Complete 
|  49|0x000000070d500000, 0x000000070d600000, 0x000000070d600000|100%|HC|  |TAMS 0x000000070d500000, 0x000000070d500000| Complete 
|  50|0x000000070d600000, 0x000000070d700000, 0x000000070d700000|100%|HC|  |TAMS 0x000000070d600000, 0x000000070d600000| Complete 
|  51|0x000000070d700000, 0x000000070d800000, 0x000000070d800000|100%|HC|  |TAMS 0x000000070d700000, 0x000000070d700000| Complete 
|  52|0x000000070d800000, 0x000000070d900000, 0x000000070d900000|100%|HC|  |TAMS 0x000000070d800000, 0x000000070d800000| Complete 
|  53|0x000000070d900000, 0x000000070da00000, 0x000000070da00000|100%|HC|  |TAMS 0x000000070d900000, 0x000000070d900000| Complete 
|  54|0x000000070da00000, 0x000000070db00000, 0x000000070db00000|100%|HC|  |TAMS 0x000000070da00000, 0x000000070da00000| Complete 
|  55|0x000000070db00000, 0x000000070dc00000, 0x000000070dc00000|100%|HC|  |TAMS 0x000000070db00000, 0x000000070db00000| Complete 
|  56|0x000000070dc00000, 0x000000070dd00000, 0x000000070dd00000|100%|HC|  |TAMS 0x000000070dc00000, 0x000000070dc00000| Complete 
|  57|0x000000070dd00000, 0x000000070dd00000, 0x000000070de00000|  0%| F|  |TAMS 0x000000070dd00000, 0x000000070dd00000| Untracked 
|  58|0x000000070de00000, 0x000000070de00000, 0x000000070df00000|  0%| F|  |TAMS 0x000000070de00000, 0x000000070de00000| Untracked 
|  59|0x000000070df00000, 0x000000070df00000, 0x000000070e000000|  0%| F|  |TAMS 0x000000070df00000, 0x000000070df00000| Untracked 
|  60|0x000000070e000000, 0x000000070e000000, 0x000000070e100000|  0%| F|  |TAMS 0x000000070e000000, 0x000000070e000000| Untracked 
|  61|0x000000070e100000, 0x000000070e100000, 0x000000070e200000|  0%| F|  |TAMS 0x000000070e100000, 0x000000070e100000| Untracked 
|  62|0x000000070e200000, 0x000000070e200000, 0x000000070e300000|  0%| F|  |TAMS 0x000000070e200000, 0x000000070e200000| Untracked 
|  63|0x000000070e300000, 0x000000070e300000, 0x000000070e400000|  0%| F|  |TAMS 0x000000070e300000, 0x000000070e300000| Untracked 
|  64|0x000000070e400000, 0x000000070e400000, 0x000000070e500000|  0%| F|  |TAMS 0x000000070e400000, 0x000000070e400000| Untracked 
|  65|0x000000070e500000, 0x000000070e500000, 0x000000070e600000|  0%| F|  |TAMS 0x000000070e500000, 0x000000070e500000| Untracked 
|  66|0x000000070e600000, 0x000000070e600000, 0x000000070e700000|  0%| F|  |TAMS 0x000000070e600000, 0x000000070e600000| Untracked 
|  67|0x000000070e700000, 0x000000070e700000, 0x000000070e800000|  0%| F|  |TAMS 0x000000070e700000, 0x000000070e700000| Untracked 
|  68|0x000000070e800000, 0x000000070e800000, 0x000000070e900000|  0%| F|  |TAMS 0x000000070e800000, 0x000000070e800000| Untracked 
|  69|0x000000070e900000, 0x000000070e900000, 0x000000070ea00000|  0%| F|  |TAMS 0x000000070e900000, 0x000000070e900000| Untracked 
|  70|0x000000070ea00000, 0x000000070ea00000, 0x000000070eb00000|  0%| F|  |TAMS 0x000000070ea00000, 0x000000070ea00000| Untracked 
|  71|0x000000070eb00000, 0x000000070ec00000, 0x000000070ec00000|100%|HS|  |TAMS 0x000000070ec00000, 0x000000070eb00000| Complete 
|  72|0x000000070ec00000, 0x000000070ed00000, 0x000000070ed00000|100%|HC|  |TAMS 0x000000070ed00000, 0x000000070ec00000| Complete 
|  73|0x000000070ed00000, 0x000000070ee00000, 0x000000070ee00000|100%|HC|  |TAMS 0x000000070ee00000, 0x000000070ed00000| Complete 
|  74|0x000000070ee00000, 0x000000070ef00000, 0x000000070ef00000|100%|HC|  |TAMS 0x000000070ef00000, 0x000000070ee00000| Complete 
|  75|0x000000070ef00000, 0x000000070f000000, 0x000000070f000000|100%|HC|  |TAMS 0x000000070f000000, 0x000000070ef00000| Complete 
|  76|0x000000070f000000, 0x000000070f100000, 0x000000070f100000|100%|HC|  |TAMS 0x000000070f100000, 0x000000070f000000| Complete 
|  77|0x000000070f100000, 0x000000070f200000, 0x000000070f200000|100%|HC|  |TAMS 0x000000070f200000, 0x000000070f100000| Complete 
|  78|0x000000070f200000, 0x000000070f300000, 0x000000070f300000|100%|HC|  |TAMS 0x000000070f300000, 0x000000070f200000| Complete 
|  79|0x000000070f300000, 0x000000070f400000, 0x000000070f400000|100%|HC|  |TAMS 0x000000070f400000, 0x000000070f300000| Complete 
|  80|0x000000070f400000, 0x000000070f500000, 0x000000070f500000|100%|HC|  |TAMS 0x000000070f500000, 0x000000070f400000| Complete 
|  81|0x000000070f500000, 0x000000070f600000, 0x000000070f600000|100%|HC|  |TAMS 0x000000070f600000, 0x000000070f500000| Complete 
|  82|0x000000070f600000, 0x000000070f700000, 0x000000070f700000|100%|HC|  |TAMS 0x000000070f700000, 0x000000070f600000| Complete 
|  83|0x000000070f700000, 0x000000070f800000, 0x000000070f800000|100%|HC|  |TAMS 0x000000070f800000, 0x000000070f700000| Complete 
|  84|0x000000070f800000, 0x000000070f900000, 0x000000070f900000|100%|HC|  |TAMS 0x000000070f900000, 0x000000070f800000| Complete 
|  85|0x000000070f900000, 0x000000070fa00000, 0x000000070fa00000|100%|HC|  |TAMS 0x000000070fa00000, 0x000000070f900000| Complete 
|  86|0x000000070fa00000, 0x000000070fb00000, 0x000000070fb00000|100%|HC|  |TAMS 0x000000070fb00000, 0x000000070fa00000| Complete 
|  87|0x000000070fb00000, 0x000000070fc00000, 0x000000070fc00000|100%|HC|  |TAMS 0x000000070fc00000, 0x000000070fb00000| Complete 
|  88|0x000000070fc00000, 0x000000070fd00000, 0x000000070fd00000|100%|HC|  |TAMS 0x000000070fd00000, 0x000000070fc00000| Complete 
|  89|0x000000070fd00000, 0x000000070fe00000, 0x000000070fe00000|100%|HC|  |TAMS 0x000000070fe00000, 0x000000070fd00000| Complete 
|  90|0x000000070fe00000, 0x000000070ff00000, 0x000000070ff00000|100%|HC|  |TAMS 0x000000070ff00000, 0x000000070fe00000| Complete 
|  91|0x000000070ff00000, 0x0000000710000000, 0x0000000710000000|100%|HC|  |TAMS 0x0000000710000000, 0x000000070ff00000| Complete 
|  92|0x0000000710000000, 0x0000000710100000, 0x0000000710100000|100%|HC|  |TAMS 0x0000000710100000, 0x0000000710000000| Complete 
|  93|0x0000000710100000, 0x0000000710200000, 0x0000000710200000|100%|HC|  |TAMS 0x0000000710200000, 0x0000000710100000| Complete 
|  94|0x0000000710200000, 0x0000000710300000, 0x0000000710300000|100%|HC|  |TAMS 0x0000000710300000, 0x0000000710200000| Complete 
|  95|0x0000000710300000, 0x0000000710400000, 0x0000000710400000|100%|HC|  |TAMS 0x0000000710400000, 0x0000000710300000| Complete 
|  96|0x0000000710400000, 0x0000000710500000, 0x0000000710500000|100%|HC|  |TAMS 0x0000000710500000, 0x0000000710400000| Complete 
|  97|0x0000000710500000, 0x0000000710600000, 0x0000000710600000|100%|HC|  |TAMS 0x0000000710600000, 0x0000000710500000| Complete 
|  98|0x0000000710600000, 0x0000000710700000, 0x0000000710700000|100%|HC|  |TAMS 0x0000000710700000, 0x0000000710600000| Complete 
|  99|0x0000000710700000, 0x0000000710800000, 0x0000000710800000|100%|HC|  |TAMS 0x0000000710800000, 0x0000000710700000| Complete 
| 100|0x0000000710800000, 0x0000000710900000, 0x0000000710900000|100%|HC|  |TAMS 0x0000000710900000, 0x0000000710800000| Complete 
| 101|0x0000000710900000, 0x0000000710a00000, 0x0000000710a00000|100%|HC|  |TAMS 0x0000000710a00000, 0x0000000710900000| Complete 
| 102|0x0000000710a00000, 0x0000000710b00000, 0x0000000710b00000|100%|HC|  |TAMS 0x0000000710b00000, 0x0000000710a00000| Complete 
| 103|0x0000000710b00000, 0x0000000710c00000, 0x0000000710c00000|100%|HC|  |TAMS 0x0000000710c00000, 0x0000000710b00000| Complete 
| 104|0x0000000710c00000, 0x0000000710d00000, 0x0000000710d00000|100%|HC|  |TAMS 0x0000000710d00000, 0x0000000710c00000| Complete 
| 105|0x0000000710d00000, 0x0000000710e00000, 0x0000000710e00000|100%|HC|  |TAMS 0x0000000710e00000, 0x0000000710d00000| Complete 
| 106|0x0000000710e00000, 0x0000000710f00000, 0x0000000710f00000|100%|HC|  |TAMS 0x0000000710f00000, 0x0000000710e00000| Complete 
| 107|0x0000000710f00000, 0x0000000711000000, 0x0000000711000000|100%|HC|  |TAMS 0x0000000711000000, 0x0000000710f00000| Complete 
| 108|0x0000000711000000, 0x0000000711100000, 0x0000000711100000|100%|HC|  |TAMS 0x0000000711100000, 0x0000000711000000| Complete 
| 109|0x0000000711100000, 0x0000000711200000, 0x0000000711200000|100%|HC|  |TAMS 0x0000000711200000, 0x0000000711100000| Complete 
| 110|0x0000000711200000, 0x0000000711300000, 0x0000000711300000|100%|HC|  |TAMS 0x0000000711300000, 0x0000000711200000| Complete 
| 111|0x0000000711300000, 0x0000000711400000, 0x0000000711400000|100%|HC|  |TAMS 0x0000000711400000, 0x0000000711300000| Complete 
| 112|0x0000000711400000, 0x0000000711500000, 0x0000000711500000|100%|HC|  |TAMS 0x0000000711500000, 0x0000000711400000| Complete 
| 113|0x0000000711500000, 0x0000000711600000, 0x0000000711600000|100%|HC|  |TAMS 0x0000000711600000, 0x0000000711500000| Complete 
| 114|0x0000000711600000, 0x0000000711700000, 0x0000000711700000|100%|HC|  |TAMS 0x0000000711700000, 0x0000000711600000| Complete 
| 115|0x0000000711700000, 0x0000000711800000, 0x0000000711800000|100%|HC|  |TAMS 0x0000000711800000, 0x0000000711700000| Complete 
| 116|0x0000000711800000, 0x0000000711900000, 0x0000000711900000|100%|HC|  |TAMS 0x0000000711900000, 0x0000000711800000| Complete 
| 117|0x0000000711900000, 0x0000000711a00000, 0x0000000711a00000|100%|HC|  |TAMS 0x0000000711a00000, 0x0000000711900000| Complete 
| 118|0x0000000711a00000, 0x0000000711b00000, 0x0000000711b00000|100%|HC|  |TAMS 0x0000000711b00000, 0x0000000711a00000| Complete 
| 119|0x0000000711b00000, 0x0000000711c00000, 0x0000000711c00000|100%|HC|  |TAMS 0x0000000711c00000, 0x0000000711b00000| Complete 
| 120|0x0000000711c00000, 0x0000000711d00000, 0x0000000711d00000|100%|HC|  |TAMS 0x0000000711d00000, 0x0000000711c00000| Complete 
| 121|0x0000000711d00000, 0x0000000711e00000, 0x0000000711e00000|100%|HC|  |TAMS 0x0000000711e00000, 0x0000000711d00000| Complete 
| 122|0x0000000711e00000, 0x0000000711f00000, 0x0000000711f00000|100%|HC|  |TAMS 0x0000000711f00000, 0x0000000711e00000| Complete 
| 123|0x0000000711f00000, 0x0000000712000000, 0x0000000712000000|100%|HC|  |TAMS 0x0000000712000000, 0x0000000711f00000| Complete 
| 124|0x0000000712000000, 0x0000000712100000, 0x0000000712100000|100%|HC|  |TAMS 0x0000000712100000, 0x0000000712000000| Complete 
| 125|0x0000000712100000, 0x0000000712200000, 0x0000000712200000|100%|HC|  |TAMS 0x0000000712200000, 0x0000000712100000| Complete 
| 126|0x0000000712200000, 0x0000000712300000, 0x0000000712300000|100%|HC|  |TAMS 0x0000000712300000, 0x0000000712200000| Complete 
| 127|0x0000000712300000, 0x0000000712400000, 0x0000000712400000|100%|HC|  |TAMS 0x0000000712400000, 0x0000000712300000| Complete 
| 128|0x0000000712400000, 0x0000000712500000, 0x0000000712500000|100%|HC|  |TAMS 0x0000000712500000, 0x0000000712400000| Complete 
| 129|0x0000000712500000, 0x0000000712600000, 0x0000000712600000|100%|HC|  |TAMS 0x0000000712600000, 0x0000000712500000| Complete 
| 130|0x0000000712600000, 0x0000000712700000, 0x0000000712700000|100%|HC|  |TAMS 0x0000000712700000, 0x0000000712600000| Complete 
| 131|0x0000000712700000, 0x0000000712800000, 0x0000000712800000|100%|HC|  |TAMS 0x0000000712800000, 0x0000000712700000| Complete 
| 132|0x0000000712800000, 0x0000000712900000, 0x0000000712900000|100%|HC|  |TAMS 0x0000000712900000, 0x0000000712800000| Complete 
| 133|0x0000000712900000, 0x0000000712a00000, 0x0000000712a00000|100%|HC|  |TAMS 0x0000000712a00000, 0x0000000712900000| Complete 
| 134|0x0000000712a00000, 0x0000000712b00000, 0x0000000712b00000|100%|HC|  |TAMS 0x0000000712b00000, 0x0000000712a00000| Complete 
| 135|0x0000000712b00000, 0x0000000712c00000, 0x0000000712c00000|100%|HC|  |TAMS 0x0000000712c00000, 0x0000000712b00000| Complete 
| 136|0x0000000712c00000, 0x0000000712c00000, 0x0000000712d00000|  0%| F|  |TAMS 0x0000000712c00000, 0x0000000712c00000| Untracked 
| 137|0x0000000712d00000, 0x0000000712d00000, 0x0000000712e00000|  0%| F|  |TAMS 0x0000000712d00000, 0x0000000712d00000| Untracked 
| 138|0x0000000712e00000, 0x0000000712e00000, 0x0000000712f00000|  0%| F|  |TAMS 0x0000000712e00000, 0x0000000712e00000| Untracked 
| 139|0x0000000712f00000, 0x0000000712f00000, 0x0000000713000000|  0%| F|  |TAMS 0x0000000712f00000, 0x0000000712f00000| Untracked 
| 140|0x0000000713000000, 0x0000000713000000, 0x0000000713100000|  0%| F|  |TAMS 0x0000000713000000, 0x0000000713000000| Untracked 
| 141|0x0000000713100000, 0x0000000713100000, 0x0000000713200000|  0%| F|  |TAMS 0x0000000713100000, 0x0000000713100000| Untracked 
| 142|0x0000000713200000, 0x0000000713200000, 0x0000000713300000|  0%| F|  |TAMS 0x0000000713200000, 0x0000000713200000| Untracked 
| 143|0x0000000713300000, 0x0000000713300000, 0x0000000713400000|  0%| F|  |TAMS 0x0000000713300000, 0x0000000713300000| Untracked 
| 144|0x0000000713400000, 0x0000000713400000, 0x0000000713500000|  0%| F|  |TAMS 0x0000000713400000, 0x0000000713400000| Untracked 
| 145|0x0000000713500000, 0x0000000713500000, 0x0000000713600000|  0%| F|  |TAMS 0x0000000713500000, 0x0000000713500000| Untracked 
| 146|0x0000000713600000, 0x0000000713600000, 0x0000000713700000|  0%| F|  |TAMS 0x0000000713600000, 0x0000000713600000| Untracked 
| 147|0x0000000713700000, 0x0000000713700000, 0x0000000713800000|  0%| F|  |TAMS 0x0000000713700000, 0x0000000713700000| Untracked 
| 148|0x0000000713800000, 0x0000000713800000, 0x0000000713900000|  0%| F|  |TAMS 0x0000000713800000, 0x0000000713800000| Untracked 
| 149|0x0000000713900000, 0x0000000713900000, 0x0000000713a00000|  0%| F|  |TAMS 0x0000000713900000, 0x0000000713900000| Untracked 
| 150|0x0000000713a00000, 0x0000000713a00000, 0x0000000713b00000|  0%| F|  |TAMS 0x0000000713a00000, 0x0000000713a00000| Untracked 
| 151|0x0000000713b00000, 0x0000000713b00000, 0x0000000713c00000|  0%| F|  |TAMS 0x0000000713b00000, 0x0000000713b00000| Untracked 
| 152|0x0000000713c00000, 0x0000000713c00000, 0x0000000713d00000|  0%| F|  |TAMS 0x0000000713c00000, 0x0000000713c00000| Untracked 
| 153|0x0000000713d00000, 0x0000000713d00000, 0x0000000713e00000|  0%| F|  |TAMS 0x0000000713d00000, 0x0000000713d00000| Untracked 
| 154|0x0000000713e00000, 0x0000000713e00000, 0x0000000713f00000|  0%| F|  |TAMS 0x0000000713e00000, 0x0000000713e00000| Untracked 
| 155|0x0000000713f00000, 0x0000000713f00000, 0x0000000714000000|  0%| F|  |TAMS 0x0000000713f00000, 0x0000000713f00000| Untracked 
| 156|0x0000000714000000, 0x0000000714000000, 0x0000000714100000|  0%| F|  |TAMS 0x0000000714000000, 0x0000000714000000| Untracked 
| 157|0x0000000714100000, 0x0000000714100000, 0x0000000714200000|  0%| F|  |TAMS 0x0000000714100000, 0x0000000714100000| Untracked 
| 158|0x0000000714200000, 0x0000000714200000, 0x0000000714300000|  0%| F|  |TAMS 0x0000000714200000, 0x0000000714200000| Untracked 
| 159|0x0000000714300000, 0x0000000714300000, 0x0000000714400000|  0%| F|  |TAMS 0x0000000714300000, 0x0000000714300000| Untracked 
| 160|0x0000000714400000, 0x0000000714400000, 0x0000000714500000|  0%| F|  |TAMS 0x0000000714400000, 0x0000000714400000| Untracked 
| 161|0x0000000714500000, 0x0000000714500000, 0x0000000714600000|  0%| F|  |TAMS 0x0000000714500000, 0x0000000714500000| Untracked 
| 162|0x0000000714600000, 0x0000000714600000, 0x0000000714700000|  0%| F|  |TAMS 0x0000000714600000, 0x0000000714600000| Untracked 
| 163|0x0000000714700000, 0x0000000714700000, 0x0000000714800000|  0%| F|  |TAMS 0x0000000714700000, 0x0000000714700000| Untracked 
| 164|0x0000000714800000, 0x0000000714800000, 0x0000000714900000|  0%| F|  |TAMS 0x0000000714800000, 0x0000000714800000| Untracked 
| 165|0x0000000714900000, 0x0000000714900000, 0x0000000714a00000|  0%| F|  |TAMS 0x0000000714900000, 0x0000000714900000| Untracked 
| 166|0x0000000714a00000, 0x0000000714a00000, 0x0000000714b00000|  0%| F|  |TAMS 0x0000000714a00000, 0x0000000714a00000| Untracked 
| 167|0x0000000714b00000, 0x0000000714b00000, 0x0000000714c00000|  0%| F|  |TAMS 0x0000000714b00000, 0x0000000714b00000| Untracked 
| 168|0x0000000714c00000, 0x0000000714c00000, 0x0000000714d00000|  0%| F|  |TAMS 0x0000000714c00000, 0x0000000714c00000| Untracked 
| 169|0x0000000714d00000, 0x0000000714d00000, 0x0000000714e00000|  0%| F|  |TAMS 0x0000000714d00000, 0x0000000714d00000| Untracked 
| 170|0x0000000714e00000, 0x0000000714e00000, 0x0000000714f00000|  0%| F|  |TAMS 0x0000000714e00000, 0x0000000714e00000| Untracked 
| 171|0x0000000714f00000, 0x0000000714f00000, 0x0000000715000000|  0%| F|  |TAMS 0x0000000714f00000, 0x0000000714f00000| Untracked 
| 172|0x0000000715000000, 0x0000000715000000, 0x0000000715100000|  0%| F|  |TAMS 0x0000000715000000, 0x0000000715000000| Untracked 
| 173|0x0000000715100000, 0x0000000715100000, 0x0000000715200000|  0%| F|  |TAMS 0x0000000715100000, 0x0000000715100000| Untracked 
| 174|0x0000000715200000, 0x0000000715200000, 0x0000000715300000|  0%| F|  |TAMS 0x0000000715200000, 0x0000000715200000| Untracked 
| 175|0x0000000715300000, 0x0000000715300000, 0x0000000715400000|  0%| F|  |TAMS 0x0000000715300000, 0x0000000715300000| Untracked 
| 176|0x0000000715400000, 0x0000000715400000, 0x0000000715500000|  0%| F|  |TAMS 0x0000000715400000, 0x0000000715400000| Untracked 
| 177|0x0000000715500000, 0x0000000715500000, 0x0000000715600000|  0%| F|  |TAMS 0x0000000715500000, 0x0000000715500000| Untracked 
| 178|0x0000000715600000, 0x0000000715600000, 0x0000000715700000|  0%| F|  |TAMS 0x0000000715600000, 0x0000000715600000| Untracked 
| 179|0x0000000715700000, 0x0000000715700000, 0x0000000715800000|  0%| F|  |TAMS 0x0000000715700000, 0x0000000715700000| Untracked 
| 180|0x0000000715800000, 0x0000000715800000, 0x0000000715900000|  0%| F|  |TAMS 0x0000000715800000, 0x0000000715800000| Untracked 
| 181|0x0000000715900000, 0x0000000715900000, 0x0000000715a00000|  0%| F|  |TAMS 0x0000000715900000, 0x0000000715900000| Untracked 
| 182|0x0000000715a00000, 0x0000000715a00000, 0x0000000715b00000|  0%| F|  |TAMS 0x0000000715a00000, 0x0000000715a00000| Untracked 
| 183|0x0000000715b00000, 0x0000000715b00000, 0x0000000715c00000|  0%| F|  |TAMS 0x0000000715b00000, 0x0000000715b00000| Untracked 
| 184|0x0000000715c00000, 0x0000000715c00000, 0x0000000715d00000|  0%| F|  |TAMS 0x0000000715c00000, 0x0000000715c00000| Untracked 
| 185|0x0000000715d00000, 0x0000000715d00000, 0x0000000715e00000|  0%| F|  |TAMS 0x0000000715d00000, 0x0000000715d00000| Untracked 
| 186|0x0000000715e00000, 0x0000000715e00000, 0x0000000715f00000|  0%| F|  |TAMS 0x0000000715e00000, 0x0000000715e00000| Untracked 
| 187|0x0000000715f00000, 0x0000000715f00000, 0x0000000716000000|  0%| F|  |TAMS 0x0000000715f00000, 0x0000000715f00000| Untracked 
| 188|0x0000000716000000, 0x0000000716000000, 0x0000000716100000|  0%| F|  |TAMS 0x0000000716000000, 0x0000000716000000| Untracked 
| 189|0x0000000716100000, 0x0000000716100000, 0x0000000716200000|  0%| F|  |TAMS 0x0000000716100000, 0x0000000716100000| Untracked 
| 190|0x0000000716200000, 0x0000000716200000, 0x0000000716300000|  0%| F|  |TAMS 0x0000000716200000, 0x0000000716200000| Untracked 
| 191|0x0000000716300000, 0x0000000716300000, 0x0000000716400000|  0%| F|  |TAMS 0x0000000716300000, 0x0000000716300000| Untracked 
| 192|0x0000000716400000, 0x0000000716400000, 0x0000000716500000|  0%| F|  |TAMS 0x0000000716400000, 0x0000000716400000| Untracked 
| 193|0x0000000716500000, 0x0000000716500000, 0x0000000716600000|  0%| F|  |TAMS 0x0000000716500000, 0x0000000716500000| Untracked 
| 194|0x0000000716600000, 0x0000000716600000, 0x0000000716700000|  0%| F|  |TAMS 0x0000000716600000, 0x0000000716600000| Untracked 
| 195|0x0000000716700000, 0x0000000716700000, 0x0000000716800000|  0%| F|  |TAMS 0x0000000716700000, 0x0000000716700000| Untracked 
| 196|0x0000000716800000, 0x0000000716800000, 0x0000000716900000|  0%| F|  |TAMS 0x0000000716800000, 0x0000000716800000| Untracked 
| 197|0x0000000716900000, 0x0000000716900000, 0x0000000716a00000|  0%| F|  |TAMS 0x0000000716900000, 0x0000000716900000| Untracked 
| 198|0x0000000716a00000, 0x0000000716a00000, 0x0000000716b00000|  0%| F|  |TAMS 0x0000000716a00000, 0x0000000716a00000| Untracked 
| 199|0x0000000716b00000, 0x0000000716b00000, 0x0000000716c00000|  0%| F|  |TAMS 0x0000000716b00000, 0x0000000716b00000| Untracked 
| 200|0x0000000716c00000, 0x0000000716c00000, 0x0000000716d00000|  0%| F|  |TAMS 0x0000000716c00000, 0x0000000716c00000| Untracked 
| 201|0x0000000716d00000, 0x0000000716d00000, 0x0000000716e00000|  0%| F|  |TAMS 0x0000000716d00000, 0x0000000716d00000| Untracked 
| 202|0x0000000716e00000, 0x0000000716e00000, 0x0000000716f00000|  0%| F|  |TAMS 0x0000000716e00000, 0x0000000716e00000| Untracked 
| 203|0x0000000716f00000, 0x0000000716f00000, 0x0000000717000000|  0%| F|  |TAMS 0x0000000716f00000, 0x0000000716f00000| Untracked 
| 204|0x0000000717000000, 0x0000000717000000, 0x0000000717100000|  0%| F|  |TAMS 0x0000000717000000, 0x0000000717000000| Untracked 
| 205|0x0000000717100000, 0x0000000717100000, 0x0000000717200000|  0%| F|  |TAMS 0x0000000717100000, 0x0000000717100000| Untracked 
| 206|0x0000000717200000, 0x0000000717200000, 0x0000000717300000|  0%| F|  |TAMS 0x0000000717200000, 0x0000000717200000| Untracked 
| 207|0x0000000717300000, 0x0000000717300000, 0x0000000717400000|  0%| F|  |TAMS 0x0000000717300000, 0x0000000717300000| Untracked 
| 208|0x0000000717400000, 0x0000000717400000, 0x0000000717500000|  0%| F|  |TAMS 0x0000000717400000, 0x0000000717400000| Untracked 
| 209|0x0000000717500000, 0x0000000717500000, 0x0000000717600000|  0%| F|  |TAMS 0x0000000717500000, 0x0000000717500000| Untracked 
| 210|0x0000000717600000, 0x0000000717600000, 0x0000000717700000|  0%| F|  |TAMS 0x0000000717600000, 0x0000000717600000| Untracked 
| 211|0x0000000717700000, 0x0000000717700000, 0x0000000717800000|  0%| F|  |TAMS 0x0000000717700000, 0x0000000717700000| Untracked 
| 212|0x0000000717800000, 0x0000000717800000, 0x0000000717900000|  0%| F|  |TAMS 0x0000000717800000, 0x0000000717800000| Untracked 
| 213|0x0000000717900000, 0x0000000717900000, 0x0000000717a00000|  0%| F|  |TAMS 0x0000000717900000, 0x0000000717900000| Untracked 
| 214|0x0000000717a00000, 0x0000000717a00000, 0x0000000717b00000|  0%| F|  |TAMS 0x0000000717a00000, 0x0000000717a00000| Untracked 
| 215|0x0000000717b00000, 0x0000000717b00000, 0x0000000717c00000|  0%| F|  |TAMS 0x0000000717b00000, 0x0000000717b00000| Untracked 
| 216|0x0000000717c00000, 0x0000000717c00000, 0x0000000717d00000|  0%| F|  |TAMS 0x0000000717c00000, 0x0000000717c00000| Untracked 
| 217|0x0000000717d00000, 0x0000000717d00000, 0x0000000717e00000|  0%| F|  |TAMS 0x0000000717d00000, 0x0000000717d00000| Untracked 
| 218|0x0000000717e00000, 0x0000000717e00000, 0x0000000717f00000|  0%| F|  |TAMS 0x0000000717e00000, 0x0000000717e00000| Untracked 
| 219|0x0000000717f00000, 0x0000000717f00000, 0x0000000718000000|  0%| F|  |TAMS 0x0000000717f00000, 0x0000000717f00000| Untracked 
| 220|0x0000000718000000, 0x0000000718000000, 0x0000000718100000|  0%| F|  |TAMS 0x0000000718000000, 0x0000000718000000| Untracked 
| 221|0x0000000718100000, 0x0000000718100000, 0x0000000718200000|  0%| F|  |TAMS 0x0000000718100000, 0x0000000718100000| Untracked 
| 222|0x0000000718200000, 0x0000000718200000, 0x0000000718300000|  0%| F|  |TAMS 0x0000000718200000, 0x0000000718200000| Untracked 
| 223|0x0000000718300000, 0x0000000718300000, 0x0000000718400000|  0%| F|  |TAMS 0x0000000718300000, 0x0000000718300000| Untracked 
| 224|0x0000000718400000, 0x0000000718400000, 0x0000000718500000|  0%| F|  |TAMS 0x0000000718400000, 0x0000000718400000| Untracked 
| 225|0x0000000718500000, 0x0000000718500000, 0x0000000718600000|  0%| F|  |TAMS 0x0000000718500000, 0x0000000718500000| Untracked 
| 226|0x0000000718600000, 0x0000000718600000, 0x0000000718700000|  0%| F|  |TAMS 0x0000000718600000, 0x0000000718600000| Untracked 
| 227|0x0000000718700000, 0x0000000718700000, 0x0000000718800000|  0%| F|  |TAMS 0x0000000718700000, 0x0000000718700000| Untracked 
| 228|0x0000000718800000, 0x0000000718800000, 0x0000000718900000|  0%| F|  |TAMS 0x0000000718800000, 0x0000000718800000| Untracked 
| 229|0x0000000718900000, 0x0000000718900000, 0x0000000718a00000|  0%| F|  |TAMS 0x0000000718900000, 0x0000000718900000| Untracked 
| 230|0x0000000718a00000, 0x0000000718b00000, 0x0000000718b00000|100%| E|  |TAMS 0x0000000718a00000, 0x0000000718a00000| Complete 
| 231|0x0000000718b00000, 0x0000000718c00000, 0x0000000718c00000|100%| E|CS|TAMS 0x0000000718b00000, 0x0000000718b00000| Complete 
| 232|0x0000000718c00000, 0x0000000718d00000, 0x0000000718d00000|100%| E|  |TAMS 0x0000000718c00000, 0x0000000718c00000| Complete 
| 233|0x0000000718d00000, 0x0000000718e00000, 0x0000000718e00000|100%| E|CS|TAMS 0x0000000718d00000, 0x0000000718d00000| Complete 
| 234|0x0000000718e00000, 0x0000000718f00000, 0x0000000718f00000|100%| E|CS|TAMS 0x0000000718e00000, 0x0000000718e00000| Complete 
| 235|0x0000000718f00000, 0x0000000719000000, 0x0000000719000000|100%| E|CS|TAMS 0x0000000718f00000, 0x0000000718f00000| Complete 
| 236|0x0000000719000000, 0x0000000719100000, 0x0000000719100000|100%| E|CS|TAMS 0x0000000719000000, 0x0000000719000000| Complete 
| 237|0x0000000719100000, 0x0000000719200000, 0x0000000719200000|100%| E|CS|TAMS 0x0000000719100000, 0x0000000719100000| Complete 
| 238|0x0000000719200000, 0x0000000719300000, 0x0000000719300000|100%| E|CS|TAMS 0x0000000719200000, 0x0000000719200000| Complete 
| 239|0x0000000719300000, 0x0000000719400000, 0x0000000719400000|100%| E|CS|TAMS 0x0000000719300000, 0x0000000719300000| Complete 
| 240|0x0000000719400000, 0x0000000719500000, 0x0000000719500000|100%| E|CS|TAMS 0x0000000719400000, 0x0000000719400000| Complete 
| 241|0x0000000719500000, 0x0000000719600000, 0x0000000719600000|100%| E|CS|TAMS 0x0000000719500000, 0x0000000719500000| Complete 
| 242|0x0000000719600000, 0x0000000719700000, 0x0000000719700000|100%| E|CS|TAMS 0x0000000719600000, 0x0000000719600000| Complete 
| 243|0x0000000719700000, 0x0000000719800000, 0x0000000719800000|100%| E|CS|TAMS 0x0000000719700000, 0x0000000719700000| Complete 
| 244|0x0000000719800000, 0x00000007198184a0, 0x0000000719900000|  9%| S|CS|TAMS 0x0000000719800000, 0x0000000719800000| Complete 
| 245|0x0000000719900000, 0x0000000719a00000, 0x0000000719a00000|100%| E|CS|TAMS 0x0000000719900000, 0x0000000719900000| Complete 

Card table byte_map: [0x000001e9b83c0000,0x000001e9b8b70000] _byte_map_base: 0x000001e9b4b6e000

Marking Bits (Prev, Next): (CMBitMap*) 0x000001e9a47a27a8, (CMBitMap*) 0x000001e9a47a27e0
 Prev Bits: [0x000001e9b9320000, 0x000001e9bd090000)
 Next Bits: [0x000001e9bd090000, 0x000001e9c0e00000)

Polling page: 0x000001e9a2700000

Metaspace:

Usage:
  Non-class:     17.41 MB capacity,    17.12 MB ( 98%) used,   245.59 KB (  1%) free+waste,    53.19 KB ( <1%) overhead. 
      Class:      2.09 MB capacity,     1.85 MB ( 89%) used,   217.55 KB ( 10%) free+waste,    27.75 KB (  1%) overhead. 
       Both:     19.50 MB capacity,    18.97 MB ( 97%) used,   463.13 KB (  2%) free+waste,    80.94 KB ( <1%) overhead. 

Virtual space:
  Non-class space:       18.00 MB reserved,      17.50 MB ( 97%) committed 
      Class space:        1.00 GB reserved,       2.13 MB ( <1%) committed 
             Both:        1.02 GB reserved,      19.63 MB (  2%) committed 

Chunk freelists:
   Non-Class:  25.00 KB
       Class:  4.00 KB
        Both:  29.00 KB

MaxMetaspaceSize: 17179869184.00 GB
CompressedClassSpaceSize: 1.00 GB
Initial GC threshold: 20.80 MB
Current GC threshold: 23.75 MB
CDS: off

CodeHeap 'non-profiled nmethods': size=119168Kb used=752Kb max_used=752Kb free=118415Kb
 bounds [0x000001e9aff30000, 0x000001e9b01a0000, 0x000001e9b7390000]
CodeHeap 'profiled nmethods': size=119168Kb used=4006Kb max_used=4006Kb free=115161Kb
 bounds [0x000001e9a8ad0000, 0x000001e9a8ec0000, 0x000001e9aff30000]
CodeHeap 'non-nmethods': size=7424Kb used=3399Kb max_used=3415Kb free=4024Kb
 bounds [0x000001e9a8390000, 0x000001e9a86f0000, 0x000001e9a8ad0000]
 total_blobs=2975 nmethods=1830 adapters=1055
 compilation: enabled
              stopped_count=0, restarted_count=0
 full_count=0

Compilation events (20 events):
Event: 1.874 Thread 0x000001e9c4856800 nmethod 1817 0x000001e9a8eae990 code [0x000001e9a8eaed20, 0x000001e9a8eb00c8]
Event: 1.874 Thread 0x000001e9c4856800 1824       3       java.util.regex.Matcher::start (65 bytes)
Event: 1.874 Thread 0x000001e9c55eb000 nmethod 1823 0x000001e9a8eb1010 code [0x000001e9a8eb11e0, 0x000001e9a8eb1448]
Event: 1.875 Thread 0x000001e9c49ce800 nmethod 1818 0x000001e9a8eb1610 code [0x000001e9a8eb1b00, 0x000001e9a8eb3dd8]
Event: 1.875 Thread 0x000001e9c55eb000 1825   !   3       jdk.internal.loader.URLClassPath$JarLoader::checkResource (78 bytes)
Event: 1.875 Thread 0x000001e9c4856800 nmethod 1824 0x000001e9a8eb4990 code [0x000001e9a8eb4c20, 0x000001e9a8eb56a8]
Event: 1.875 Thread 0x000001e9c49cd800 nmethod 1821 0x000001e9a8eb5a90 code [0x000001e9a8eb5e00, 0x000001e9a8eb72c8]
Event: 1.876 Thread 0x000001e9c55eb000 nmethod 1825 0x000001e9a8eb7a90 code [0x000001e9a8eb7ce0, 0x000001e9a8eb8708]
Event: 1.876 Thread 0x000001e9c49ce800 1826       3       sun.misc.Unsafe::putLong (11 bytes)
Event: 1.876 Thread 0x000001e9c49cd800 1827       3       org.lwjgl.system.MemoryUtil::memPutAddress (29 bytes)
Event: 1.876 Thread 0x000001e9c6ddb800 nmethod 1816 0x000001e9affe9210 code [0x000001e9affe93c0, 0x000001e9affe9658]
Event: 1.876 Thread 0x000001e9c49ce800 nmethod 1826 0x000001e9a8eb8b90 code [0x000001e9a8eb8d40, 0x000001e9a8eb8e38]
Event: 1.876 Thread 0x000001e9c6ddb800 1828       4       java.lang.Integer::toUnsignedLong (7 bytes)
Event: 1.876 Thread 0x000001e9c49cd800 nmethod 1827 0x000001e9a8eb8f10 code [0x000001e9a8eb90c0, 0x000001e9a8eb92b8]
Event: 1.876 Thread 0x000001e9c6ddb800 nmethod 1828 0x000001e9affe9910 code [0x000001e9affe9aa0, 0x000001e9affe9ad8]
Event: 1.876 Thread 0x000001e9c6ddb800 1829       4       sun.misc.Unsafe::putLong (11 bytes)
Event: 1.877 Thread 0x000001e9c49ce800 1831       3       java.util.jar.Manifest::getAttributes (14 bytes)
Event: 1.877 Thread 0x000001e9c6ddb800 nmethod 1829 0x000001e9affe9c10 code [0x000001e9affe9da0, 0x000001e9affe9e18]
Event: 1.877 Thread 0x000001e9c6ddb800 1830   !   4       jdk.internal.loader.URLClassPath$JarLoader::getResource (353 bytes)
Event: 1.877 Thread 0x000001e9c49ce800 nmethod 1831 0x000001e9a8eb9390 code [0x000001e9a8eb9560, 0x000001e9a8eb9848]

GC Heap History (6 events):
Event: 0.387 GC heap before
{Heap before GC invocations=0 (full 0):
 garbage-first heap   total 251904K, used 23552K [0x000000070a400000, 0x0000000800000000)
  region size 1024K, 24 young (24576K), 0 survivors (0K)
 Metaspace       used 6189K, capacity 6255K, committed 6528K, reserved 1056768K
  class space    used 503K, capacity 534K, committed 640K, reserved 1048576K
}
Event: 0.389 GC heap after
{Heap after GC invocations=1 (full 0):
 garbage-first heap   total 251904K, used 2795K [0x000000070a400000, 0x0000000800000000)
  region size 1024K, 3 young (3072K), 3 survivors (3072K)
 Metaspace       used 6189K, capacity 6255K, committed 6528K, reserved 1056768K
  class space    used 503K, capacity 534K, committed 640K, reserved 1048576K
}
Event: 1.212 GC heap before
{Heap before GC invocations=1 (full 0):
 garbage-first heap   total 251904K, used 103147K [0x000000070a400000, 0x0000000800000000)
  region size 1024K, 31 young (31744K), 3 survivors (3072K)
 Metaspace       used 13997K, capacity 14291K, committed 14592K, reserved 1062912K
  class space    used 1318K, capacity 1474K, committed 1536K, reserved 1048576K
}
Event: 1.220 GC heap after
{Heap after GC invocations=2 (full 0):
 garbage-first heap   total 251904K, used 42285K [0x000000070a400000, 0x0000000800000000)
  region size 1024K, 8 young (8192K), 8 survivors (8192K)
 Metaspace       used 13997K, capacity 14291K, committed 14592K, reserved 1062912K
  class space    used 1318K, capacity 1474K, committed 1536K, reserved 1048576K
}
Event: 1.268 GC heap before
{Heap before GC invocations=3 (full 0):
 garbage-first heap   total 251904K, used 108845K [0x000000070a400000, 0x0000000800000000)
  region size 1024K, 9 young (9216K), 8 survivors (8192K)
 Metaspace       used 14000K, capacity 14355K, committed 14592K, reserved 1062912K
  class space    used 1318K, capacity 1474K, committed 1536K, reserved 1048576K
}
Event: 1.274 GC heap after
{Heap after GC invocations=4 (full 0):
 garbage-first heap   total 251904K, used 75135K [0x000000070a400000, 0x0000000800000000)
  region size 1024K, 1 young (1024K), 1 survivors (1024K)
 Metaspace       used 14000K, capacity 14355K, committed 14592K, reserved 1062912K
  class space    used 1318K, capacity 1474K, committed 1536K, reserved 1048576K
}

Deoptimization events (20 events):
Event: 1.578 Thread 0x000001e9a473e000 Uncommon trap: trap_request=0xffffff4d fr.pc=0x000001e9affb5d4c relative=0x00000000000004cc
Event: 1.578 Thread 0x000001e9a473e000 Uncommon trap: reason=unstable_if action=reinterpret pc=0x000001e9affb5d4c method=jdk.internal.org.objectweb.asm.MethodWriter.visitVarInsn(II)V @ 15 c2
Event: 1.578 Thread 0x000001e9a473e000 DEOPT PACKING pc=0x000001e9affb5d4c sp=0x00000093187fb2e0
Event: 1.578 Thread 0x000001e9a473e000 DEOPT UNPACKING pc=0x000001e9a83da1af sp=0x00000093187fb298 mode 2
Event: 1.579 Thread 0x000001e9a473e000 Uncommon trap: trap_request=0xffffff4d fr.pc=0x000001e9aff8dc08 relative=0x0000000000000e48
Event: 1.579 Thread 0x000001e9a473e000 Uncommon trap: reason=unstable_if action=reinterpret pc=0x000001e9aff8dc08 method=java.lang.invoke.LambdaForm$Name.replaceNames([Ljava/lang/invoke/LambdaForm$Name;[Ljava/lang/invoke/LambdaForm$Name;II)Ljava/lang/invoke/LambdaForm$Name; @ 3 c2
Event: 1.579 Thread 0x000001e9a473e000 DEOPT PACKING pc=0x000001e9aff8dc08 sp=0x00000093187fb820
Event: 1.579 Thread 0x000001e9a473e000 DEOPT UNPACKING pc=0x000001e9a83da1af sp=0x00000093187fb7c0 mode 2
Event: 1.579 Thread 0x000001e9a473e000 Uncommon trap: trap_request=0xffffff45 fr.pc=0x000001e9affa08e0 relative=0x0000000000003640
Event: 1.579 Thread 0x000001e9a473e000 Uncommon trap: reason=unstable_fused_if action=reinterpret pc=0x000001e9affa08e0 method=jdk.internal.org.objectweb.asm.Frame.execute(IILjdk/internal/org/objectweb/asm/ClassWriter;Ljdk/internal/org/objectweb/asm/Item;)V @ 1 c2
Event: 1.579 Thread 0x000001e9a473e000 DEOPT PACKING pc=0x000001e9affa08e0 sp=0x00000093187fb380
Event: 1.579 Thread 0x000001e9a473e000 DEOPT UNPACKING pc=0x000001e9a83da1af sp=0x00000093187fb320 mode 2
Event: 1.633 Thread 0x000001e9a473e000 Uncommon trap: trap_request=0xffffff4d fr.pc=0x000001e9affc2990 relative=0x0000000000001a50
Event: 1.633 Thread 0x000001e9a473e000 Uncommon trap: reason=unstable_if action=reinterpret pc=0x000001e9affc2990 method=java.util.jar.JarFile.getVersionedEntry(Ljava/lang/String;Ljava/util/jar/JarEntry;)Ljava/util/jar/JarEntry; @ 67 c2
Event: 1.633 Thread 0x000001e9a473e000 DEOPT PACKING pc=0x000001e9affc2990 sp=0x00000093187fdad0
Event: 1.633 Thread 0x000001e9a473e000 DEOPT UNPACKING pc=0x000001e9a83da1af sp=0x00000093187fda78 mode 2
Event: 1.807 Thread 0x000001e9a473e000 Uncommon trap: trap_request=0xffffff4d fr.pc=0x000001e9affbaf68 relative=0x0000000000000ac8
Event: 1.807 Thread 0x000001e9a473e000 Uncommon trap: reason=unstable_if action=reinterpret pc=0x000001e9affbaf68 method=java.util.HashMap.hash(Ljava/lang/Object;)I @ 1 c2
Event: 1.807 Thread 0x000001e9a473e000 DEOPT PACKING pc=0x000001e9affbaf68 sp=0x00000093187feeb0
Event: 1.807 Thread 0x000001e9a473e000 DEOPT UNPACKING pc=0x000001e9a83da1af sp=0x00000093187fee30 mode 2

Classes redefined (0 events):
No events

Internal exceptions (20 events):
Event: 1.617 Thread 0x000001e9a473e000 Exception <a 'java/lang/NoSuchMethodError'{0x0000000719128f80}: 'int java.lang.invoke.DirectMethodHandle$Holder.invokeStaticInit(java.lang.Object, java.lang.Object, int, long)'> (0x0000000719128f80) thrown at [./src/hotspot/share/interpreter/linkResolver.cpp, line 773]
Event: 1.618 Thread 0x000001e9a473e000 Exception <a 'java/lang/NoSuchMethodError'{0x000000071912e128}: 'java.lang.Object java.lang.invoke.Invokers$Holder.linkToTargetMethod(java.lang.Object, int, java.lang.Object)'> (0x000000071912e128) thrown at [./src/hotspot/share/interpreter/linkResolver.cpp, line 773]
Event: 1.620 Thread 0x000001e9a473e000 Exception <a 'java/lang/NoSuchMethodError'{0x000000071913dd78}: 'int java.lang.invoke.DirectMethodHandle$Holder.invokeStaticInit(java.lang.Object, java.lang.Object, long, long)'> (0x000000071913dd78) thrown at [./src/hotspot/share/interpreter/linkResolver.cpp, line 773]
Event: 1.621 Thread 0x000001e9a473e000 Exception <a 'java/lang/NoSuchMethodError'{0x00000007191494d8}: 'java.lang.Object java.lang.invoke.Invokers$Holder.linkToTargetMethod(java.lang.Object, long, java.lang.Object)'> (0x00000007191494d8) thrown at [./src/hotspot/share/interpreter/linkResolver.cpp, line 773]
Event: 1.621 Thread 0x000001e9a473e000 Exception <a 'java/lang/NoSuchMethodError'{0x000000071914f810}: 'int java.lang.invoke.DirectMethodHandle$Holder.invokeStaticInit(java.lang.Object, java.lang.Object, java.lang.Object, long)'> (0x000000071914f810) thrown at [./src/hotspot/share/interpreter/linkResolver.cpp, line 773]
Event: 1.644 Thread 0x000001e9a473e000 Exception <a 'sun/nio/fs/WindowsException'{0x000000071902a380}> (0x000000071902a380) thrown at [./src/hotspot/share/prims/jni.cpp, line 616]
Event: 1.644 Thread 0x000001e9a473e000 Exception <a 'sun/nio/fs/WindowsException'{0x000000071902a400}> (0x000000071902a400) thrown at [./src/hotspot/share/prims/jni.cpp, line 616]
Event: 1.674 Thread 0x000001e9a473e000 Exception <a 'sun/nio/fs/WindowsException'{0x0000000718f8a590}> (0x0000000718f8a590) thrown at [./src/hotspot/share/prims/jni.cpp, line 616]
Event: 1.674 Thread 0x000001e9a473e000 Exception <a 'sun/nio/fs/WindowsException'{0x0000000718f8a610}> (0x0000000718f8a610) thrown at [./src/hotspot/share/prims/jni.cpp, line 616]
Event: 1.779 Thread 0x000001e9a473e000 Exception <a 'java/lang/NoSuchMethodError'{0x0000000718ecde08}: 'java.lang.Object java.lang.invoke.DirectMethodHandle$Holder.invokeStatic(java.lang.Object, int, java.lang.Object, java.lang.Object, java.lang.Object, java.lang.Object)'> (0x0000000718ecde08) thrown at [./src/hotspot/share/interpreter/linkResolver.cpp, line 773]
Event: 1.779 Thread 0x000001e9a473e000 Exception <a 'java/lang/NoSuchMethodError'{0x0000000718ed4ec8}: 'java.lang.Object java.lang.invoke.DirectMethodHandle$Holder.invokeStatic(java.lang.Object, int, java.lang.Object, java.lang.Object, java.lang.Object)'> (0x0000000718ed4ec8) thrown at [./src/hotspot/share/interpreter/linkResolver.cpp, line 773]
Event: 1.780 Thread 0x000001e9a473e000 Exception <a 'java/lang/NoSuchMethodError'{0x0000000718ed8a10}: 'java.lang.Object java.lang.invoke.DirectMethodHandle$Holder.invokeSpecial(java.lang.Object, java.lang.Object, int, java.lang.Object, java.lang.Object, java.lang.Object)'> (0x0000000718ed8a10) thrown at [./src/hotspot/share/interpreter/linkResolver.cpp, line 773]
Event: 1.782 Thread 0x000001e9a473e000 Exception <a 'java/lang/NoSuchMethodError'{0x0000000718ef0220}: 'java.lang.Object java.lang.invoke.DirectMethodHandle$Holder.invokeStatic(java.lang.Object, int, java.lang.Object)'> (0x0000000718ef0220) thrown at [./src/hotspot/share/interpreter/linkResolver.cpp, line 773]
Event: 1.800 Thread 0x000001e9a473e000 Exception <a 'java/lang/ClassNotFoundException'{0x0000000718d9dc88}: com/sun/swing/internal/plaf/metal/resources/spi/metalProvider> (0x0000000718d9dc88) thrown at [./src/hotspot/share/classfile/systemDictionary.cpp, line 231]
Event: 1.801 Thread 0x000001e9a473e000 Exception <a 'java/lang/ClassNotFoundException'{0x0000000718da1f28}: com/sun/swing/internal/plaf/basic/resources/spi/basicProvider> (0x0000000718da1f28) thrown at [./src/hotspot/share/classfile/systemDictionary.cpp, line 231]
Event: 1.807 Thread 0x000001e9a473e000 Implicit null exception at 0x000001e9affba4db to 0x000001e9affbaf4c
Event: 1.870 Thread 0x000001e9a473e000 Exception <a 'sun/nio/fs/WindowsException'{0x0000000718bba680}> (0x0000000718bba680) thrown at [./src/hotspot/share/prims/jni.cpp, line 616]
Event: 1.870 Thread 0x000001e9a473e000 Exception <a 'sun/nio/fs/WindowsException'{0x0000000718bba700}> (0x0000000718bba700) thrown at [./src/hotspot/share/prims/jni.cpp, line 616]
Event: 1.874 Thread 0x000001e9a473e000 Exception <a 'sun/nio/fs/WindowsException'{0x0000000718a61e18}> (0x0000000718a61e18) thrown at [./src/hotspot/share/prims/jni.cpp, line 616]
Event: 1.874 Thread 0x000001e9a473e000 Exception <a 'sun/nio/fs/WindowsException'{0x0000000718a61e98}> (0x0000000718a61e98) thrown at [./src/hotspot/share/prims/jni.cpp, line 616]

Events (20 events):
Event: 1.850 loading class com/patetlex/displayphoenix/gamely/ui/ext/GameGLFWPanel$1 done
Event: 1.851 loading class org/lwjgl/glfw/EventLoop
Event: 1.851 loading class org/lwjgl/glfw/EventLoop done
Event: 1.858 loading class org/lwjgl/opengl/GL11
Event: 1.858 loading class org/lwjgl/opengl/GL11 done
Event: 1.862 loading class org/lwjgl/opengl/GL
Event: 1.862 loading class org/lwjgl/opengl/GL done
Event: 1.863 loading class org/lwjgl/opengl/GL$ICD
Event: 1.863 loading class org/lwjgl/opengl/GL$ICD done
Event: 1.864 loading class org/lwjgl/opengl/GL$ICDStatic
Event: 1.864 loading class org/lwjgl/opengl/GL$ICDStatic done
Event: 1.871 Loaded shared library C:\Users\Owner\AppData\Local\Temp\lwjglOwner\3.3.1-build-7\lwjgl_opengl.dll
Event: 1.872 loading class org/lwjgl/opengl/GL$2
Event: 1.872 loading class org/lwjgl/opengl/GL$2 done
Event: 1.874 loading class org/lwjgl/opengl/GL$1
Event: 1.874 loading class org/lwjgl/opengl/GL$1 done
Event: 1.875 loading class org/lwjgl/system/SharedLibrary$Delegate
Event: 1.875 loading class org/lwjgl/system/SharedLibrary$Delegate done
Event: 1.876 loading class org/lwjgl/opengl/GL11C
Event: 1.876 loading class org/lwjgl/opengl/GL11C done


Dynamic libraries:
0x00007ff788cf0000 - 0x00007ff788cfa000 	C:\Program Files\JetBrains\IntelliJ IDEA Community Edition 2021.3\jbr\bin\java.exe
0x00007ffc7e6a0000 - 0x00007ffc7e8a9000 	C:\Windows\SYSTEM32\ntdll.dll
0x00007ffc7d9a0000 - 0x00007ffc7da5d000 	C:\Windows\System32\KERNEL32.DLL
0x00007ffc7bbe0000 - 0x00007ffc7bf5b000 	C:\Windows\System32\KERNELBASE.dll
0x00007ffc7bf60000 - 0x00007ffc7c071000 	C:\Windows\System32\ucrtbase.dll
0x00007ffc6e710000 - 0x00007ffc6e729000 	C:\Program Files\JetBrains\IntelliJ IDEA Community Edition 2021.3\jbr\bin\jli.dll
0x00007ffc6e6f0000 - 0x00007ffc6e707000 	C:\Program Files\JetBrains\IntelliJ IDEA Community Edition 2021.3\jbr\bin\VCRUNTIME140.dll
0x00007ffc7d020000 - 0x00007ffc7d1cd000 	C:\Windows\System32\USER32.dll
0x00007ffc6b0b0000 - 0x00007ffc6b355000 	C:\Windows\WinSxS\amd64_microsoft.windows.common-controls_6595b64144ccf1df_6.0.22000.120_none_9d947278b86cc467\COMCTL32.dll
0x00007ffc7c260000 - 0x00007ffc7c286000 	C:\Windows\System32\win32u.dll
0x00007ffc7c520000 - 0x00007ffc7c5c3000 	C:\Windows\System32\msvcrt.dll
0x00007ffc7dde0000 - 0x00007ffc7de09000 	C:\Windows\System32\GDI32.dll
0x00007ffc7c140000 - 0x00007ffc7c258000 	C:\Windows\System32\gdi32full.dll
0x00007ffc7c310000 - 0x00007ffc7c3ad000 	C:\Windows\System32\msvcp_win.dll
0x00007ffc7cf30000 - 0x00007ffc7cf61000 	C:\Windows\System32\IMM32.DLL
0x00007ffc6e430000 - 0x00007ffc6e4cd000 	C:\Program Files\JetBrains\IntelliJ IDEA Community Edition 2021.3\jbr\bin\msvcp140.dll
0x00007ffc0cf40000 - 0x00007ffc0dab6000 	C:\Program Files\JetBrains\IntelliJ IDEA Community Edition 2021.3\jbr\bin\server\jvm.dll
0x00007ffc7e5b0000 - 0x00007ffc7e65e000 	C:\Windows\System32\ADVAPI32.dll
0x00007ffc7de10000 - 0x00007ffc7deae000 	C:\Windows\System32\sechost.dll
0x00007ffc7dc60000 - 0x00007ffc7dd80000 	C:\Windows\System32\RPCRT4.dll
0x00007ffc7d990000 - 0x00007ffc7d998000 	C:\Windows\System32\PSAPI.DLL
0x00007ffc77b00000 - 0x00007ffc77b09000 	C:\Windows\SYSTEM32\WSOCK32.dll
0x00007ffc738d0000 - 0x00007ffc738da000 	C:\Windows\SYSTEM32\VERSION.dll
0x00007ffc789d0000 - 0x00007ffc78a03000 	C:\Windows\SYSTEM32\WINMM.dll
0x00007ffc7d1d0000 - 0x00007ffc7d23f000 	C:\Windows\System32\WS2_32.dll
0x00007ffc7ac60000 - 0x00007ffc7ac78000 	C:\Windows\SYSTEM32\kernel.appcore.dll
0x00007ffc6e7e0000 - 0x00007ffc6e7f1000 	C:\Program Files\JetBrains\IntelliJ IDEA Community Edition 2021.3\jbr\bin\verify.dll
0x00007ffc79540000 - 0x00007ffc79761000 	C:\Windows\SYSTEM32\DBGHELP.DLL
0x00007ffc78960000 - 0x00007ffc78991000 	C:\Windows\SYSTEM32\dbgcore.DLL
0x00007ffc7c290000 - 0x00007ffc7c30f000 	C:\Windows\System32\bcryptPrimitives.dll
0x00007ffc6e7b0000 - 0x00007ffc6e7d9000 	C:\Program Files\JetBrains\IntelliJ IDEA Community Edition 2021.3\jbr\bin\java.dll
0x00007ffc6e7a0000 - 0x00007ffc6e7ab000 	C:\Program Files\JetBrains\IntelliJ IDEA Community Edition 2021.3\jbr\bin\jimage.dll
0x00007ffc78ae0000 - 0x00007ffc78aef000 	C:\Program Files\JetBrains\IntelliJ IDEA Community Edition 2021.3\jbr\bin\instrument.dll
0x00007ffc36850000 - 0x00007ffc36868000 	C:\Program Files\JetBrains\IntelliJ IDEA Community Edition 2021.3\jbr\bin\zip.dll
0x00007ffc7c5d0000 - 0x00007ffc7cd88000 	C:\Windows\System32\SHELL32.dll
0x00007ffc79c60000 - 0x00007ffc7a4c5000 	C:\Windows\SYSTEM32\windows.storage.dll
0x00007ffc7d600000 - 0x00007ffc7d977000 	C:\Windows\System32\combase.dll
0x00007ffc79af0000 - 0x00007ffc79c56000 	C:\Windows\SYSTEM32\wintypes.dll
0x00007ffc7da60000 - 0x00007ffc7db4a000 	C:\Windows\System32\SHCORE.dll
0x00007ffc7d5a0000 - 0x00007ffc7d5fd000 	C:\Windows\System32\shlwapi.dll
0x00007ffc7baa0000 - 0x00007ffc7bac1000 	C:\Windows\SYSTEM32\profapi.dll
0x00007ffc21f00000 - 0x00007ffc21f1a000 	C:\Program Files\JetBrains\IntelliJ IDEA Community Edition 2021.3\jbr\bin\net.dll
0x00007ffc76180000 - 0x00007ffc7628c000 	C:\Windows\SYSTEM32\WINHTTP.dll
0x00007ffc7b100000 - 0x00007ffc7b167000 	C:\Windows\system32\mswsock.dll
0x00007ffc1e850000 - 0x00007ffc1e864000 	C:\Program Files\JetBrains\IntelliJ IDEA Community Edition 2021.3\jbr\bin\nio.dll
0x00007ffc6e170000 - 0x00007ffc6e18a000 	C:\Program Files\JetBrains\IntelliJ IDEA Community Edition 2021.3\bin\breakgen64.dll
0x00007ffc1a730000 - 0x00007ffc1a8d6000 	C:\Program Files\JetBrains\IntelliJ IDEA Community Edition 2021.3\jbr\bin\awt.dll
0x00007ffc7d400000 - 0x00007ffc7d4d6000 	C:\Windows\System32\OLEAUT32.dll
0x00007ffc79040000 - 0x00007ffc7906f000 	C:\Windows\SYSTEM32\dwmapi.dll
0x00007ffc78c00000 - 0x00007ffc78c92000 	C:\Windows\SYSTEM32\apphelp.dll
0x00007ffc78d80000 - 0x00007ffc78e2c000 	C:\Windows\system32\uxtheme.dll
0x00007ffc7deb0000 - 0x00007ffc7dfcd000 	C:\Windows\System32\MSCTF.dll
0x00007ffc7cd90000 - 0x00007ffc7cf2a000 	C:\Windows\System32\ole32.dll
0x00007ffc17650000 - 0x00007ffc1777b000 	C:\Users\Owner\AppData\Local\Screencast-O-Matic-v2\SOMNative-x64-3.0.68.dll
0x00007ffc6e6e0000 - 0x00007ffc6e6e8000 	C:\Program Files\JetBrains\IntelliJ IDEA Community Edition 2021.3\jbr\bin\jawt.dll
0x00007ffc38080000 - 0x00007ffc381a9000 	C:\Program Files\JetBrains\IntelliJ IDEA Community Edition 2021.3\jbr\bin\chrome_elf.dll
0x00007ffc7b620000 - 0x00007ffc7b62c000 	C:\Windows\SYSTEM32\CRYPTBASE.DLL
0x00007ffbc1640000 - 0x00007ffbca69b000 	C:\Program Files\JetBrains\IntelliJ IDEA Community Edition 2021.3\jbr\bin\libcef.dll
0x00007ffc7bb70000 - 0x00007ffc7bbd8000 	C:\Windows\System32\WINTRUST.dll
0x00007ffc7c3b0000 - 0x00007ffc7c512000 	C:\Windows\System32\CRYPT32.dll
0x00007ffc7a720000 - 0x00007ffc7a74d000 	C:\Windows\SYSTEM32\IPHLPAPI.DLL
0x00007ffc74a30000 - 0x00007ffc74cb0000 	C:\Windows\SYSTEM32\d3d11.dll
0x00007ffc78ee0000 - 0x00007ffc78fd3000 	C:\Windows\SYSTEM32\dxgi.dll
0x00007ffc7db70000 - 0x00007ffc7dc5c000 	C:\Windows\System32\COMDLG32.dll
0x00007ffc57840000 - 0x00007ffc57c7d000 	C:\Windows\SYSTEM32\UIAutomationCore.DLL
0x00007ffc68a90000 - 0x00007ffc68af9000 	C:\Windows\SYSTEM32\OLEACC.dll
0x00007ffc695a0000 - 0x00007ffc695ac000 	C:\Windows\SYSTEM32\Secur32.dll
0x00007ffc7b1f0000 - 0x00007ffc7b219000 	C:\Windows\SYSTEM32\USERENV.dll
0x00007ffc66b00000 - 0x00007ffc66b19000 	C:\Windows\SYSTEM32\NETAPI32.dll
0x00007ffc775c0000 - 0x00007ffc775d4000 	C:\Windows\SYSTEM32\WTSAPI32.dll
0x00007ffc7a4d0000 - 0x00007ffc7a4de000 	C:\Windows\SYSTEM32\HID.DLL
0x00007ffc6cac0000 - 0x00007ffc6cd1f000 	C:\Windows\SYSTEM32\DWrite.dll
0x00007ffc797c0000 - 0x00007ffc798b7000 	C:\Windows\SYSTEM32\PROPSYS.dll
0x00007ffc5a0a0000 - 0x00007ffc5a13b000 	C:\Windows\SYSTEM32\WINSPOOL.DRV
0x00007ffc2eb70000 - 0x00007ffc2eb89000 	C:\Windows\SYSTEM32\USP10.dll
0x00007ffc11e50000 - 0x00007ffc11ff6000 	C:\Windows\SYSTEM32\d3d9.dll
0x00007ffc78b80000 - 0x00007ffc78b9a000 	C:\Windows\SYSTEM32\credui.dll
0x00007ffc37630000 - 0x00007ffc37655000 	C:\Windows\SYSTEM32\dxva2.dll
0x00007ffc736e0000 - 0x00007ffc738cf000 	C:\Windows\SYSTEM32\urlmon.dll
0x00007ffc28a90000 - 0x00007ffc28aed000 	C:\Windows\SYSTEM32\CRYPTUI.dll
0x00007ffc75020000 - 0x00007ffc7503e000 	C:\Windows\SYSTEM32\dhcpcsvc.DLL
0x00007ffc778b0000 - 0x00007ffc7790f000 	C:\Windows\SYSTEM32\wevtapi.dll
0x00007ffc7b490000 - 0x00007ffc7b4b8000 	C:\Windows\SYSTEM32\ncrypt.dll
0x00007ffc66450000 - 0x00007ffc6694a000 	C:\Windows\SYSTEM32\WININET.dll
0x00007ffc5aae0000 - 0x00007ffc5aeab000 	C:\Windows\SYSTEM32\ESENT.dll
0x00007ffc73380000 - 0x00007ffc73633000 	C:\Windows\SYSTEM32\iertutil.dll
0x00007ffc7a710000 - 0x00007ffc7a71c000 	C:\Windows\SYSTEM32\netutils.dll
0x00007ffc738e0000 - 0x00007ffc73908000 	C:\Windows\SYSTEM32\srvcli.dll
0x00007ffc7b4c0000 - 0x00007ffc7b4e7000 	C:\Windows\SYSTEM32\bcrypt.dll
0x00007ffc78ea0000 - 0x00007ffc78ed8000 	C:\Windows\SYSTEM32\dxcore.dll
0x00007ffc7aef0000 - 0x00007ffc7af32000 	C:\Windows\SYSTEM32\SSPICLI.DLL
0x00007ffc73910000 - 0x00007ffc7392a000 	C:\Windows\SYSTEM32\WKSCLI.DLL
0x00007ffc6b050000 - 0x00007ffc6b069000 	C:\Windows\SYSTEM32\SAMCLI.DLL
0x00007ffc7b390000 - 0x00007ffc7b3a2000 	C:\Windows\SYSTEM32\MSASN1.dll
0x00007ffc7b450000 - 0x00007ffc7b487000 	C:\Windows\SYSTEM32\NTASN1.dll
0x00007ffc37f00000 - 0x00007ffc38077000 	C:\Program Files\JetBrains\IntelliJ IDEA Community Edition 2021.3\jbr\bin\jcef.dll
0x0000000070e80000 - 0x0000000070e94000 	C:\Users\Owner\AppData\Local\Temp\JNativeHook-2.1.0.x86_64.dll
0x00007ffbf88d0000 - 0x00007ffbfb916000 	C:\Users\Owner\AppData\Local\Temp\exampleapp_opencv_java451.dll
0x00007ffc66950000 - 0x00007ffc669db000 	C:\Windows\SYSTEM32\MF.dll
0x00007ffc11cc0000 - 0x00007ffc11de0000 	C:\Windows\SYSTEM32\MFReadWrite.dll
0x00007ffc753d0000 - 0x00007ffc7559e000 	C:\Windows\SYSTEM32\MFPlat.DLL
0x00007ffc7b7f0000 - 0x00007ffc7b83c000 	C:\Windows\SYSTEM32\cfgmgr32.dll
0x00007ffc65fc0000 - 0x00007ffc66396000 	C:\Windows\SYSTEM32\MFCORE.DLL
0x00007ffc75270000 - 0x00007ffc752a2000 	C:\Windows\SYSTEM32\RTWorkQ.DLL
0x00007ffc6e0f0000 - 0x00007ffc6e165000 	C:\Users\Owner\AppData\Local\Temp\lwjglOwner\3.3.1-build-7\lwjgl.dll
0x00007ffc37a50000 - 0x00007ffc37ca9000 	C:\Users\Owner\AppData\Local\Temp\lwjglOwner\3.3.1-build-7\jemalloc.dll
0x00007ffc51310000 - 0x00007ffc51371000 	C:\Users\Owner\AppData\Local\Temp\lwjglOwner\3.3.1-build-7\glfw.dll
0x00007ffc2bf50000 - 0x00007ffc2c051000 	C:\Windows\system32\opengl32.dll
0x00007ffc2eb40000 - 0x00007ffc2eb6d000 	C:\Windows\SYSTEM32\GLU32.dll
0x00007ffc71250000 - 0x00007ffc71408000 	C:\Windows\System32\DriverStore\FileRepository\u0371630.inf_amd64_a96c9babfd295d6e\B371320\aticfx64.dll
0x00007ffc27e60000 - 0x00007ffc27e94000 	C:\Windows\System32\DriverStore\FileRepository\u0371630.inf_amd64_a96c9babfd295d6e\B371320\atiu9p64.dll
0x00007ffc18f90000 - 0x00007ffc19ce4000 	C:\Windows\System32\DriverStore\FileRepository\u0371630.inf_amd64_a96c9babfd295d6e\B371320\atiumd64.dll
0x000000005cab0000 - 0x000000005d925000 	C:\Windows\System32\DriverStore\FileRepository\u0371630.inf_amd64_a96c9babfd295d6e\B371320\atiumd6a.dll
0x00007ffc7e140000 - 0x00007ffc7e5ac000 	C:\Windows\System32\SETUPAPI.dll
0x00007ffc7b8a0000 - 0x00007ffc7b8ed000 	C:\Windows\SYSTEM32\POWRPROF.dll
0x00007ffc7b880000 - 0x00007ffc7b893000 	C:\Windows\SYSTEM32\UMPDC.dll
0x00007ffc6f200000 - 0x00007ffc6f230000 	C:\Windows\SYSTEM32\amdihk64.dll
0x00007ffc76040000 - 0x00007ffc76084000 	C:\Windows\SYSTEM32\directxdatabasehelper.dll
0x00007ffc7ac80000 - 0x00007ffc7acb4000 	C:\Windows\SYSTEM32\ntmarta.dll
0x00007ffc32370000 - 0x00007ffc323b5000 	C:\Windows\SYSTEM32\dinput8.dll
0x00007ffc6e0d0000 - 0x00007ffc6e0e1000 	C:\Windows\SYSTEM32\xinput1_4.dll
0x00007ffc7b7c0000 - 0x00007ffc7b7ec000 	C:\Windows\SYSTEM32\DEVOBJ.dll
0x00007ffc6d240000 - 0x00007ffc6d409000 	C:\Windows\SYSTEM32\inputhost.dll
0x00007ffc78660000 - 0x00007ffc78791000 	C:\Windows\SYSTEM32\CoreMessaging.dll
0x00007ffc512b0000 - 0x00007ffc5130d000 	C:\Users\Owner\AppData\Local\Temp\lwjglOwner\3.3.1-build-7\lwjgl_opengl.dll

dbghelp: loaded successfully - version: 4.0.5 - missing functions: none
symbol engine: initialized successfully - sym options: 0x614 - pdb path: .;C:\Program Files\JetBrains\IntelliJ IDEA Community Edition 2021.3\jbr\bin;C:\Windows\SYSTEM32;C:\Windows\WinSxS\amd64_microsoft.windows.common-controls_6595b64144ccf1df_6.0.22000.120_none_9d947278b86cc467;C:\Program Files\JetBrains\IntelliJ IDEA Community Edition 2021.3\jbr\bin\server;C:\Program Files\JetBrains\IntelliJ IDEA Community Edition 2021.3\bin;C:\Users\Owner\AppData\Local\Screencast-O-Matic-v2;C:\Users\Owner\AppData\Local\Temp;C:\Users\Owner\AppData\Local\Temp\lwjglOwner\3.3.1-build-7;C:\Windows\System32\DriverStore\FileRepository\u0371630.inf_amd64_a96c9babfd295d6e\B371320

VM Arguments:
jvm_args: -javaagent:C:\Program Files\JetBrains\IntelliJ IDEA Community Edition 2021.3\lib\idea_rt.jar=62823:C:\Program Files\JetBrains\IntelliJ IDEA Community Edition 2021.3\bin -Dfile.encoding=UTF-8 
java_command: com.patetlex.displayphoenix.Application
java_class_path (initial): C:\Users\Owner\AppData\Local\Temp\classpath761106116.jar
Launcher Type: SUN_STANDARD

[Global flags]
     intx CICompilerCount                          = 12                                        {product} {ergonomic}
     uint ConcGCThreads                            = 3                                         {product} {ergonomic}
     uint G1ConcRefinementThreads                  = 13                                        {product} {ergonomic}
   size_t G1HeapRegionSize                         = 1048576                                   {product} {ergonomic}
    uintx GCDrainStackTargetSize                   = 64                                        {product} {ergonomic}
   size_t InitialHeapSize                          = 257949696                                 {product} {ergonomic}
   size_t MarkStackSize                            = 4194304                                   {product} {ergonomic}
   size_t MaxHeapSize                              = 4123000832                                {product} {ergonomic}
   size_t MaxNewSize                               = 2473590784                                {product} {ergonomic}
   size_t MinHeapDeltaBytes                        = 1048576                                   {product} {ergonomic}
    uintx NonNMethodCodeHeapSize                   = 7594288                                {pd product} {ergonomic}
    uintx NonProfiledCodeHeapSize                  = 122031976                              {pd product} {ergonomic}
    uintx ProfiledCodeHeapSize                     = 122031976                              {pd product} {ergonomic}
    uintx ReservedCodeCacheSize                    = 251658240                              {pd product} {ergonomic}
     bool SegmentedCodeCache                       = true                                      {product} {ergonomic}
     bool UseCompressedClassPointers               = true                                 {lp64_product} {ergonomic}
     bool UseCompressedOops                        = true                                 {lp64_product} {ergonomic}
     bool UseG1GC                                  = true                                      {product} {ergonomic}
     bool UseLargePagesIndividualAllocation        = false                                  {pd product} {ergonomic}

Logging:
Log output configuration:
 #0: stdout all=warning uptime,level,tags
 #1: stderr all=off uptime,level,tags

Environment Variables:
JAVA_HOME=C:\Program Files (x86)\Java\jdk1.8.0_281
PATH=C:\Program Files (x86)\Common Files\Oracle\Java\javapath;C:\Windows\system32;C:\Windows;C:\Windows\System32\Wbem;C:\Windows\System32\WindowsPowerShell\v1.0\;C:\Windows\System32\OpenSSH\;C:\Program Files (x86)\AdoptOpenJDK\jdk-8.0.232.09-hotspot;C:\Program Files\dotnet\;C:\Program Files\nodejs\;C:\Users\Owner\AppData\Local\Microsoft\WindowsApps;C:\Program Files\JetBrains\IntelliJ IDEA Community Edition 2021.3\bin;;C:\ProgramData\Owner\GitHubDesktop\bin;C:\Users\Owner\AppData\Local\GitHubDesktop\bin;C:\Users\Owner\AppData\Roaming\npm
USERNAME=Owner
OS=Windows_NT
PROCESSOR_IDENTIFIER=AMD64 Family 23 Model 104 Stepping 1, AuthenticAMD



---------------  S Y S T E M  ---------------

OS: Windows 11 , 64 bit Build 22000 (10.0.22000.708)
OS uptime: 13 days 23:27 hours

CPU:total 16 (initial active 16) (16 cores per cpu, 2 threads per core) family 23 model 104 stepping 1 microcode 0x0, cmov, cx8, fxsr, mmx, sse, sse2, sse3, ssse3, sse4.1, sse4.2, popcnt, avx, avx2, aes, clmul, mmxext, 3dnowpref, lzcnt, sse4a, ht, tsc, tscinvbit, tscinv, bmi1, bmi2, adx, sha, fma

Memory: 4k page, system-wide physical 15720M (5920M free)
TotalPageFile size 20381M (AvailPageFile size 6958M)
current process WorkingSet (physical memory assigned to process): 293M, peak: 305M
current process commit charge ("private bytes"): 431M, peak: 431M

vm_info: OpenJDK 64-Bit Server VM (11.0.13+7-b1751.19) for windows-amd64 JRE (11.0.13+7-b1751.19), built on Nov  9 2021 11:31:28 by "" with MS VC++ 14.0 (VS2015)

END.
