#
# A fatal error has been detected by the Java Runtime Environment:
#
#  EXCEPTION_ACCESS_VIOLATION (0xc0000005) at pc=0x00007ffc3e10c4a9, pid=12476, tid=20468
#
# JRE version: OpenJDK Runtime Environment JBR-11.0.13.7-1751.19-jcef (11.0.13+7) (build 11.0.13+7-b1751.19)
# Java VM: OpenJDK 64-Bit Server VM JBR-11.0.13.7-1751.19-jcef (11.0.13+7-b1751.19, mixed mode, tiered, compressed oops, g1 gc, windows-amd64)
# Problematic frame:
# C  [lwjgl_opengl.dll+0xc4a9]
#
# No core dump will be written. Minidumps are not enabled by default on client versions of Windows
#
# If you would like to submit a bug report, please visit:
#   https://bugreport.java.com/bugreport/crash.jsp
# The crash happened outside the Java Virtual Machine in native code.
# See problematic frame for where to report the bug.
#

---------------  S U M M A R Y ------------

Command Line: -javaagent:C:\Program Files\JetBrains\IntelliJ IDEA Community Edition 2021.3\lib\idea_rt.jar=54552:C:\Program Files\JetBrains\IntelliJ IDEA Community Edition 2021.3\bin -Dfile.encoding=UTF-8 com.patetlex.displayphoenix.Application

Host: AMD Ryzen 7 5700U with Radeon Graphics         , 16 cores, 15G,  Windows 11 , 64 bit Build 22000 (10.0.22000.708)
Time: Sun Nov  6 20:15:57 2022 Eastern Standard Time elapsed time: 1.804761 seconds (0d 0h 0m 1s)

---------------  T H R E A D  ---------------

Current thread (0x000001acf1d6c800):  JavaThread "main" [_thread_in_native, id=20468, stack(0x0000009bb6500000,0x0000009bb6600000)]

Stack: [0x0000009bb6500000,0x0000009bb6600000],  sp=0x0000009bb65feb58,  free space=1018k
Native frames: (J=compiled Java code, j=interpreted, Vv=VM code, C=native code)
C  [lwjgl_opengl.dll+0xc4a9]

Java frames: (J=compiled Java code, j=interpreted, Vv=VM code)
j  org.lwjgl.opengl.GL11C.glClearColor(FFFF)V+0
j  org.lwjgl.opengl.GL11.glClearColor(FFFF)V+4
j  com.patetlex.displayphoenix.gamely.engine.impl.GameEngine3D.setupGLFW(Lcom/patetlex/displayphoenix/gamely/ui/ext/GameGLFWPanel;)V+53
j  com.patetlex.displayphoenix.Application$1.setupGLFW(Lcom/patetlex/displayphoenix/gamely/ui/ext/GameGLFWPanel;)V+2
j  com.patetlex.displayphoenix.gamely.engine.impl.GameEngine3D.start(Lcom/patetlex/displayphoenix/gamely/ui/GamePanel;)V+22
j  com.patetlex.displayphoenix.gamely.ui.GamePanel.<init>(Ljava/awt/Dimension;Lcom/patetlex/displayphoenix/gamely/engine/GameEngine;)V+51
j  com.patetlex.displayphoenix.gamely.ui.ext.GameGLFWPanel.<init>(Ljava/awt/Dimension;Lcom/patetlex/displayphoenix/gamely/engine/GameEngine;)V+3
j  com.patetlex.displayphoenix.Application.lambda$main$0(Lcom/patetlex/displayphoenix/ui/ApplicationFrame;)V+33
j  com.patetlex.displayphoenix.Application$$Lambda$77.creation(Lcom/patetlex/displayphoenix/ui/ApplicationFrame;)V+1
j  com.patetlex.displayphoenix.ui.ApplicationFrame.open(Lcom/patetlex/displayphoenix/ui/ApplicationFrame;)V+65
j  com.patetlex.displayphoenix.ui.ApplicationFrame.open()V+1
j  com.patetlex.displayphoenix.Application.openWindow(Ljava/lang/String;ILcom/patetlex/displayphoenix/Application$IOpenWindow;IIZ)Lcom/patetlex/displayphoenix/ui/ApplicationFrame;+45
j  com.patetlex.displayphoenix.Application.openWindow(ILcom/patetlex/displayphoenix/Application$IOpenWindow;)Lcom/patetlex/displayphoenix/ui/ApplicationFrame;+23
j  com.patetlex.displayphoenix.Application.openWindow(Lcom/patetlex/displayphoenix/Application$IOpenWindow;)Lcom/patetlex/displayphoenix/ui/ApplicationFrame;+2
j  com.patetlex.displayphoenix.Application.main([Ljava/lang/String;)V+82
v  ~StubRoutines::call_stub

siginfo: EXCEPTION_ACCESS_VIOLATION (0xc0000005), reading address 0x0000000000000070


Register to memory mapping:

RIP=0x00007ffc3e10c4a9 lwjgl_opengl.dll
RAX=0x000001ac958e5a00 points into unknown readable memory: 0x0000000000000000 | 00 00 00 00 00 00 00 00
RBX={method} {0x000001ac9d565a60} 'glClearColor' '(FFFF)V' in 'org/lwjgl/opengl/GL11C'
RCX=0x0 is NULL
RDX=0x0000009bb65febf8 is pointing into the stack for thread: 0x000001acf1d6c800
RSP=0x0000009bb65feb58 is pointing into the stack for thread: 0x000001acf1d6c800
RBP=0x0000009bb65febe8 is pointing into the stack for thread: 0x000001acf1d6c800
RSI=0x00000000000001d0 is an unknown value
RDI=0x000001ac8000a527 is at code_begin+2343 in an Interpreter codelet
invoke return entry points  [0x000001ac80009c00, 0x000001ac8000a600]  2560 bytes
R8 =0x0000000000000008 is an unknown value
R9 =0x000001acf1d52300 points into unknown readable memory: 0x0000003c00000001 | 01 00 00 00 3c 00 00 00
R10=0x000001ac8000f748 is at code_begin+1000 in an Interpreter codelet
method entry point (kind = native)  [0x000001ac8000f360, 0x000001ac8000fe00]  2720 bytes
R11=0x00000007188adb50 is an oop: java.lang.Class 
{0x00000007188adb50} - klass: 'java/lang/Class'
R12=0x0 is NULL
R13=0x000001ac9d565a50 is pointing into metadata
R14=0x0000009bb65fec20 is pointing into the stack for thread: 0x000001acf1d6c800
R15=0x000001acf1d6c800 is a thread


Registers:
RAX=0x000001ac958e5a00, RBX=0x000001ac9d565a58, RCX=0x0000000000000000, RDX=0x0000009bb65febf8
RSP=0x0000009bb65feb58, RBP=0x0000009bb65febe8, RSI=0x00000000000001d0, RDI=0x000001ac8000a527
R8 =0x0000000000000008, R9 =0x000001acf1d52300, R10=0x000001ac8000f748, R11=0x00000007188adb50
R12=0x0000000000000000, R13=0x000001ac9d565a50, R14=0x0000009bb65fec20, R15=0x000001acf1d6c800
RIP=0x00007ffc3e10c4a9, EFLAGS=0x0000000000010202

Top of Stack: (sp=0x0000009bb65feb58)
0x0000009bb65feb58:   000001ac8000f777 000001ac8000a527
0x0000009bb65feb68:   000001ac8000f45c 000001ac9d565a58
0x0000009bb65feb78:   0000009bb65febe8 000000003f800000
0x0000009bb65feb88:   000000003f800000 0000009bb65ff498
0x0000009bb65feb98:   000001ac8000f416 0000009bb65feba0
0x0000009bb65feba8:   000001ac9d565a50 0000009bb65fec20
0x0000009bb65febb8:   000001ac9d570f18 0000000000000000
0x0000009bb65febc8:   00000007188adb50 000001ac9d565a58
0x0000009bb65febd8:   0000000000000000 0000009bb65fec08
0x0000009bb65febe8:   0000009bb65fec70 000001ac8000a527
0x0000009bb65febf8:   00000007188adb50 000001ac8000c6f8
0x0000009bb65fec08:   0000009b3f800000 000000003f800000
0x0000009bb65fec18:   000001ac3f800000 000001ac3f800000
0x0000009bb65fec28:   0000009bb65fec28 000001ac9d52af34
0x0000009bb65fec38:   0000009bb65fec98 000001ac9d556048
0x0000009bb65fec48:   0000000000000000 0000000718bb9f20 

Instructions: (pc=0x00007ffc3e10c4a9)
0x00007ffc3e10c3a9:   cc cc cc cc cc cc cc 48 8b 01 49 8b c8 48 8b 50
0x00007ffc3e10c3b9:   18 48 ff a2 60 0a 00 00 cc cc cc cc cc cc cc cc
0x00007ffc3e10c3c9:   cc cc cc cc cc cc cc 48 8b 01 49 8b c8 48 8b 50
0x00007ffc3e10c3d9:   18 48 ff a2 68 0a 00 00 cc cc cc cc cc cc cc cc
0x00007ffc3e10c3e9:   cc cc cc cc cc cc cc 40 53 48 8b 01 41 8b d8 44
0x00007ffc3e10c3f9:   8b 44 24 30 41 8b d1 4c 8b 4c 24 38 8b cb 4c 8b
0x00007ffc3e10c409:   50 18 5b 49 ff a2 70 0a 00 00 cc cc cc cc cc cc
0x00007ffc3e10c419:   cc cc cc cc cc cc cc 48 8b 01 41 8b c8 48 8b 50
0x00007ffc3e10c429:   18 48 ff 22 cc cc cc 48 8b 01 41 8b c8 48 8b 50
0x00007ffc3e10c439:   18 48 ff 62 08 cc cc 48 8b 01 41 8b d1 41 8b c8
0x00007ffc3e10c449:   4c 8b 50 18 49 ff 62 38 cc cc cc cc cc cc cc cc
0x00007ffc3e10c459:   cc cc cc cc cc cc cc 48 8b 01 41 8b d1 41 8b c8
0x00007ffc3e10c469:   4c 8b 50 18 49 ff 62 48 cc cc cc cc cc cc cc cc
0x00007ffc3e10c479:   cc cc cc cc cc cc cc 48 8b 01 41 8b c8 48 8b 50
0x00007ffc3e10c489:   18 48 ff 62 60 cc cc 48 8b 01 0f 28 cb f3 0f 10
0x00007ffc3e10c499:   5c 24 30 0f 28 c2 f3 0f 10 54 24 28 48 8b 48 18
0x00007ffc3e10c4a9:   48 ff 61 70 cc cc cc 48 8b 01 0f 28 c2 48 8b 48
0x00007ffc3e10c4b9:   18 48 ff 61 78 cc cc 48 8b 01 41 8b c8 48 8b 50
0x00007ffc3e10c4c9:   18 48 ff a2 88 00 00 00 cc cc cc cc cc cc cc cc
0x00007ffc3e10c4d9:   cc cc cc cc cc cc cc 40 53 48 8b 01 41 0f b6 d8
0x00007ffc3e10c4e9:   44 0f b6 44 24 30 41 0f b6 d1 44 0f b6 4c 24 38
0x00007ffc3e10c4f9:   0f b6 cb 4c 8b 50 18 5b 49 ff a2 98 01 00 00 cc
0x00007ffc3e10c509:   cc cc cc cc cc cc cc 48 8b 01 41 8b c8 48 8b 50
0x00007ffc3e10c519:   18 48 ff a2 b8 01 00 00 cc cc cc cc cc cc cc cc
0x00007ffc3e10c529:   cc cc cc cc cc cc cc 48 8b 01 41 8b c8 48 8b 50
0x00007ffc3e10c539:   18 48 ff a2 c8 01 00 00 cc cc cc cc cc cc cc cc
0x00007ffc3e10c549:   cc cc cc cc cc cc cc 48 8b 01 41 0f b6 c8 48 8b
0x00007ffc3e10c559:   50 18 48 ff a2 d0 01 00 00 cc cc cc cc cc cc cc
0x00007ffc3e10c569:   cc cc cc cc cc cc cc 48 8b 01 0f 28 cb 0f 28 c2
0x00007ffc3e10c579:   48 8b 48 18 48 ff a1 d8 01 00 00 cc cc cc cc cc
0x00007ffc3e10c589:   cc cc cc cc cc cc cc 48 8b 01 45 8b d8 44 8b 44
0x00007ffc3e10c599:   24 28 41 8b d1 41 8b cb 4c 8b 50 18 49 ff a2 e8 


Stack slot to memory mapping:
stack at sp + 0 slots: 0x000001ac8000f777 is at code_begin+1047 in an Interpreter codelet
method entry point (kind = native)  [0x000001ac8000f360, 0x000001ac8000fe00]  2720 bytes
stack at sp + 1 slots: 0x000001ac8000a527 is at code_begin+2343 in an Interpreter codelet
invoke return entry points  [0x000001ac80009c00, 0x000001ac8000a600]  2560 bytes
stack at sp + 2 slots: 0x000001ac8000f45c is at code_begin+252 in an Interpreter codelet
method entry point (kind = native)  [0x000001ac8000f360, 0x000001ac8000fe00]  2720 bytes
stack at sp + 3 slots: {method} {0x000001ac9d565a60} 'glClearColor' '(FFFF)V' in 'org/lwjgl/opengl/GL11C'
stack at sp + 4 slots: 0x0000009bb65febe8 is pointing into the stack for thread: 0x000001acf1d6c800
stack at sp + 5 slots: 0x000000003f800000 is an unknown value
stack at sp + 6 slots: 0x000000003f800000 is an unknown value
stack at sp + 7 slots: 0x0000009bb65ff498 is pointing into the stack for thread: 0x000001acf1d6c800


---------------  P R O C E S S  ---------------

Threads class SMR info:
_java_thread_list=0x000001ac95745140, length=22, elements={
0x000001acf1d6c800, 0x000001ac934b9000, 0x000001ac93d6a800, 0x000001ac93dc0800,
0x000001ac93dc2800, 0x000001ac93dc3800, 0x000001ac93dc9000, 0x000001ac93dcd800,
0x000001ac93dd9000, 0x000001ac94099000, 0x000001ac9409c000, 0x000001ac9409c800,
0x000001ac93f3d000, 0x000001ac94a0d800, 0x000001ac955dc000, 0x000001ac94ad7800,
0x000001ac949bb000, 0x000001ac9572d800, 0x000001ac9626c000, 0x000001ac949b7800,
0x000001ac95680000, 0x000001ac9662a800
}

Java Threads: ( => current thread )
=>0x000001acf1d6c800 JavaThread "main" [_thread_in_native, id=20468, stack(0x0000009bb6500000,0x0000009bb6600000)]
  0x000001ac934b9000 JavaThread "Reference Handler" daemon [_thread_blocked, id=21688, stack(0x0000009bb6c00000,0x0000009bb6d00000)]
  0x000001ac93d6a800 JavaThread "Finalizer" daemon [_thread_blocked, id=3608, stack(0x0000009bb6d00000,0x0000009bb6e00000)]
  0x000001ac93dc0800 JavaThread "Signal Dispatcher" daemon [_thread_blocked, id=17712, stack(0x0000009bb6e00000,0x0000009bb6f00000)]
  0x000001ac93dc2800 JavaThread "Attach Listener" daemon [_thread_blocked, id=772, stack(0x0000009bb6f00000,0x0000009bb7000000)]
  0x000001ac93dc3800 JavaThread "Service Thread" daemon [_thread_blocked, id=4044, stack(0x0000009bb7000000,0x0000009bb7100000)]
  0x000001ac93dc9000 JavaThread "C2 CompilerThread0" daemon [_thread_in_native, id=23852, stack(0x0000009bb7100000,0x0000009bb7200000)]
  0x000001ac93dcd800 JavaThread "C1 CompilerThread0" daemon [_thread_blocked, id=9192, stack(0x0000009bb7200000,0x0000009bb7300000)]
  0x000001ac93dd9000 JavaThread "Sweeper thread" daemon [_thread_blocked, id=15404, stack(0x0000009bb7300000,0x0000009bb7400000)]
  0x000001ac94099000 JavaThread "C1 CompilerThread1" daemon [_thread_blocked, id=8356, stack(0x0000009bb7400000,0x0000009bb7500000)]
  0x000001ac9409c000 JavaThread "C1 CompilerThread2" daemon [_thread_blocked, id=3860, stack(0x0000009bb7500000,0x0000009bb7600000)]
  0x000001ac9409c800 JavaThread "C1 CompilerThread3" daemon [_thread_blocked, id=3844, stack(0x0000009bb7600000,0x0000009bb7700000)]
  0x000001ac93f3d000 JavaThread "Common-Cleaner" daemon [_thread_blocked, id=14060, stack(0x0000009bb7700000,0x0000009bb7800000)]
  0x000001ac94a0d800 JavaThread "Monitor Ctrl-Break" daemon [_thread_in_native, id=24304, stack(0x0000009bb7a00000,0x0000009bb7b00000)]
  0x000001ac955dc000 JavaThread "Java2D Disposer" daemon [_thread_blocked, id=3252, stack(0x0000009bb8000000,0x0000009bb8100000)]
  0x000001ac94ad7800 JavaThread "AWT-Shutdown" [_thread_blocked, id=13536, stack(0x0000009bb8100000,0x0000009bb8200000)]
  0x000001ac949bb000 JavaThread "AWT-Windows" daemon [_thread_in_native, id=20608, stack(0x0000009bb8200000,0x0000009bb8300000)]
  0x000001ac9572d800 JavaThread "Image Fetcher 0" daemon [_thread_blocked, id=24520, stack(0x0000009bb8300000,0x0000009bb8400000)]
  0x000001ac9626c000 JavaThread "AWT-EventQueue-0" [_thread_blocked, id=21004, stack(0x0000009bb8400000,0x0000009bb8500000)]
  0x000001ac949b7800 JavaThread "JNativeHook Hook Thread" [_thread_in_native, id=16112, stack(0x0000009bb8500000,0x0000009bb8600000)]
  0x000001ac95680000 JavaThread "JNativeHook Dispatch Thread" daemon [_thread_blocked, id=8240, stack(0x0000009bb8600000,0x0000009bb8700000)]
  0x000001ac9662a800 JavaThread "C2 CompilerThread1" daemon [_thread_blocked, id=5264, stack(0x0000009bb7800000,0x0000009bb7900000)]

Other Threads:
  0x000001ac934b5000 VMThread "VM Thread" [stack: 0x0000009bb6b00000,0x0000009bb6c00000] [id=24332]
  0x000001ac94761800 WatcherThread [stack: 0x0000009bb7b00000,0x0000009bb7c00000] [id=7884]
  0x000001acf1d86800 GCTaskThread "GC Thread#0" [stack: 0x0000009bb6600000,0x0000009bb6700000] [id=12812]
  0x000001ac9527e000 GCTaskThread "GC Thread#1" [stack: 0x0000009bb7c00000,0x0000009bb7d00000] [id=12032]
  0x000001ac953e2000 GCTaskThread "GC Thread#2" [stack: 0x0000009bb7d00000,0x0000009bb7e00000] [id=17628]
  0x000001ac953e2800 GCTaskThread "GC Thread#3" [stack: 0x0000009bb7e00000,0x0000009bb7f00000] [id=24552]
  0x000001ac94a49800 GCTaskThread "GC Thread#4" [stack: 0x0000009bb7f00000,0x0000009bb8000000] [id=14492]
  0x000001ac95686000 GCTaskThread "GC Thread#5" [stack: 0x0000009bb8700000,0x0000009bb8800000] [id=5316]
  0x000001ac96588000 GCTaskThread "GC Thread#6" [stack: 0x0000009bb8800000,0x0000009bb8900000] [id=3664]
  0x000001ac96588800 GCTaskThread "GC Thread#7" [stack: 0x0000009bb8900000,0x0000009bb8a00000] [id=5392]
  0x000001acf1de1800 ConcurrentGCThread "G1 Main Marker" [stack: 0x0000009bb6700000,0x0000009bb6800000] [id=4816]
  0x000001acf1de4800 ConcurrentGCThread "G1 Conc#0" [stack: 0x0000009bb6800000,0x0000009bb6900000] [id=9832]
  0x000001ac952b1000 ConcurrentGCThread "G1 Conc#1" [stack: 0x0000009bb8a00000,0x0000009bb8b00000] [id=23268]
  0x000001ac957e4800 ConcurrentGCThread "G1 Conc#2" [stack: 0x0000009bb8b00000,0x0000009bb8c00000] [id=14064]
  0x000001ac9339a800 ConcurrentGCThread "G1 Refine#0" [stack: 0x0000009bb6900000,0x0000009bb6a00000] [id=18596]
  0x000001ac9339e000 ConcurrentGCThread "G1 Young RemSet Sampling" [stack: 0x0000009bb6a00000,0x0000009bb6b00000] [id=14168]

Threads with active compile tasks:
C2 CompilerThread0   1857 1926   !   4       jdk.internal.loader.URLClassPath$JarLoader::getResource (353 bytes)

VM state:not at safepoint (normal execution)

VM Mutex/Monitor currently owned by a thread: None

Heap address: 0x000000070a400000, size: 3932 MB, Compressed Oops mode: Zero based, Oop shift amount: 3
Narrow klass base: 0x0000000800000000, Narrow klass shift: 0
Compressed class space size: 1073741824 Address: 0x0000000800000000

Heap:
 garbage-first heap   total 251904K, used 138813K [0x000000070a400000, 0x0000000800000000)
  region size 1024K, 18 young (18432K), 2 survivors (2048K)
 Metaspace       used 19527K, capacity 20048K, committed 20096K, reserved 1067008K
  class space    used 1906K, capacity 2140K, committed 2176K, reserved 1048576K
Heap Regions: E=young(eden), S=young(survivor), O=old, HS=humongous(starts), HC=humongous(continues), CS=collection set, F=free, A=archive, TAMS=top-at-mark-start (previous, next)
|   0|0x000000070a400000, 0x000000070a500000, 0x000000070a500000|100%| O|  |TAMS 0x000000070a500000, 0x000000070a400000| Untracked 
|   1|0x000000070a500000, 0x000000070a600000, 0x000000070a600000|100%| O|  |TAMS 0x000000070a600000, 0x000000070a500000| Untracked 
|   2|0x000000070a600000, 0x000000070a700000, 0x000000070a700000|100%| O|  |TAMS 0x000000070a700000, 0x000000070a600000| Untracked 
|   3|0x000000070a700000, 0x000000070a800000, 0x000000070a800000|100%|HS|  |TAMS 0x000000070a800000, 0x000000070a700000| Complete 
|   4|0x000000070a800000, 0x000000070a900000, 0x000000070a900000|100%| O|  |TAMS 0x000000070a900000, 0x000000070a800000| Untracked 
|   5|0x000000070a900000, 0x000000070aa00000, 0x000000070aa00000|100%| O|  |TAMS 0x000000070aa00000, 0x000000070a900000| Untracked 
|   6|0x000000070aa00000, 0x000000070aab6000, 0x000000070ab00000| 71%| O|  |TAMS 0x000000070aab6000, 0x000000070aa00000| Untracked 
|   7|0x000000070ab00000, 0x000000070ac00000, 0x000000070ac00000|100%|HS|  |TAMS 0x000000070ab00000, 0x000000070ab00000| Complete 
|   8|0x000000070ac00000, 0x000000070ad00000, 0x000000070ad00000|100%|HC|  |TAMS 0x000000070ac00000, 0x000000070ac00000| Complete 
|   9|0x000000070ad00000, 0x000000070ae00000, 0x000000070ae00000|100%|HC|  |TAMS 0x000000070ad00000, 0x000000070ad00000| Complete 
|  10|0x000000070ae00000, 0x000000070af00000, 0x000000070af00000|100%|HC|  |TAMS 0x000000070ae00000, 0x000000070ae00000| Complete 
|  11|0x000000070af00000, 0x000000070b000000, 0x000000070b000000|100%|HC|  |TAMS 0x000000070af00000, 0x000000070af00000| Complete 
|  12|0x000000070b000000, 0x000000070b100000, 0x000000070b100000|100%|HC|  |TAMS 0x000000070b000000, 0x000000070b000000| Complete 
|  13|0x000000070b100000, 0x000000070b200000, 0x000000070b200000|100%|HC|  |TAMS 0x000000070b100000, 0x000000070b100000| Complete 
|  14|0x000000070b200000, 0x000000070b300000, 0x000000070b300000|100%|HC|  |TAMS 0x000000070b200000, 0x000000070b200000| Complete 
|  15|0x000000070b300000, 0x000000070b400000, 0x000000070b400000|100%|HC|  |TAMS 0x000000070b300000, 0x000000070b300000| Complete 
|  16|0x000000070b400000, 0x000000070b500000, 0x000000070b500000|100%|HC|  |TAMS 0x000000070b400000, 0x000000070b400000| Complete 
|  17|0x000000070b500000, 0x000000070b600000, 0x000000070b600000|100%|HC|  |TAMS 0x000000070b500000, 0x000000070b500000| Complete 
|  18|0x000000070b600000, 0x000000070b700000, 0x000000070b700000|100%|HC|  |TAMS 0x000000070b600000, 0x000000070b600000| Complete 
|  19|0x000000070b700000, 0x000000070b800000, 0x000000070b800000|100%|HC|  |TAMS 0x000000070b700000, 0x000000070b700000| Complete 
|  20|0x000000070b800000, 0x000000070b900000, 0x000000070b900000|100%|HC|  |TAMS 0x000000070b800000, 0x000000070b800000| Complete 
|  21|0x000000070b900000, 0x000000070ba00000, 0x000000070ba00000|100%|HC|  |TAMS 0x000000070b900000, 0x000000070b900000| Complete 
|  22|0x000000070ba00000, 0x000000070bb00000, 0x000000070bb00000|100%|HC|  |TAMS 0x000000070ba00000, 0x000000070ba00000| Complete 
|  23|0x000000070bb00000, 0x000000070bc00000, 0x000000070bc00000|100%|HC|  |TAMS 0x000000070bb00000, 0x000000070bb00000| Complete 
|  24|0x000000070bc00000, 0x000000070bd00000, 0x000000070bd00000|100%|HC|  |TAMS 0x000000070bc00000, 0x000000070bc00000| Complete 
|  25|0x000000070bd00000, 0x000000070be00000, 0x000000070be00000|100%|HC|  |TAMS 0x000000070bd00000, 0x000000070bd00000| Complete 
|  26|0x000000070be00000, 0x000000070bf00000, 0x000000070bf00000|100%|HC|  |TAMS 0x000000070be00000, 0x000000070be00000| Complete 
|  27|0x000000070bf00000, 0x000000070c000000, 0x000000070c000000|100%|HC|  |TAMS 0x000000070bf00000, 0x000000070bf00000| Complete 
|  28|0x000000070c000000, 0x000000070c100000, 0x000000070c100000|100%|HC|  |TAMS 0x000000070c000000, 0x000000070c000000| Complete 
|  29|0x000000070c100000, 0x000000070c200000, 0x000000070c200000|100%|HC|  |TAMS 0x000000070c100000, 0x000000070c100000| Complete 
|  30|0x000000070c200000, 0x000000070c300000, 0x000000070c300000|100%|HC|  |TAMS 0x000000070c200000, 0x000000070c200000| Complete 
|  31|0x000000070c300000, 0x000000070c400000, 0x000000070c400000|100%|HC|  |TAMS 0x000000070c300000, 0x000000070c300000| Complete 
|  32|0x000000070c400000, 0x000000070c500000, 0x000000070c500000|100%|HC|  |TAMS 0x000000070c400000, 0x000000070c400000| Complete 
|  33|0x000000070c500000, 0x000000070c600000, 0x000000070c600000|100%|HC|  |TAMS 0x000000070c500000, 0x000000070c500000| Complete 
|  34|0x000000070c600000, 0x000000070c700000, 0x000000070c700000|100%|HC|  |TAMS 0x000000070c600000, 0x000000070c600000| Complete 
|  35|0x000000070c700000, 0x000000070c800000, 0x000000070c800000|100%|HC|  |TAMS 0x000000070c700000, 0x000000070c700000| Complete 
|  36|0x000000070c800000, 0x000000070c900000, 0x000000070c900000|100%|HC|  |TAMS 0x000000070c800000, 0x000000070c800000| Complete 
|  37|0x000000070c900000, 0x000000070ca00000, 0x000000070ca00000|100%|HC|  |TAMS 0x000000070c900000, 0x000000070c900000| Complete 
|  38|0x000000070ca00000, 0x000000070cb00000, 0x000000070cb00000|100%|HC|  |TAMS 0x000000070ca00000, 0x000000070ca00000| Complete 
|  39|0x000000070cb00000, 0x000000070cc00000, 0x000000070cc00000|100%|HC|  |TAMS 0x000000070cb00000, 0x000000070cb00000| Complete 
|  40|0x000000070cc00000, 0x000000070cd00000, 0x000000070cd00000|100%|HC|  |TAMS 0x000000070cc00000, 0x000000070cc00000| Complete 
|  41|0x000000070cd00000, 0x000000070ce00000, 0x000000070ce00000|100%|HC|  |TAMS 0x000000070cd00000, 0x000000070cd00000| Complete 
|  42|0x000000070ce00000, 0x000000070cf00000, 0x000000070cf00000|100%|HC|  |TAMS 0x000000070ce00000, 0x000000070ce00000| Complete 
|  43|0x000000070cf00000, 0x000000070d000000, 0x000000070d000000|100%|HC|  |TAMS 0x000000070cf00000, 0x000000070cf00000| Complete 
|  44|0x000000070d000000, 0x000000070d100000, 0x000000070d100000|100%|HC|  |TAMS 0x000000070d000000, 0x000000070d000000| Complete 
|  45|0x000000070d100000, 0x000000070d200000, 0x000000070d200000|100%|HC|  |TAMS 0x000000070d100000, 0x000000070d100000| Complete 
|  46|0x000000070d200000, 0x000000070d300000, 0x000000070d300000|100%|HC|  |TAMS 0x000000070d200000, 0x000000070d200000| Complete 
|  47|0x000000070d300000, 0x000000070d400000, 0x000000070d400000|100%|HC|  |TAMS 0x000000070d300000, 0x000000070d300000| Complete 
|  48|0x000000070d400000, 0x000000070d500000, 0x000000070d500000|100%|HC|  |TAMS 0x000000070d400000, 0x000000070d400000| Complete 
|  49|0x000000070d500000, 0x000000070d600000, 0x000000070d600000|100%|HC|  |TAMS 0x000000070d500000, 0x000000070d500000| Complete 
|  50|0x000000070d600000, 0x000000070d700000, 0x000000070d700000|100%|HC|  |TAMS 0x000000070d600000, 0x000000070d600000| Complete 
|  51|0x000000070d700000, 0x000000070d800000, 0x000000070d800000|100%|HC|  |TAMS 0x000000070d700000, 0x000000070d700000| Complete 
|  52|0x000000070d800000, 0x000000070d900000, 0x000000070d900000|100%|HC|  |TAMS 0x000000070d800000, 0x000000070d800000| Complete 
|  53|0x000000070d900000, 0x000000070da00000, 0x000000070da00000|100%|HC|  |TAMS 0x000000070d900000, 0x000000070d900000| Complete 
|  54|0x000000070da00000, 0x000000070db00000, 0x000000070db00000|100%|HC|  |TAMS 0x000000070da00000, 0x000000070da00000| Complete 
|  55|0x000000070db00000, 0x000000070db00000, 0x000000070dc00000|  0%| F|  |TAMS 0x000000070db00000, 0x000000070db00000| Untracked 
|  56|0x000000070dc00000, 0x000000070dc00000, 0x000000070dd00000|  0%| F|  |TAMS 0x000000070dc00000, 0x000000070dc00000| Untracked 
|  57|0x000000070dd00000, 0x000000070dd00000, 0x000000070de00000|  0%| F|  |TAMS 0x000000070dd00000, 0x000000070dd00000| Untracked 
|  58|0x000000070de00000, 0x000000070de00000, 0x000000070df00000|  0%| F|  |TAMS 0x000000070de00000, 0x000000070de00000| Untracked 
|  59|0x000000070df00000, 0x000000070df00000, 0x000000070e000000|  0%| F|  |TAMS 0x000000070df00000, 0x000000070df00000| Untracked 
|  60|0x000000070e000000, 0x000000070e000000, 0x000000070e100000|  0%| F|  |TAMS 0x000000070e000000, 0x000000070e000000| Untracked 
|  61|0x000000070e100000, 0x000000070e100000, 0x000000070e200000|  0%| F|  |TAMS 0x000000070e100000, 0x000000070e100000| Untracked 
|  62|0x000000070e200000, 0x000000070e200000, 0x000000070e300000|  0%| F|  |TAMS 0x000000070e200000, 0x000000070e200000| Untracked 
|  63|0x000000070e300000, 0x000000070e300000, 0x000000070e400000|  0%| F|  |TAMS 0x000000070e300000, 0x000000070e300000| Untracked 
|  64|0x000000070e400000, 0x000000070e400000, 0x000000070e500000|  0%| F|  |TAMS 0x000000070e400000, 0x000000070e400000| Untracked 
|  65|0x000000070e500000, 0x000000070e500000, 0x000000070e600000|  0%| F|  |TAMS 0x000000070e500000, 0x000000070e500000| Untracked 
|  66|0x000000070e600000, 0x000000070e600000, 0x000000070e700000|  0%| F|  |TAMS 0x000000070e600000, 0x000000070e600000| Untracked 
|  67|0x000000070e700000, 0x000000070e700000, 0x000000070e800000|  0%| F|  |TAMS 0x000000070e700000, 0x000000070e700000| Untracked 
|  68|0x000000070e800000, 0x000000070e800000, 0x000000070e900000|  0%| F|  |TAMS 0x000000070e800000, 0x000000070e800000| Untracked 
|  69|0x000000070e900000, 0x000000070e900000, 0x000000070ea00000|  0%| F|  |TAMS 0x000000070e900000, 0x000000070e900000| Untracked 
|  70|0x000000070ea00000, 0x000000070ea00000, 0x000000070eb00000|  0%| F|  |TAMS 0x000000070ea00000, 0x000000070ea00000| Untracked 
|  71|0x000000070eb00000, 0x000000070eb00000, 0x000000070ec00000|  0%| F|  |TAMS 0x000000070eb00000, 0x000000070eb00000| Untracked 
|  72|0x000000070ec00000, 0x000000070ec00000, 0x000000070ed00000|  0%| F|  |TAMS 0x000000070ec00000, 0x000000070ec00000| Untracked 
|  73|0x000000070ed00000, 0x000000070ed00000, 0x000000070ee00000|  0%| F|  |TAMS 0x000000070ed00000, 0x000000070ed00000| Untracked 
|  74|0x000000070ee00000, 0x000000070ef00000, 0x000000070ef00000|100%|HS|  |TAMS 0x000000070ef00000, 0x000000070ee00000| Complete 
|  75|0x000000070ef00000, 0x000000070f000000, 0x000000070f000000|100%|HC|  |TAMS 0x000000070f000000, 0x000000070ef00000| Complete 
|  76|0x000000070f000000, 0x000000070f100000, 0x000000070f100000|100%|HC|  |TAMS 0x000000070f100000, 0x000000070f000000| Complete 
|  77|0x000000070f100000, 0x000000070f200000, 0x000000070f200000|100%|HC|  |TAMS 0x000000070f200000, 0x000000070f100000| Complete 
|  78|0x000000070f200000, 0x000000070f300000, 0x000000070f300000|100%|HC|  |TAMS 0x000000070f300000, 0x000000070f200000| Complete 
|  79|0x000000070f300000, 0x000000070f400000, 0x000000070f400000|100%|HC|  |TAMS 0x000000070f400000, 0x000000070f300000| Complete 
|  80|0x000000070f400000, 0x000000070f500000, 0x000000070f500000|100%|HC|  |TAMS 0x000000070f500000, 0x000000070f400000| Complete 
|  81|0x000000070f500000, 0x000000070f600000, 0x000000070f600000|100%|HC|  |TAMS 0x000000070f600000, 0x000000070f500000| Complete 
|  82|0x000000070f600000, 0x000000070f700000, 0x000000070f700000|100%|HC|  |TAMS 0x000000070f700000, 0x000000070f600000| Complete 
|  83|0x000000070f700000, 0x000000070f800000, 0x000000070f800000|100%|HC|  |TAMS 0x000000070f800000, 0x000000070f700000| Complete 
|  84|0x000000070f800000, 0x000000070f900000, 0x000000070f900000|100%|HC|  |TAMS 0x000000070f900000, 0x000000070f800000| Complete 
|  85|0x000000070f900000, 0x000000070fa00000, 0x000000070fa00000|100%|HC|  |TAMS 0x000000070fa00000, 0x000000070f900000| Complete 
|  86|0x000000070fa00000, 0x000000070fb00000, 0x000000070fb00000|100%|HC|  |TAMS 0x000000070fb00000, 0x000000070fa00000| Complete 
|  87|0x000000070fb00000, 0x000000070fc00000, 0x000000070fc00000|100%|HC|  |TAMS 0x000000070fc00000, 0x000000070fb00000| Complete 
|  88|0x000000070fc00000, 0x000000070fd00000, 0x000000070fd00000|100%|HC|  |TAMS 0x000000070fd00000, 0x000000070fc00000| Complete 
|  89|0x000000070fd00000, 0x000000070fe00000, 0x000000070fe00000|100%|HC|  |TAMS 0x000000070fe00000, 0x000000070fd00000| Complete 
|  90|0x000000070fe00000, 0x000000070ff00000, 0x000000070ff00000|100%|HC|  |TAMS 0x000000070ff00000, 0x000000070fe00000| Complete 
|  91|0x000000070ff00000, 0x0000000710000000, 0x0000000710000000|100%|HC|  |TAMS 0x0000000710000000, 0x000000070ff00000| Complete 
|  92|0x0000000710000000, 0x0000000710100000, 0x0000000710100000|100%|HC|  |TAMS 0x0000000710100000, 0x0000000710000000| Complete 
|  93|0x0000000710100000, 0x0000000710200000, 0x0000000710200000|100%|HC|  |TAMS 0x0000000710200000, 0x0000000710100000| Complete 
|  94|0x0000000710200000, 0x0000000710300000, 0x0000000710300000|100%|HC|  |TAMS 0x0000000710300000, 0x0000000710200000| Complete 
|  95|0x0000000710300000, 0x0000000710400000, 0x0000000710400000|100%|HC|  |TAMS 0x0000000710400000, 0x0000000710300000| Complete 
|  96|0x0000000710400000, 0x0000000710500000, 0x0000000710500000|100%|HC|  |TAMS 0x0000000710500000, 0x0000000710400000| Complete 
|  97|0x0000000710500000, 0x0000000710600000, 0x0000000710600000|100%|HC|  |TAMS 0x0000000710600000, 0x0000000710500000| Complete 
|  98|0x0000000710600000, 0x0000000710700000, 0x0000000710700000|100%|HC|  |TAMS 0x0000000710700000, 0x0000000710600000| Complete 
|  99|0x0000000710700000, 0x0000000710800000, 0x0000000710800000|100%|HC|  |TAMS 0x0000000710800000, 0x0000000710700000| Complete 
| 100|0x0000000710800000, 0x0000000710900000, 0x0000000710900000|100%|HC|  |TAMS 0x0000000710900000, 0x0000000710800000| Complete 
| 101|0x0000000710900000, 0x0000000710a00000, 0x0000000710a00000|100%|HC|  |TAMS 0x0000000710a00000, 0x0000000710900000| Complete 
| 102|0x0000000710a00000, 0x0000000710b00000, 0x0000000710b00000|100%|HC|  |TAMS 0x0000000710b00000, 0x0000000710a00000| Complete 
| 103|0x0000000710b00000, 0x0000000710c00000, 0x0000000710c00000|100%|HC|  |TAMS 0x0000000710c00000, 0x0000000710b00000| Complete 
| 104|0x0000000710c00000, 0x0000000710d00000, 0x0000000710d00000|100%|HC|  |TAMS 0x0000000710d00000, 0x0000000710c00000| Complete 
| 105|0x0000000710d00000, 0x0000000710e00000, 0x0000000710e00000|100%|HC|  |TAMS 0x0000000710e00000, 0x0000000710d00000| Complete 
| 106|0x0000000710e00000, 0x0000000710f00000, 0x0000000710f00000|100%|HC|  |TAMS 0x0000000710f00000, 0x0000000710e00000| Complete 
| 107|0x0000000710f00000, 0x0000000711000000, 0x0000000711000000|100%|HC|  |TAMS 0x0000000711000000, 0x0000000710f00000| Complete 
| 108|0x0000000711000000, 0x0000000711100000, 0x0000000711100000|100%|HC|  |TAMS 0x0000000711100000, 0x0000000711000000| Complete 
| 109|0x0000000711100000, 0x0000000711200000, 0x0000000711200000|100%|HC|  |TAMS 0x0000000711200000, 0x0000000711100000| Complete 
| 110|0x0000000711200000, 0x0000000711300000, 0x0000000711300000|100%|HC|  |TAMS 0x0000000711300000, 0x0000000711200000| Complete 
| 111|0x0000000711300000, 0x0000000711400000, 0x0000000711400000|100%|HC|  |TAMS 0x0000000711400000, 0x0000000711300000| Complete 
| 112|0x0000000711400000, 0x0000000711500000, 0x0000000711500000|100%|HC|  |TAMS 0x0000000711500000, 0x0000000711400000| Complete 
| 113|0x0000000711500000, 0x0000000711600000, 0x0000000711600000|100%|HC|  |TAMS 0x0000000711600000, 0x0000000711500000| Complete 
| 114|0x0000000711600000, 0x0000000711700000, 0x0000000711700000|100%|HC|  |TAMS 0x0000000711700000, 0x0000000711600000| Complete 
| 115|0x0000000711700000, 0x0000000711800000, 0x0000000711800000|100%|HC|  |TAMS 0x0000000711800000, 0x0000000711700000| Complete 
| 116|0x0000000711800000, 0x0000000711900000, 0x0000000711900000|100%|HC|  |TAMS 0x0000000711900000, 0x0000000711800000| Complete 
| 117|0x0000000711900000, 0x0000000711a00000, 0x0000000711a00000|100%|HC|  |TAMS 0x0000000711a00000, 0x0000000711900000| Complete 
| 118|0x0000000711a00000, 0x0000000711b00000, 0x0000000711b00000|100%|HC|  |TAMS 0x0000000711b00000, 0x0000000711a00000| Complete 
| 119|0x0000000711b00000, 0x0000000711c00000, 0x0000000711c00000|100%|HC|  |TAMS 0x0000000711c00000, 0x0000000711b00000| Complete 
| 120|0x0000000711c00000, 0x0000000711d00000, 0x0000000711d00000|100%|HC|  |TAMS 0x0000000711d00000, 0x0000000711c00000| Complete 
| 121|0x0000000711d00000, 0x0000000711e00000, 0x0000000711e00000|100%|HC|  |TAMS 0x0000000711e00000, 0x0000000711d00000| Complete 
| 122|0x0000000711e00000, 0x0000000711f00000, 0x0000000711f00000|100%|HC|  |TAMS 0x0000000711f00000, 0x0000000711e00000| Complete 
| 123|0x0000000711f00000, 0x0000000712000000, 0x0000000712000000|100%|HC|  |TAMS 0x0000000712000000, 0x0000000711f00000| Complete 
| 124|0x0000000712000000, 0x0000000712100000, 0x0000000712100000|100%|HC|  |TAMS 0x0000000712100000, 0x0000000712000000| Complete 
| 125|0x0000000712100000, 0x0000000712200000, 0x0000000712200000|100%|HC|  |TAMS 0x0000000712200000, 0x0000000712100000| Complete 
| 126|0x0000000712200000, 0x0000000712300000, 0x0000000712300000|100%|HC|  |TAMS 0x0000000712300000, 0x0000000712200000| Complete 
| 127|0x0000000712300000, 0x0000000712400000, 0x0000000712400000|100%|HC|  |TAMS 0x0000000712400000, 0x0000000712300000| Complete 
| 128|0x0000000712400000, 0x0000000712500000, 0x0000000712500000|100%|HC|  |TAMS 0x0000000712500000, 0x0000000712400000| Complete 
| 129|0x0000000712500000, 0x0000000712600000, 0x0000000712600000|100%|HC|  |TAMS 0x0000000712600000, 0x0000000712500000| Complete 
| 130|0x0000000712600000, 0x0000000712700000, 0x0000000712700000|100%|HC|  |TAMS 0x0000000712700000, 0x0000000712600000| Complete 
| 131|0x0000000712700000, 0x0000000712800000, 0x0000000712800000|100%|HC|  |TAMS 0x0000000712800000, 0x0000000712700000| Complete 
| 132|0x0000000712800000, 0x0000000712900000, 0x0000000712900000|100%|HC|  |TAMS 0x0000000712900000, 0x0000000712800000| Complete 
| 133|0x0000000712900000, 0x0000000712a00000, 0x0000000712a00000|100%|HC|  |TAMS 0x0000000712a00000, 0x0000000712900000| Complete 
| 134|0x0000000712a00000, 0x0000000712b00000, 0x0000000712b00000|100%|HC|  |TAMS 0x0000000712b00000, 0x0000000712a00000| Complete 
| 135|0x0000000712b00000, 0x0000000712c00000, 0x0000000712c00000|100%|HC|  |TAMS 0x0000000712c00000, 0x0000000712b00000| Complete 
| 136|0x0000000712c00000, 0x0000000712d00000, 0x0000000712d00000|100%|HC|  |TAMS 0x0000000712d00000, 0x0000000712c00000| Complete 
| 137|0x0000000712d00000, 0x0000000712e00000, 0x0000000712e00000|100%|HC|  |TAMS 0x0000000712e00000, 0x0000000712d00000| Complete 
| 138|0x0000000712e00000, 0x0000000712f00000, 0x0000000712f00000|100%|HC|  |TAMS 0x0000000712f00000, 0x0000000712e00000| Complete 
| 139|0x0000000712f00000, 0x0000000712f00000, 0x0000000713000000|  0%| F|  |TAMS 0x0000000712f00000, 0x0000000712f00000| Untracked 
| 140|0x0000000713000000, 0x0000000713000000, 0x0000000713100000|  0%| F|  |TAMS 0x0000000713000000, 0x0000000713000000| Untracked 
| 141|0x0000000713100000, 0x0000000713100000, 0x0000000713200000|  0%| F|  |TAMS 0x0000000713100000, 0x0000000713100000| Untracked 
| 142|0x0000000713200000, 0x0000000713200000, 0x0000000713300000|  0%| F|  |TAMS 0x0000000713200000, 0x0000000713200000| Untracked 
| 143|0x0000000713300000, 0x0000000713300000, 0x0000000713400000|  0%| F|  |TAMS 0x0000000713300000, 0x0000000713300000| Untracked 
| 144|0x0000000713400000, 0x0000000713400000, 0x0000000713500000|  0%| F|  |TAMS 0x0000000713400000, 0x0000000713400000| Untracked 
| 145|0x0000000713500000, 0x0000000713500000, 0x0000000713600000|  0%| F|  |TAMS 0x0000000713500000, 0x0000000713500000| Untracked 
| 146|0x0000000713600000, 0x0000000713600000, 0x0000000713700000|  0%| F|  |TAMS 0x0000000713600000, 0x0000000713600000| Untracked 
| 147|0x0000000713700000, 0x0000000713700000, 0x0000000713800000|  0%| F|  |TAMS 0x0000000713700000, 0x0000000713700000| Untracked 
| 148|0x0000000713800000, 0x0000000713800000, 0x0000000713900000|  0%| F|  |TAMS 0x0000000713800000, 0x0000000713800000| Untracked 
| 149|0x0000000713900000, 0x0000000713900000, 0x0000000713a00000|  0%| F|  |TAMS 0x0000000713900000, 0x0000000713900000| Untracked 
| 150|0x0000000713a00000, 0x0000000713a00000, 0x0000000713b00000|  0%| F|  |TAMS 0x0000000713a00000, 0x0000000713a00000| Untracked 
| 151|0x0000000713b00000, 0x0000000713b00000, 0x0000000713c00000|  0%| F|  |TAMS 0x0000000713b00000, 0x0000000713b00000| Untracked 
| 152|0x0000000713c00000, 0x0000000713c00000, 0x0000000713d00000|  0%| F|  |TAMS 0x0000000713c00000, 0x0000000713c00000| Untracked 
| 153|0x0000000713d00000, 0x0000000713d00000, 0x0000000713e00000|  0%| F|  |TAMS 0x0000000713d00000, 0x0000000713d00000| Untracked 
| 154|0x0000000713e00000, 0x0000000713e00000, 0x0000000713f00000|  0%| F|  |TAMS 0x0000000713e00000, 0x0000000713e00000| Untracked 
| 155|0x0000000713f00000, 0x0000000713f00000, 0x0000000714000000|  0%| F|  |TAMS 0x0000000713f00000, 0x0000000713f00000| Untracked 
| 156|0x0000000714000000, 0x0000000714000000, 0x0000000714100000|  0%| F|  |TAMS 0x0000000714000000, 0x0000000714000000| Untracked 
| 157|0x0000000714100000, 0x0000000714100000, 0x0000000714200000|  0%| F|  |TAMS 0x0000000714100000, 0x0000000714100000| Untracked 
| 158|0x0000000714200000, 0x0000000714200000, 0x0000000714300000|  0%| F|  |TAMS 0x0000000714200000, 0x0000000714200000| Untracked 
| 159|0x0000000714300000, 0x0000000714300000, 0x0000000714400000|  0%| F|  |TAMS 0x0000000714300000, 0x0000000714300000| Untracked 
| 160|0x0000000714400000, 0x0000000714400000, 0x0000000714500000|  0%| F|  |TAMS 0x0000000714400000, 0x0000000714400000| Untracked 
| 161|0x0000000714500000, 0x0000000714500000, 0x0000000714600000|  0%| F|  |TAMS 0x0000000714500000, 0x0000000714500000| Untracked 
| 162|0x0000000714600000, 0x0000000714600000, 0x0000000714700000|  0%| F|  |TAMS 0x0000000714600000, 0x0000000714600000| Untracked 
| 163|0x0000000714700000, 0x0000000714700000, 0x0000000714800000|  0%| F|  |TAMS 0x0000000714700000, 0x0000000714700000| Untracked 
| 164|0x0000000714800000, 0x0000000714800000, 0x0000000714900000|  0%| F|  |TAMS 0x0000000714800000, 0x0000000714800000| Untracked 
| 165|0x0000000714900000, 0x0000000714900000, 0x0000000714a00000|  0%| F|  |TAMS 0x0000000714900000, 0x0000000714900000| Untracked 
| 166|0x0000000714a00000, 0x0000000714a00000, 0x0000000714b00000|  0%| F|  |TAMS 0x0000000714a00000, 0x0000000714a00000| Untracked 
| 167|0x0000000714b00000, 0x0000000714b00000, 0x0000000714c00000|  0%| F|  |TAMS 0x0000000714b00000, 0x0000000714b00000| Untracked 
| 168|0x0000000714c00000, 0x0000000714c00000, 0x0000000714d00000|  0%| F|  |TAMS 0x0000000714c00000, 0x0000000714c00000| Untracked 
| 169|0x0000000714d00000, 0x0000000714d00000, 0x0000000714e00000|  0%| F|  |TAMS 0x0000000714d00000, 0x0000000714d00000| Untracked 
| 170|0x0000000714e00000, 0x0000000714e00000, 0x0000000714f00000|  0%| F|  |TAMS 0x0000000714e00000, 0x0000000714e00000| Untracked 
| 171|0x0000000714f00000, 0x0000000714f00000, 0x0000000715000000|  0%| F|  |TAMS 0x0000000714f00000, 0x0000000714f00000| Untracked 
| 172|0x0000000715000000, 0x0000000715000000, 0x0000000715100000|  0%| F|  |TAMS 0x0000000715000000, 0x0000000715000000| Untracked 
| 173|0x0000000715100000, 0x0000000715100000, 0x0000000715200000|  0%| F|  |TAMS 0x0000000715100000, 0x0000000715100000| Untracked 
| 174|0x0000000715200000, 0x0000000715200000, 0x0000000715300000|  0%| F|  |TAMS 0x0000000715200000, 0x0000000715200000| Untracked 
| 175|0x0000000715300000, 0x0000000715300000, 0x0000000715400000|  0%| F|  |TAMS 0x0000000715300000, 0x0000000715300000| Untracked 
| 176|0x0000000715400000, 0x0000000715400000, 0x0000000715500000|  0%| F|  |TAMS 0x0000000715400000, 0x0000000715400000| Untracked 
| 177|0x0000000715500000, 0x0000000715500000, 0x0000000715600000|  0%| F|  |TAMS 0x0000000715500000, 0x0000000715500000| Untracked 
| 178|0x0000000715600000, 0x0000000715600000, 0x0000000715700000|  0%| F|  |TAMS 0x0000000715600000, 0x0000000715600000| Untracked 
| 179|0x0000000715700000, 0x0000000715700000, 0x0000000715800000|  0%| F|  |TAMS 0x0000000715700000, 0x0000000715700000| Untracked 
| 180|0x0000000715800000, 0x0000000715800000, 0x0000000715900000|  0%| F|  |TAMS 0x0000000715800000, 0x0000000715800000| Untracked 
| 181|0x0000000715900000, 0x0000000715900000, 0x0000000715a00000|  0%| F|  |TAMS 0x0000000715900000, 0x0000000715900000| Untracked 
| 182|0x0000000715a00000, 0x0000000715a00000, 0x0000000715b00000|  0%| F|  |TAMS 0x0000000715a00000, 0x0000000715a00000| Untracked 
| 183|0x0000000715b00000, 0x0000000715b00000, 0x0000000715c00000|  0%| F|  |TAMS 0x0000000715b00000, 0x0000000715b00000| Untracked 
| 184|0x0000000715c00000, 0x0000000715c00000, 0x0000000715d00000|  0%| F|  |TAMS 0x0000000715c00000, 0x0000000715c00000| Untracked 
| 185|0x0000000715d00000, 0x0000000715d00000, 0x0000000715e00000|  0%| F|  |TAMS 0x0000000715d00000, 0x0000000715d00000| Untracked 
| 186|0x0000000715e00000, 0x0000000715e00000, 0x0000000715f00000|  0%| F|  |TAMS 0x0000000715e00000, 0x0000000715e00000| Untracked 
| 187|0x0000000715f00000, 0x0000000715f00000, 0x0000000716000000|  0%| F|  |TAMS 0x0000000715f00000, 0x0000000715f00000| Untracked 
| 188|0x0000000716000000, 0x0000000716000000, 0x0000000716100000|  0%| F|  |TAMS 0x0000000716000000, 0x0000000716000000| Untracked 
| 189|0x0000000716100000, 0x0000000716100000, 0x0000000716200000|  0%| F|  |TAMS 0x0000000716100000, 0x0000000716100000| Untracked 
| 190|0x0000000716200000, 0x0000000716200000, 0x0000000716300000|  0%| F|  |TAMS 0x0000000716200000, 0x0000000716200000| Untracked 
| 191|0x0000000716300000, 0x0000000716300000, 0x0000000716400000|  0%| F|  |TAMS 0x0000000716300000, 0x0000000716300000| Untracked 
| 192|0x0000000716400000, 0x0000000716400000, 0x0000000716500000|  0%| F|  |TAMS 0x0000000716400000, 0x0000000716400000| Untracked 
| 193|0x0000000716500000, 0x0000000716500000, 0x0000000716600000|  0%| F|  |TAMS 0x0000000716500000, 0x0000000716500000| Untracked 
| 194|0x0000000716600000, 0x0000000716600000, 0x0000000716700000|  0%| F|  |TAMS 0x0000000716600000, 0x0000000716600000| Untracked 
| 195|0x0000000716700000, 0x0000000716700000, 0x0000000716800000|  0%| F|  |TAMS 0x0000000716700000, 0x0000000716700000| Untracked 
| 196|0x0000000716800000, 0x0000000716800000, 0x0000000716900000|  0%| F|  |TAMS 0x0000000716800000, 0x0000000716800000| Untracked 
| 197|0x0000000716900000, 0x0000000716900000, 0x0000000716a00000|  0%| F|  |TAMS 0x0000000716900000, 0x0000000716900000| Untracked 
| 198|0x0000000716a00000, 0x0000000716a00000, 0x0000000716b00000|  0%| F|  |TAMS 0x0000000716a00000, 0x0000000716a00000| Untracked 
| 199|0x0000000716b00000, 0x0000000716b00000, 0x0000000716c00000|  0%| F|  |TAMS 0x0000000716b00000, 0x0000000716b00000| Untracked 
| 200|0x0000000716c00000, 0x0000000716c00000, 0x0000000716d00000|  0%| F|  |TAMS 0x0000000716c00000, 0x0000000716c00000| Untracked 
| 201|0x0000000716d00000, 0x0000000716d00000, 0x0000000716e00000|  0%| F|  |TAMS 0x0000000716d00000, 0x0000000716d00000| Untracked 
| 202|0x0000000716e00000, 0x0000000716e00000, 0x0000000716f00000|  0%| F|  |TAMS 0x0000000716e00000, 0x0000000716e00000| Untracked 
| 203|0x0000000716f00000, 0x0000000716f00000, 0x0000000717000000|  0%| F|  |TAMS 0x0000000716f00000, 0x0000000716f00000| Untracked 
| 204|0x0000000717000000, 0x0000000717000000, 0x0000000717100000|  0%| F|  |TAMS 0x0000000717000000, 0x0000000717000000| Untracked 
| 205|0x0000000717100000, 0x0000000717100000, 0x0000000717200000|  0%| F|  |TAMS 0x0000000717100000, 0x0000000717100000| Untracked 
| 206|0x0000000717200000, 0x0000000717200000, 0x0000000717300000|  0%| F|  |TAMS 0x0000000717200000, 0x0000000717200000| Untracked 
| 207|0x0000000717300000, 0x0000000717300000, 0x0000000717400000|  0%| F|  |TAMS 0x0000000717300000, 0x0000000717300000| Untracked 
| 208|0x0000000717400000, 0x0000000717400000, 0x0000000717500000|  0%| F|  |TAMS 0x0000000717400000, 0x0000000717400000| Untracked 
| 209|0x0000000717500000, 0x0000000717500000, 0x0000000717600000|  0%| F|  |TAMS 0x0000000717500000, 0x0000000717500000| Untracked 
| 210|0x0000000717600000, 0x0000000717600000, 0x0000000717700000|  0%| F|  |TAMS 0x0000000717600000, 0x0000000717600000| Untracked 
| 211|0x0000000717700000, 0x0000000717700000, 0x0000000717800000|  0%| F|  |TAMS 0x0000000717700000, 0x0000000717700000| Untracked 
| 212|0x0000000717800000, 0x0000000717800000, 0x0000000717900000|  0%| F|  |TAMS 0x0000000717800000, 0x0000000717800000| Untracked 
| 213|0x0000000717900000, 0x0000000717900000, 0x0000000717a00000|  0%| F|  |TAMS 0x0000000717900000, 0x0000000717900000| Untracked 
| 214|0x0000000717a00000, 0x0000000717a00000, 0x0000000717b00000|  0%| F|  |TAMS 0x0000000717a00000, 0x0000000717a00000| Untracked 
| 215|0x0000000717b00000, 0x0000000717b00000, 0x0000000717c00000|  0%| F|  |TAMS 0x0000000717b00000, 0x0000000717b00000| Untracked 
| 216|0x0000000717c00000, 0x0000000717c00000, 0x0000000717d00000|  0%| F|  |TAMS 0x0000000717c00000, 0x0000000717c00000| Untracked 
| 217|0x0000000717d00000, 0x0000000717d00000, 0x0000000717e00000|  0%| F|  |TAMS 0x0000000717d00000, 0x0000000717d00000| Untracked 
| 218|0x0000000717e00000, 0x0000000717e00000, 0x0000000717f00000|  0%| F|  |TAMS 0x0000000717e00000, 0x0000000717e00000| Untracked 
| 219|0x0000000717f00000, 0x0000000717f00000, 0x0000000718000000|  0%| F|  |TAMS 0x0000000717f00000, 0x0000000717f00000| Untracked 
| 220|0x0000000718000000, 0x0000000718000000, 0x0000000718100000|  0%| F|  |TAMS 0x0000000718000000, 0x0000000718000000| Untracked 
| 221|0x0000000718100000, 0x0000000718100000, 0x0000000718200000|  0%| F|  |TAMS 0x0000000718100000, 0x0000000718100000| Untracked 
| 222|0x0000000718200000, 0x0000000718200000, 0x0000000718300000|  0%| F|  |TAMS 0x0000000718200000, 0x0000000718200000| Untracked 
| 223|0x0000000718300000, 0x0000000718300000, 0x0000000718400000|  0%| F|  |TAMS 0x0000000718300000, 0x0000000718300000| Untracked 
| 224|0x0000000718400000, 0x0000000718400000, 0x0000000718500000|  0%| F|  |TAMS 0x0000000718400000, 0x0000000718400000| Untracked 
| 225|0x0000000718500000, 0x0000000718500000, 0x0000000718600000|  0%| F|  |TAMS 0x0000000718500000, 0x0000000718500000| Untracked 
| 226|0x0000000718600000, 0x0000000718600000, 0x0000000718700000|  0%| F|  |TAMS 0x0000000718600000, 0x0000000718600000| Untracked 
| 227|0x0000000718700000, 0x0000000718700000, 0x0000000718800000|  0%| F|  |TAMS 0x0000000718700000, 0x0000000718700000| Untracked 
| 228|0x0000000718800000, 0x00000007188d7928, 0x0000000718900000| 84%| E|  |TAMS 0x0000000718800000, 0x0000000718800000| Complete 
| 229|0x0000000718900000, 0x0000000718a00000, 0x0000000718a00000|100%| E|CS|TAMS 0x0000000718900000, 0x0000000718900000| Complete 
| 230|0x0000000718a00000, 0x0000000718b00000, 0x0000000718b00000|100%| E|CS|TAMS 0x0000000718a00000, 0x0000000718a00000| Complete 
| 231|0x0000000718b00000, 0x0000000718c00000, 0x0000000718c00000|100%| E|CS|TAMS 0x0000000718b00000, 0x0000000718b00000| Complete 
| 232|0x0000000718c00000, 0x0000000718d00000, 0x0000000718d00000|100%| E|  |TAMS 0x0000000718c00000, 0x0000000718c00000| Complete 
| 233|0x0000000718d00000, 0x0000000718e00000, 0x0000000718e00000|100%| E|CS|TAMS 0x0000000718d00000, 0x0000000718d00000| Complete 
| 234|0x0000000718e00000, 0x0000000718f00000, 0x0000000718f00000|100%| E|CS|TAMS 0x0000000718e00000, 0x0000000718e00000| Complete 
| 235|0x0000000718f00000, 0x0000000719000000, 0x0000000719000000|100%| E|CS|TAMS 0x0000000718f00000, 0x0000000718f00000| Complete 
| 236|0x0000000719000000, 0x0000000719100000, 0x0000000719100000|100%| E|CS|TAMS 0x0000000719000000, 0x0000000719000000| Complete 
| 237|0x0000000719100000, 0x0000000719200000, 0x0000000719200000|100%| E|CS|TAMS 0x0000000719100000, 0x0000000719100000| Complete 
| 238|0x0000000719200000, 0x0000000719300000, 0x0000000719300000|100%| E|CS|TAMS 0x0000000719200000, 0x0000000719200000| Complete 
| 239|0x0000000719300000, 0x0000000719400000, 0x0000000719400000|100%| E|CS|TAMS 0x0000000719300000, 0x0000000719300000| Complete 
| 240|0x0000000719400000, 0x0000000719500000, 0x0000000719500000|100%| E|CS|TAMS 0x0000000719400000, 0x0000000719400000| Complete 
| 241|0x0000000719500000, 0x0000000719600000, 0x0000000719600000|100%| E|CS|TAMS 0x0000000719500000, 0x0000000719500000| Complete 
| 242|0x0000000719600000, 0x0000000719700000, 0x0000000719700000|100%| E|CS|TAMS 0x0000000719600000, 0x0000000719600000| Complete 
| 243|0x0000000719700000, 0x00000007197d9620, 0x0000000719800000| 84%| S|CS|TAMS 0x0000000719700000, 0x0000000719700000| Complete 
| 244|0x0000000719800000, 0x0000000719900000, 0x0000000719900000|100%| S|CS|TAMS 0x0000000719800000, 0x0000000719800000| Complete 
| 245|0x0000000719900000, 0x0000000719a00000, 0x0000000719a00000|100%| E|CS|TAMS 0x0000000719900000, 0x0000000719900000| Complete 

Card table byte_map: [0x000001acf88f0000,0x000001acf90a0000] _byte_map_base: 0x000001acf509e000

Marking Bits (Prev, Next): (CMBitMap*) 0x000001acf1dd14e8, (CMBitMap*) 0x000001acf1dd1520
 Prev Bits: [0x000001acf9850000, 0x000001acfd5c0000)
 Next Bits: [0x000001ac8f000000, 0x000001ac92d70000)

Polling page: 0x000001acf1e30000

Metaspace:

Usage:
  Non-class:     17.49 MB capacity,    17.21 MB ( 98%) used,   233.47 KB (  1%) free+waste,    53.50 KB ( <1%) overhead. 
      Class:      2.09 MB capacity,     1.86 MB ( 89%) used,   205.80 KB ( 10%) free+waste,    27.75 KB (  1%) overhead. 
       Both:     19.58 MB capacity,    19.07 MB ( 97%) used,   439.27 KB (  2%) free+waste,    81.25 KB ( <1%) overhead. 

Virtual space:
  Non-class space:       18.00 MB reserved,      17.50 MB ( 97%) committed 
      Class space:        1.00 GB reserved,       2.13 MB ( <1%) committed 
             Both:        1.02 GB reserved,      19.63 MB (  2%) committed 

Chunk freelists:
   Non-Class:  12.00 KB
       Class:  4.00 KB
        Both:  16.00 KB

MaxMetaspaceSize: 17179869184.00 GB
CompressedClassSpaceSize: 1.00 GB
Initial GC threshold: 20.80 MB
Current GC threshold: 23.75 MB
CDS: off

CodeHeap 'non-profiled nmethods': size=119168Kb used=732Kb max_used=732Kb free=118435Kb
 bounds [0x000001ac87ba0000, 0x000001ac87e10000, 0x000001ac8f000000]
CodeHeap 'profiled nmethods': size=119168Kb used=4280Kb max_used=4280Kb free=114887Kb
 bounds [0x000001ac80740000, 0x000001ac80b70000, 0x000001ac87ba0000]
CodeHeap 'non-nmethods': size=7424Kb used=3398Kb max_used=3415Kb free=4025Kb
 bounds [0x000001ac80000000, 0x000001ac80360000, 0x000001ac80740000]
 total_blobs=3084 nmethods=1939 adapters=1055
 compilation: enabled
              stopped_count=0, restarted_count=0
 full_count=0

Compilation events (20 events):
Event: 1.771 Thread 0x000001ac9409c800 nmethod 1927 0x000001ac80b68290 code [0x000001ac80b685e0, 0x000001ac80b69a98]
Event: 1.771 Thread 0x000001ac9662a800 1929       4       java.lang.String::<init> (74 bytes)
Event: 1.771 Thread 0x000001ac94099000 1930       3       java.util.concurrent.ConcurrentHashMap::values (25 bytes)
Event: 1.771 Thread 0x000001ac9409c000 1931       3       java.util.concurrent.ConcurrentHashMap$ValuesView::iterator (34 bytes)
Event: 1.771 Thread 0x000001ac93dcd800 1932       3       java.util.concurrent.ConcurrentHashMap$ValueIterator::<init> (12 bytes)
Event: 1.771 Thread 0x000001ac94099000 nmethod 1930 0x000001ac80b6a090 code [0x000001ac80b6a260, 0x000001ac80b6a5f8]
Event: 1.771 Thread 0x000001ac93dcd800 nmethod 1932 0x000001ac80b6a710 code [0x000001ac80b6a8e0, 0x000001ac80b6ab18]
Event: 1.771 Thread 0x000001ac9409c000 nmethod 1931 0x000001ac80b6ac10 code [0x000001ac80b6ae00, 0x000001ac80b6b1b8]
Event: 1.774 Thread 0x000001ac9409c800 1934       3       jdk.internal.misc.Unsafe::checkNativeAddress (28 bytes)
Event: 1.775 Thread 0x000001ac9409c800 nmethod 1934 0x000001ac80b6b390 code [0x000001ac80b6b540, 0x000001ac80b6b658]
Event: 1.775 Thread 0x000001ac9662a800 nmethod 1929 0x000001ac87c53d90 code [0x000001ac87c53f40, 0x000001ac87c544f8]
Event: 1.775 Thread 0x000001ac9662a800 1933       4       jdk.internal.util.jar.JarIndex::get (49 bytes)
Event: 1.779 Thread 0x000001ac94099000 1936       3       java.util.jar.Manifest::getAttributes (14 bytes)
Event: 1.779 Thread 0x000001ac94099000 nmethod 1936 0x000001ac80b6b710 code [0x000001ac80b6b8e0, 0x000001ac80b6bbc8]
Event: 1.781 Thread 0x000001ac93dcd800 1937       3       jdk.internal.loader.BuiltinClassLoader::defineClass (121 bytes)
Event: 1.782 Thread 0x000001ac93dcd800 nmethod 1937 0x000001ac80b6bc90 code [0x000001ac80b6bfc0, 0x000001ac80b6d548]
Event: 1.782 Thread 0x000001ac9409c000 1938       3       sun.misc.Unsafe::putLong (11 bytes)
Event: 1.783 Thread 0x000001ac94099000 1939       3       org.lwjgl.system.MemoryUtil::memPutAddress (29 bytes)
Event: 1.783 Thread 0x000001ac9409c000 nmethod 1938 0x000001ac80b6db90 code [0x000001ac80b6dd40, 0x000001ac80b6de38]
Event: 1.783 Thread 0x000001ac94099000 nmethod 1939 0x000001ac80b6df10 code [0x000001ac80b6e0c0, 0x000001ac80b6e2b8]

GC Heap History (6 events):
Event: 0.663 GC heap before
{Heap before GC invocations=0 (full 0):
 garbage-first heap   total 251904K, used 23552K [0x000000070a400000, 0x0000000800000000)
  region size 1024K, 24 young (24576K), 0 survivors (0K)
 Metaspace       used 7211K, capacity 7309K, committed 7552K, reserved 1056768K
  class space    used 583K, capacity 604K, committed 640K, reserved 1048576K
}
Event: 0.667 GC heap after
{Heap after GC invocations=1 (full 0):
 garbage-first heap   total 251904K, used 5965K [0x000000070a400000, 0x0000000800000000)
  region size 1024K, 3 young (3072K), 3 survivors (3072K)
 Metaspace       used 7211K, capacity 7309K, committed 7552K, reserved 1056768K
  class space    used 583K, capacity 604K, committed 640K, reserved 1048576K
}
Event: 1.165 GC heap before
{Heap before GC invocations=1 (full 0):
 garbage-first heap   total 251904K, used 94029K [0x000000070a400000, 0x0000000800000000)
  region size 1024K, 19 young (19456K), 3 survivors (3072K)
 Metaspace       used 14044K, capacity 14367K, committed 14592K, reserved 1062912K
  class space    used 1325K, capacity 1474K, committed 1536K, reserved 1048576K
}
Event: 1.172 GC heap after
{Heap after GC invocations=2 (full 0):
 garbage-first heap   total 251904K, used 42324K [0x000000070a400000, 0x0000000800000000)
  region size 1024K, 5 young (5120K), 5 survivors (5120K)
 Metaspace       used 14044K, capacity 14367K, committed 14592K, reserved 1062912K
  class space    used 1325K, capacity 1474K, committed 1536K, reserved 1048576K
}
Event: 1.222 GC heap before
{Heap before GC invocations=3 (full 0):
 garbage-first heap   total 251904K, used 108884K [0x000000070a400000, 0x0000000800000000)
  region size 1024K, 6 young (6144K), 5 survivors (5120K)
 Metaspace       used 14046K, capacity 14367K, committed 14592K, reserved 1062912K
  class space    used 1325K, capacity 1474K, committed 1536K, reserved 1048576K
}
Event: 1.228 GC heap after
{Heap after GC invocations=4 (full 0):
 garbage-first heap   total 251904K, used 75325K [0x000000070a400000, 0x0000000800000000)
  region size 1024K, 2 young (2048K), 2 survivors (2048K)
 Metaspace       used 14046K, capacity 14367K, committed 14592K, reserved 1062912K
  class space    used 1325K, capacity 1474K, committed 1536K, reserved 1048576K
}

Deoptimization events (20 events):
Event: 1.509 Thread 0x000001acf1d6c800 Uncommon trap: trap_request=0xffffff4d fr.pc=0x000001ac87bfa060 relative=0x0000000000000ea0
Event: 1.509 Thread 0x000001acf1d6c800 Uncommon trap: reason=unstable_if action=reinterpret pc=0x000001ac87bfa060 method=java.lang.invoke.LambdaForm$Name.replaceNames([Ljava/lang/invoke/LambdaForm$Name;[Ljava/lang/invoke/LambdaForm$Name;II)Ljava/lang/invoke/LambdaForm$Name; @ 3 c2
Event: 1.509 Thread 0x000001acf1d6c800 DEOPT PACKING pc=0x000001ac87bfa060 sp=0x0000009bb65fb280
Event: 1.509 Thread 0x000001acf1d6c800 DEOPT UNPACKING pc=0x000001ac8004a1af sp=0x0000009bb65fb220 mode 2
Event: 1.509 Thread 0x000001acf1d6c800 Uncommon trap: trap_request=0xffffff45 fr.pc=0x000001ac87c0f040 relative=0x00000000000036a0
Event: 1.509 Thread 0x000001acf1d6c800 Uncommon trap: reason=unstable_fused_if action=reinterpret pc=0x000001ac87c0f040 method=jdk.internal.org.objectweb.asm.Frame.execute(IILjdk/internal/org/objectweb/asm/ClassWriter;Ljdk/internal/org/objectweb/asm/Item;)V @ 1 c2
Event: 1.509 Thread 0x000001acf1d6c800 DEOPT PACKING pc=0x000001ac87c0f040 sp=0x0000009bb65fade0
Event: 1.509 Thread 0x000001acf1d6c800 DEOPT UNPACKING pc=0x000001ac8004a1af sp=0x0000009bb65fad80 mode 2
Event: 1.534 Thread 0x000001acf1d6c800 DEOPT PACKING pc=0x000001ac80a193c8 sp=0x0000009bb65fc1a0
Event: 1.534 Thread 0x000001acf1d6c800 DEOPT UNPACKING pc=0x000001ac8004a95e sp=0x0000009bb65fb6a8 mode 0
Event: 1.554 Thread 0x000001acf1d6c800 Uncommon trap: trap_request=0xffffff4d fr.pc=0x000001ac87c34f8c relative=0x0000000000001a4c
Event: 1.554 Thread 0x000001acf1d6c800 Uncommon trap: reason=unstable_if action=reinterpret pc=0x000001ac87c34f8c method=java.util.jar.JarFile.getVersionedEntry(Ljava/lang/String;Ljava/util/jar/JarEntry;)Ljava/util/jar/JarEntry; @ 67 c2
Event: 1.554 Thread 0x000001acf1d6c800 DEOPT PACKING pc=0x000001ac87c34f8c sp=0x0000009bb65fd530
Event: 1.554 Thread 0x000001acf1d6c800 DEOPT UNPACKING pc=0x000001ac8004a1af sp=0x0000009bb65fd4d8 mode 2
Event: 1.560 Thread 0x000001acf1d6c800 DEOPT PACKING pc=0x000001ac80a9a19b sp=0x0000009bb65fa530
Event: 1.560 Thread 0x000001acf1d6c800 DEOPT UNPACKING pc=0x000001ac8004a95e sp=0x0000009bb65f99a0 mode 0
Event: 1.711 Thread 0x000001acf1d6c800 Uncommon trap: trap_request=0xffffff4d fr.pc=0x000001ac87c2da90 relative=0x0000000000000a70
Event: 1.711 Thread 0x000001acf1d6c800 Uncommon trap: reason=unstable_if action=reinterpret pc=0x000001ac87c2da90 method=java.util.HashMap.hash(Ljava/lang/Object;)I @ 1 c2
Event: 1.711 Thread 0x000001acf1d6c800 DEOPT PACKING pc=0x000001ac87c2da90 sp=0x0000009bb65fe910
Event: 1.711 Thread 0x000001acf1d6c800 DEOPT UNPACKING pc=0x000001ac8004a1af sp=0x0000009bb65fe890 mode 2

Classes redefined (0 events):
No events

Internal exceptions (20 events):
Event: 1.541 Thread 0x000001acf1d6c800 Exception <a 'java/lang/NoSuchMethodError'{0x00000007191f13f0}: 'int java.lang.invoke.DirectMethodHandle$Holder.invokeStaticInit(java.lang.Object, java.lang.Object, int, long)'> (0x00000007191f13f0) thrown at [./src/hotspot/share/interpreter/linkResolver.cpp, line 773]
Event: 1.542 Thread 0x000001acf1d6c800 Exception <a 'java/lang/NoSuchMethodError'{0x00000007191f6598}: 'java.lang.Object java.lang.invoke.Invokers$Holder.linkToTargetMethod(java.lang.Object, int, java.lang.Object)'> (0x00000007191f6598) thrown at [./src/hotspot/share/interpreter/linkResolver.cpp, line 773]
Event: 1.544 Thread 0x000001acf1d6c800 Exception <a 'java/lang/NoSuchMethodError'{0x0000000719006f70}: 'int java.lang.invoke.DirectMethodHandle$Holder.invokeStaticInit(java.lang.Object, java.lang.Object, long, long)'> (0x0000000719006f70) thrown at [./src/hotspot/share/interpreter/linkResolver.cpp, line 773]
Event: 1.545 Thread 0x000001acf1d6c800 Exception <a 'java/lang/NoSuchMethodError'{0x00000007190126d0}: 'java.lang.Object java.lang.invoke.Invokers$Holder.linkToTargetMethod(java.lang.Object, long, java.lang.Object)'> (0x00000007190126d0) thrown at [./src/hotspot/share/interpreter/linkResolver.cpp, line 773]
Event: 1.545 Thread 0x000001acf1d6c800 Exception <a 'java/lang/NoSuchMethodError'{0x0000000719018a08}: 'int java.lang.invoke.DirectMethodHandle$Holder.invokeStaticInit(java.lang.Object, java.lang.Object, java.lang.Object, long)'> (0x0000000719018a08) thrown at [./src/hotspot/share/interpreter/linkResolver.cpp, line 773]
Event: 1.565 Thread 0x000001acf1d6c800 Exception <a 'sun/nio/fs/WindowsException'{0x00000007190f18b0}> (0x00000007190f18b0) thrown at [./src/hotspot/share/prims/jni.cpp, line 616]
Event: 1.565 Thread 0x000001acf1d6c800 Exception <a 'sun/nio/fs/WindowsException'{0x00000007190f1930}> (0x00000007190f1930) thrown at [./src/hotspot/share/prims/jni.cpp, line 616]
Event: 1.592 Thread 0x000001acf1d6c800 Exception <a 'sun/nio/fs/WindowsException'{0x0000000718e52150}> (0x0000000718e52150) thrown at [./src/hotspot/share/prims/jni.cpp, line 616]
Event: 1.592 Thread 0x000001acf1d6c800 Exception <a 'sun/nio/fs/WindowsException'{0x0000000718e521d0}> (0x0000000718e521d0) thrown at [./src/hotspot/share/prims/jni.cpp, line 616]
Event: 1.686 Thread 0x000001acf1d6c800 Exception <a 'java/lang/NoSuchMethodError'{0x0000000718d89a40}: 'java.lang.Object java.lang.invoke.DirectMethodHandle$Holder.invokeStatic(java.lang.Object, int, java.lang.Object, java.lang.Object, java.lang.Object, java.lang.Object)'> (0x0000000718d89a40) thrown at [./src/hotspot/share/interpreter/linkResolver.cpp, line 773]
Event: 1.687 Thread 0x000001acf1d6c800 Exception <a 'java/lang/NoSuchMethodError'{0x0000000718d90b00}: 'java.lang.Object java.lang.invoke.DirectMethodHandle$Holder.invokeStatic(java.lang.Object, int, java.lang.Object, java.lang.Object, java.lang.Object)'> (0x0000000718d90b00) thrown at [./src/hotspot/share/interpreter/linkResolver.cpp, line 773]
Event: 1.687 Thread 0x000001acf1d6c800 Exception <a 'java/lang/NoSuchMethodError'{0x0000000718d94648}: 'java.lang.Object java.lang.invoke.DirectMethodHandle$Holder.invokeSpecial(java.lang.Object, java.lang.Object, int, java.lang.Object, java.lang.Object, java.lang.Object)'> (0x0000000718d94648) thrown at [./src/hotspot/share/interpreter/linkResolver.cpp, line 773]
Event: 1.688 Thread 0x000001acf1d6c800 Exception <a 'java/lang/NoSuchMethodError'{0x0000000718dabe58}: 'java.lang.Object java.lang.invoke.DirectMethodHandle$Holder.invokeStatic(java.lang.Object, int, java.lang.Object)'> (0x0000000718dabe58) thrown at [./src/hotspot/share/interpreter/linkResolver.cpp, line 773]
Event: 1.705 Thread 0x000001acf1d6c800 Exception <a 'java/lang/ClassNotFoundException'{0x0000000718c59ab8}: com/sun/swing/internal/plaf/metal/resources/spi/metalProvider> (0x0000000718c59ab8) thrown at [./src/hotspot/share/classfile/systemDictionary.cpp, line 231]
Event: 1.705 Thread 0x000001acf1d6c800 Exception <a 'java/lang/ClassNotFoundException'{0x0000000718c5dd58}: com/sun/swing/internal/plaf/basic/resources/spi/basicProvider> (0x0000000718c5dd58) thrown at [./src/hotspot/share/classfile/systemDictionary.cpp, line 231]
Event: 1.711 Thread 0x000001acf1d6c800 Implicit null exception at 0x000001ac87c2d05b to 0x000001ac87c2da74
Event: 1.775 Thread 0x000001acf1d6c800 Exception <a 'sun/nio/fs/WindowsException'{0x00000007189077e0}> (0x00000007189077e0) thrown at [./src/hotspot/share/prims/jni.cpp, line 616]
Event: 1.775 Thread 0x000001acf1d6c800 Exception <a 'sun/nio/fs/WindowsException'{0x0000000718907860}> (0x0000000718907860) thrown at [./src/hotspot/share/prims/jni.cpp, line 616]
Event: 1.780 Thread 0x000001acf1d6c800 Exception <a 'sun/nio/fs/WindowsException'{0x00000007188094a0}> (0x00000007188094a0) thrown at [./src/hotspot/share/prims/jni.cpp, line 616]
Event: 1.780 Thread 0x000001acf1d6c800 Exception <a 'sun/nio/fs/WindowsException'{0x0000000718809520}> (0x0000000718809520) thrown at [./src/hotspot/share/prims/jni.cpp, line 616]

Events (20 events):
Event: 1.759 loading class org/lwjgl/system/MultiReleaseTextDecoding done
Event: 1.759 loading class java/lang/StackTraceElement$HashedModules
Event: 1.759 loading class java/lang/StackTraceElement$HashedModules done
Event: 1.762 loading class org/lwjgl/opengl/GL11
Event: 1.762 loading class org/lwjgl/opengl/GL11 done
Event: 1.766 loading class org/lwjgl/opengl/GL
Event: 1.766 loading class org/lwjgl/opengl/GL done
Event: 1.768 loading class org/lwjgl/opengl/GL$ICD
Event: 1.768 loading class org/lwjgl/opengl/GL$ICD done
Event: 1.769 loading class org/lwjgl/opengl/GL$ICDStatic
Event: 1.769 loading class org/lwjgl/opengl/GL$ICDStatic done
Event: 1.777 Loaded shared library C:\Users\Owner\AppData\Local\Temp\lwjglOwner\3.3.1-build-7\lwjgl_opengl.dll
Event: 1.778 loading class org/lwjgl/opengl/GL$2
Event: 1.778 loading class org/lwjgl/opengl/GL$2 done
Event: 1.781 loading class org/lwjgl/opengl/GL$1
Event: 1.781 loading class org/lwjgl/opengl/GL$1 done
Event: 1.782 loading class org/lwjgl/system/SharedLibrary$Delegate
Event: 1.782 loading class org/lwjgl/system/SharedLibrary$Delegate done
Event: 1.783 loading class org/lwjgl/opengl/GL11C
Event: 1.783 loading class org/lwjgl/opengl/GL11C done


Dynamic libraries:
0x00007ff7aa990000 - 0x00007ff7aa99a000 	C:\Program Files\JetBrains\IntelliJ IDEA Community Edition 2021.3\jbr\bin\java.exe
0x00007ffc7e6a0000 - 0x00007ffc7e8a9000 	C:\Windows\SYSTEM32\ntdll.dll
0x00007ffc7d9a0000 - 0x00007ffc7da5d000 	C:\Windows\System32\KERNEL32.DLL
0x00007ffc7bbe0000 - 0x00007ffc7bf5b000 	C:\Windows\System32\KERNELBASE.dll
0x00007ffc7bf60000 - 0x00007ffc7c071000 	C:\Windows\System32\ucrtbase.dll
0x00007ffc73ac0000 - 0x00007ffc73ad7000 	C:\Program Files\JetBrains\IntelliJ IDEA Community Edition 2021.3\jbr\bin\VCRUNTIME140.dll
0x00007ffc6dc50000 - 0x00007ffc6dc69000 	C:\Program Files\JetBrains\IntelliJ IDEA Community Edition 2021.3\jbr\bin\jli.dll
0x00007ffc7d020000 - 0x00007ffc7d1cd000 	C:\Windows\System32\USER32.dll
0x00007ffc7c260000 - 0x00007ffc7c286000 	C:\Windows\System32\win32u.dll
0x00007ffc6b0b0000 - 0x00007ffc6b355000 	C:\Windows\WinSxS\amd64_microsoft.windows.common-controls_6595b64144ccf1df_6.0.22000.120_none_9d947278b86cc467\COMCTL32.dll
0x00007ffc7dde0000 - 0x00007ffc7de09000 	C:\Windows\System32\GDI32.dll
0x00007ffc7c520000 - 0x00007ffc7c5c3000 	C:\Windows\System32\msvcrt.dll
0x00007ffc7c140000 - 0x00007ffc7c258000 	C:\Windows\System32\gdi32full.dll
0x00007ffc7c310000 - 0x00007ffc7c3ad000 	C:\Windows\System32\msvcp_win.dll
0x00007ffc7cf30000 - 0x00007ffc7cf61000 	C:\Windows\System32\IMM32.DLL
0x00007ffc5c0e0000 - 0x00007ffc5c17d000 	C:\Program Files\JetBrains\IntelliJ IDEA Community Edition 2021.3\jbr\bin\msvcp140.dll
0x00007ffc19170000 - 0x00007ffc19ce6000 	C:\Program Files\JetBrains\IntelliJ IDEA Community Edition 2021.3\jbr\bin\server\jvm.dll
0x00007ffc7e5b0000 - 0x00007ffc7e65e000 	C:\Windows\System32\ADVAPI32.dll
0x00007ffc7de10000 - 0x00007ffc7deae000 	C:\Windows\System32\sechost.dll
0x00007ffc7dc60000 - 0x00007ffc7dd80000 	C:\Windows\System32\RPCRT4.dll
0x00007ffc7d990000 - 0x00007ffc7d998000 	C:\Windows\System32\PSAPI.DLL
0x00007ffc738d0000 - 0x00007ffc738da000 	C:\Windows\SYSTEM32\VERSION.dll
0x00007ffc78bc0000 - 0x00007ffc78bc9000 	C:\Windows\SYSTEM32\WSOCK32.dll
0x00007ffc789d0000 - 0x00007ffc78a03000 	C:\Windows\SYSTEM32\WINMM.dll
0x00007ffc7d1d0000 - 0x00007ffc7d23f000 	C:\Windows\System32\WS2_32.dll
0x00007ffc7ac60000 - 0x00007ffc7ac78000 	C:\Windows\SYSTEM32\kernel.appcore.dll
0x00007ffc6e4e0000 - 0x00007ffc6e4f1000 	C:\Program Files\JetBrains\IntelliJ IDEA Community Edition 2021.3\jbr\bin\verify.dll
0x00007ffc79540000 - 0x00007ffc79761000 	C:\Windows\SYSTEM32\DBGHELP.DLL
0x00007ffc78960000 - 0x00007ffc78991000 	C:\Windows\SYSTEM32\dbgcore.DLL
0x00007ffc7c290000 - 0x00007ffc7c30f000 	C:\Windows\System32\bcryptPrimitives.dll
0x00007ffc6de10000 - 0x00007ffc6de39000 	C:\Program Files\JetBrains\IntelliJ IDEA Community Edition 2021.3\jbr\bin\java.dll
0x00007ffc78ca0000 - 0x00007ffc78cab000 	C:\Program Files\JetBrains\IntelliJ IDEA Community Edition 2021.3\jbr\bin\jimage.dll
0x00007ffc6e4d0000 - 0x00007ffc6e4df000 	C:\Program Files\JetBrains\IntelliJ IDEA Community Edition 2021.3\jbr\bin\instrument.dll
0x00007ffc6e480000 - 0x00007ffc6e498000 	C:\Program Files\JetBrains\IntelliJ IDEA Community Edition 2021.3\jbr\bin\zip.dll
0x00007ffc7c5d0000 - 0x00007ffc7cd88000 	C:\Windows\System32\SHELL32.dll
0x00007ffc79c60000 - 0x00007ffc7a4c5000 	C:\Windows\SYSTEM32\windows.storage.dll
0x00007ffc7d600000 - 0x00007ffc7d977000 	C:\Windows\System32\combase.dll
0x00007ffc79af0000 - 0x00007ffc79c56000 	C:\Windows\SYSTEM32\wintypes.dll
0x00007ffc7da60000 - 0x00007ffc7db4a000 	C:\Windows\System32\SHCORE.dll
0x00007ffc7d5a0000 - 0x00007ffc7d5fd000 	C:\Windows\System32\shlwapi.dll
0x00007ffc7baa0000 - 0x00007ffc7bac1000 	C:\Windows\SYSTEM32\profapi.dll
0x00007ffc6d840000 - 0x00007ffc6d85a000 	C:\Program Files\JetBrains\IntelliJ IDEA Community Edition 2021.3\jbr\bin\net.dll
0x00007ffc76180000 - 0x00007ffc7628c000 	C:\Windows\SYSTEM32\WINHTTP.dll
0x00007ffc7b100000 - 0x00007ffc7b167000 	C:\Windows\system32\mswsock.dll
0x00007ffc6ceb0000 - 0x00007ffc6cec4000 	C:\Program Files\JetBrains\IntelliJ IDEA Community Edition 2021.3\jbr\bin\nio.dll
0x00007ffc6d2e0000 - 0x00007ffc6d2fa000 	C:\Program Files\JetBrains\IntelliJ IDEA Community Edition 2021.3\bin\breakgen64.dll
0x00007ffc59bf0000 - 0x00007ffc59d96000 	C:\Program Files\JetBrains\IntelliJ IDEA Community Edition 2021.3\jbr\bin\awt.dll
0x00007ffc7d400000 - 0x00007ffc7d4d6000 	C:\Windows\System32\OLEAUT32.dll
0x00007ffc79040000 - 0x00007ffc7906f000 	C:\Windows\SYSTEM32\dwmapi.dll
0x00007ffc78c00000 - 0x00007ffc78c92000 	C:\Windows\SYSTEM32\apphelp.dll
0x00007ffc78d80000 - 0x00007ffc78e2c000 	C:\Windows\system32\uxtheme.dll
0x00007ffc7deb0000 - 0x00007ffc7dfcd000 	C:\Windows\System32\MSCTF.dll
0x00007ffc7cd90000 - 0x00007ffc7cf2a000 	C:\Windows\System32\ole32.dll
0x00007ffc248c0000 - 0x00007ffc249eb000 	C:\Users\Owner\AppData\Local\Screencast-O-Matic-v2\SOMNative-x64-3.0.68.dll
0x00007ffc6e430000 - 0x00007ffc6e438000 	C:\Program Files\JetBrains\IntelliJ IDEA Community Edition 2021.3\jbr\bin\jawt.dll
0x00007ffc3f080000 - 0x00007ffc3f1a9000 	C:\Program Files\JetBrains\IntelliJ IDEA Community Edition 2021.3\jbr\bin\chrome_elf.dll
0x00007ffc7b620000 - 0x00007ffc7b62c000 	C:\Windows\SYSTEM32\CRYPTBASE.DLL
0x00007ffbaa3a0000 - 0x00007ffbb33fb000 	C:\Program Files\JetBrains\IntelliJ IDEA Community Edition 2021.3\jbr\bin\libcef.dll
0x00007ffc7bb70000 - 0x00007ffc7bbd8000 	C:\Windows\System32\WINTRUST.dll
0x00007ffc7c3b0000 - 0x00007ffc7c512000 	C:\Windows\System32\CRYPT32.dll
0x00007ffc74a30000 - 0x00007ffc74cb0000 	C:\Windows\SYSTEM32\d3d11.dll
0x00007ffc78ee0000 - 0x00007ffc78fd3000 	C:\Windows\SYSTEM32\dxgi.dll
0x00007ffc7a720000 - 0x00007ffc7a74d000 	C:\Windows\SYSTEM32\IPHLPAPI.DLL
0x00007ffc7db70000 - 0x00007ffc7dc5c000 	C:\Windows\System32\COMDLG32.dll
0x00007ffc55a30000 - 0x00007ffc55e6d000 	C:\Windows\SYSTEM32\UIAutomationCore.DLL
0x00007ffc68a90000 - 0x00007ffc68af9000 	C:\Windows\SYSTEM32\OLEACC.dll
0x00007ffc695a0000 - 0x00007ffc695ac000 	C:\Windows\SYSTEM32\Secur32.dll
0x00007ffc7b1f0000 - 0x00007ffc7b219000 	C:\Windows\SYSTEM32\USERENV.dll
0x00007ffc66b00000 - 0x00007ffc66b19000 	C:\Windows\SYSTEM32\NETAPI32.dll
0x00007ffc775c0000 - 0x00007ffc775d4000 	C:\Windows\SYSTEM32\WTSAPI32.dll
0x00007ffc7a4d0000 - 0x00007ffc7a4de000 	C:\Windows\SYSTEM32\HID.DLL
0x00007ffc6cac0000 - 0x00007ffc6cd1f000 	C:\Windows\SYSTEM32\DWrite.dll
0x00007ffc5a0a0000 - 0x00007ffc5a13b000 	C:\Windows\SYSTEM32\WINSPOOL.DRV
0x00007ffc797c0000 - 0x00007ffc798b7000 	C:\Windows\SYSTEM32\PROPSYS.dll
0x00007ffc3da40000 - 0x00007ffc3da59000 	C:\Windows\SYSTEM32\USP10.dll
0x00007ffc11e50000 - 0x00007ffc11ff6000 	C:\Windows\SYSTEM32\d3d9.dll
0x00007ffc3bb70000 - 0x00007ffc3bb95000 	C:\Windows\SYSTEM32\dxva2.dll
0x00007ffc3dad0000 - 0x00007ffc3daea000 	C:\Windows\SYSTEM32\credui.dll
0x00007ffc736e0000 - 0x00007ffc738cf000 	C:\Windows\SYSTEM32\urlmon.dll
0x00007ffc75020000 - 0x00007ffc7503e000 	C:\Windows\SYSTEM32\dhcpcsvc.DLL
0x00007ffc3e8e0000 - 0x00007ffc3e93d000 	C:\Windows\SYSTEM32\CRYPTUI.dll
0x00007ffc778b0000 - 0x00007ffc7790f000 	C:\Windows\SYSTEM32\wevtapi.dll
0x00007ffc7b490000 - 0x00007ffc7b4b8000 	C:\Windows\SYSTEM32\ncrypt.dll
0x00007ffc66450000 - 0x00007ffc6694a000 	C:\Windows\SYSTEM32\WININET.dll
0x00007ffc5aae0000 - 0x00007ffc5aeab000 	C:\Windows\SYSTEM32\ESENT.dll
0x00007ffc73380000 - 0x00007ffc73633000 	C:\Windows\SYSTEM32\iertutil.dll
0x00007ffc738e0000 - 0x00007ffc73908000 	C:\Windows\SYSTEM32\srvcli.dll
0x00007ffc7a710000 - 0x00007ffc7a71c000 	C:\Windows\SYSTEM32\netutils.dll
0x00007ffc7b4c0000 - 0x00007ffc7b4e7000 	C:\Windows\SYSTEM32\bcrypt.dll
0x00007ffc78ea0000 - 0x00007ffc78ed8000 	C:\Windows\SYSTEM32\dxcore.dll
0x00007ffc7aef0000 - 0x00007ffc7af32000 	C:\Windows\SYSTEM32\SSPICLI.DLL
0x00007ffc73910000 - 0x00007ffc7392a000 	C:\Windows\SYSTEM32\WKSCLI.DLL
0x00007ffc6b050000 - 0x00007ffc6b069000 	C:\Windows\SYSTEM32\SAMCLI.DLL
0x00007ffc7b390000 - 0x00007ffc7b3a2000 	C:\Windows\SYSTEM32\MSASN1.dll
0x00007ffc7b450000 - 0x00007ffc7b487000 	C:\Windows\SYSTEM32\NTASN1.dll
0x00007ffc3c5b0000 - 0x00007ffc3c727000 	C:\Program Files\JetBrains\IntelliJ IDEA Community Edition 2021.3\jbr\bin\jcef.dll
0x0000000070e80000 - 0x0000000070e94000 	C:\Users\Owner\AppData\Local\Temp\JNativeHook-2.1.0.x86_64.dll
0x00007ffbf19b0000 - 0x00007ffbf49f6000 	C:\Users\Owner\AppData\Local\Temp\exampleapp_opencv_java451.dll
0x00007ffc66950000 - 0x00007ffc669db000 	C:\Windows\SYSTEM32\MF.dll
0x00007ffc11cc0000 - 0x00007ffc11de0000 	C:\Windows\SYSTEM32\MFReadWrite.dll
0x00007ffc753d0000 - 0x00007ffc7559e000 	C:\Windows\SYSTEM32\MFPlat.DLL
0x00007ffc7b7f0000 - 0x00007ffc7b83c000 	C:\Windows\SYSTEM32\cfgmgr32.dll
0x00007ffc65fc0000 - 0x00007ffc66396000 	C:\Windows\SYSTEM32\MFCORE.DLL
0x00007ffc75270000 - 0x00007ffc752a2000 	C:\Windows\SYSTEM32\RTWorkQ.DLL
0x00007ffc3f2f0000 - 0x00007ffc3f365000 	C:\Users\Owner\AppData\Local\Temp\lwjglOwner\3.3.1-build-7\lwjgl.dll
0x00007ffc1cf60000 - 0x00007ffc1d1b9000 	C:\Users\Owner\AppData\Local\Temp\lwjglOwner\3.3.1-build-7\jemalloc.dll
0x00007ffc3eaf0000 - 0x00007ffc3eb51000 	C:\Users\Owner\AppData\Local\Temp\lwjglOwner\3.3.1-build-7\glfw.dll
0x00007ffc3ee70000 - 0x00007ffc3ef71000 	C:\Windows\system32\opengl32.dll
0x00007ffc5a8a0000 - 0x00007ffc5a8cd000 	C:\Windows\SYSTEM32\GLU32.dll
0x00007ffc71250000 - 0x00007ffc71408000 	C:\Windows\System32\DriverStore\FileRepository\u0371630.inf_amd64_a96c9babfd295d6e\B371320\aticfx64.dll
0x00007ffc30af0000 - 0x00007ffc30b24000 	C:\Windows\System32\DriverStore\FileRepository\u0371630.inf_amd64_a96c9babfd295d6e\B371320\atiu9p64.dll
0x00007ffc288d0000 - 0x00007ffc29624000 	C:\Windows\System32\DriverStore\FileRepository\u0371630.inf_amd64_a96c9babfd295d6e\B371320\atiumd64.dll
0x000000005cad0000 - 0x000000005d945000 	C:\Windows\System32\DriverStore\FileRepository\u0371630.inf_amd64_a96c9babfd295d6e\B371320\atiumd6a.dll
0x00007ffc7e140000 - 0x00007ffc7e5ac000 	C:\Windows\System32\SETUPAPI.dll
0x00007ffc7b8a0000 - 0x00007ffc7b8ed000 	C:\Windows\SYSTEM32\POWRPROF.dll
0x00007ffc7b880000 - 0x00007ffc7b893000 	C:\Windows\SYSTEM32\UMPDC.dll
0x00007ffc6f200000 - 0x00007ffc6f230000 	C:\Windows\SYSTEM32\amdihk64.dll
0x00007ffc76040000 - 0x00007ffc76084000 	C:\Windows\SYSTEM32\directxdatabasehelper.dll
0x00007ffc7ac80000 - 0x00007ffc7acb4000 	C:\Windows\SYSTEM32\ntmarta.dll
0x00007ffc3e100000 - 0x00007ffc3e15d000 	C:\Users\Owner\AppData\Local\Temp\lwjglOwner\3.3.1-build-7\lwjgl_opengl.dll

dbghelp: loaded successfully - version: 4.0.5 - missing functions: none
symbol engine: initialized successfully - sym options: 0x614 - pdb path: .;C:\Program Files\JetBrains\IntelliJ IDEA Community Edition 2021.3\jbr\bin;C:\Windows\SYSTEM32;C:\Windows\WinSxS\amd64_microsoft.windows.common-controls_6595b64144ccf1df_6.0.22000.120_none_9d947278b86cc467;C:\Program Files\JetBrains\IntelliJ IDEA Community Edition 2021.3\jbr\bin\server;C:\Program Files\JetBrains\IntelliJ IDEA Community Edition 2021.3\bin;C:\Users\Owner\AppData\Local\Screencast-O-Matic-v2;C:\Users\Owner\AppData\Local\Temp;C:\Users\Owner\AppData\Local\Temp\lwjglOwner\3.3.1-build-7;C:\Windows\System32\DriverStore\FileRepository\u0371630.inf_amd64_a96c9babfd295d6e\B371320

VM Arguments:
jvm_args: -javaagent:C:\Program Files\JetBrains\IntelliJ IDEA Community Edition 2021.3\lib\idea_rt.jar=54552:C:\Program Files\JetBrains\IntelliJ IDEA Community Edition 2021.3\bin -Dfile.encoding=UTF-8 
java_command: com.patetlex.displayphoenix.Application
java_class_path (initial): C:\Users\Owner\Desktop\Coding\Libraries\DisplayPhoenix\out\production\main;C:\Users\Owner\Desktop\Coding\Libraries\DisplayPhoenix\libs\jna-5.6.0.jar;C:\Users\Owner\Desktop\Coding\Libraries\DisplayPhoenix\libs\gson-2.8.6.jar;C:\Users\Owner\Desktop\Coding\Libraries\DisplayPhoenix\libs\opencv-451.jar;C:\Users\Owner\Desktop\Coding\Libraries\DisplayPhoenix\libs\itext-2.1.7.jar;C:\Users\Owner\Desktop\Coding\Libraries\DisplayPhoenix\libs\JCefPhoenix.jar;C:\Users\Owner\Desktop\Coding\Libraries\DisplayPhoenix\libs\joml-1.10.5.jar;C:\Users\Owner\Desktop\Coding\Libraries\DisplayPhoenix\libs\log4j-1.2.17.jar;C:\Users\Owner\Desktop\Coding\Libraries\DisplayPhoenix\libs\tess4j-4.5.4.jar;C:\Users\Owner\Desktop\Coding\Libraries\DisplayPhoenix\libs\ghost4j-1.0.1.jar;C:\Users\Owner\Desktop\Coding\Libraries\DisplayPhoenix\libs\lept4j-1.13.2.jar;C:\Users\Owner\Desktop\Coding\Libraries\DisplayPhoenix\libs\pdfbox-2.0.21.jar;C:\Users\Owner\Desktop\Coding\Libraries\DisplayPhoenix\libs\fontbox-2.0.21.jar;C:\Users\Owner\Desktop\Coding\Libraries\DisplayPhoenix\libs\commons-io-2.8.0.jar;C:\Users\Owner\Desktop\Coding\Libraries\DisplayPhoenix\libs\slf4j-api-1.7.30.jar;C:\Users\Owner\Desktop\Coding\Libraries\DisplayPhoenix\libs\jnativehook-2.1.0.jar;C:\Users\Owner\Desktop\Coding\Libraries\DisplayPhoenix\libs\commons-logging-1.2.jar;C:\Users\Owner\Desktop\Coding\Libraries\DisplayPhoenix\libs\jbig2-imageio-3.0.3.jar;C:\Users\Owner\Desktop\Coding\Libraries\DisplayPhoenix\libs\pdfbox-tools-2.0.21.jar;C:\Users\Owner\Desktop\Coding\Libraries\DisplayPhoenix\libs\jai-imageio-core-1.4.0.jar;C:\Users\Owner\Desktop\Coding\Libraries\DisplayPhoenix\libs\jboss-logging-3.1.4.GA.jar;C:\Users\Owner\Desktop\Coding\Libraries\DisplayPhoenix\libs\jboss-vfs-3.2.15.Final.jar;C:\Users\Owner\Desktop\Coding\Libraries\DisplayPhoenix\libs\pdfbox-debugger-2.0.21.jar;C:\Users\Owner\Desktop\Coding\Libraries\DisplayPhoenix\libs\commons-beanutils-1.9.2.jar;C:\Users\Owner\Desktop\Coding\Libraries\Displ
Launcher Type: SUN_STANDARD

[Global flags]
     intx CICompilerCount                          = 12                                        {product} {ergonomic}
     uint ConcGCThreads                            = 3                                         {product} {ergonomic}
     uint G1ConcRefinementThreads                  = 13                                        {product} {ergonomic}
   size_t G1HeapRegionSize                         = 1048576                                   {product} {ergonomic}
    uintx GCDrainStackTargetSize                   = 64                                        {product} {ergonomic}
   size_t InitialHeapSize                          = 257949696                                 {product} {ergonomic}
   size_t MarkStackSize                            = 4194304                                   {product} {ergonomic}
   size_t MaxHeapSize                              = 4123000832                                {product} {ergonomic}
   size_t MaxNewSize                               = 2473590784                                {product} {ergonomic}
   size_t MinHeapDeltaBytes                        = 1048576                                   {product} {ergonomic}
    uintx NonNMethodCodeHeapSize                   = 7594288                                {pd product} {ergonomic}
    uintx NonProfiledCodeHeapSize                  = 122031976                              {pd product} {ergonomic}
    uintx ProfiledCodeHeapSize                     = 122031976                              {pd product} {ergonomic}
    uintx ReservedCodeCacheSize                    = 251658240                              {pd product} {ergonomic}
     bool SegmentedCodeCache                       = true                                      {product} {ergonomic}
     bool UseCompressedClassPointers               = true                                 {lp64_product} {ergonomic}
     bool UseCompressedOops                        = true                                 {lp64_product} {ergonomic}
     bool UseG1GC                                  = true                                      {product} {ergonomic}
     bool UseLargePagesIndividualAllocation        = false                                  {pd product} {ergonomic}

Logging:
Log output configuration:
 #0: stdout all=warning uptime,level,tags
 #1: stderr all=off uptime,level,tags

Environment Variables:
JAVA_HOME=C:\Program Files (x86)\Java\jdk1.8.0_281
PATH=C:\Program Files (x86)\Common Files\Oracle\Java\javapath;C:\Windows\system32;C:\Windows;C:\Windows\System32\Wbem;C:\Windows\System32\WindowsPowerShell\v1.0\;C:\Windows\System32\OpenSSH\;C:\Program Files (x86)\AdoptOpenJDK\jdk-8.0.232.09-hotspot;C:\Program Files\dotnet\;C:\Program Files\nodejs\;C:\Users\Owner\AppData\Local\Microsoft\WindowsApps;C:\Program Files\JetBrains\IntelliJ IDEA Community Edition 2021.3\bin;;C:\ProgramData\Owner\GitHubDesktop\bin;C:\Users\Owner\AppData\Local\GitHubDesktop\bin;C:\Users\Owner\AppData\Roaming\npm
USERNAME=Owner
OS=Windows_NT
PROCESSOR_IDENTIFIER=AMD64 Family 23 Model 104 Stepping 1, AuthenticAMD



---------------  S Y S T E M  ---------------

OS: Windows 11 , 64 bit Build 22000 (10.0.22000.708)
OS uptime: 13 days 1:07 hours

CPU:total 16 (initial active 16) (16 cores per cpu, 2 threads per core) family 23 model 104 stepping 1 microcode 0x0, cmov, cx8, fxsr, mmx, sse, sse2, sse3, ssse3, sse4.1, sse4.2, popcnt, avx, avx2, aes, clmul, mmxext, 3dnowpref, lzcnt, sse4a, ht, tsc, tscinvbit, tscinv, bmi1, bmi2, adx, sha, fma

Memory: 4k page, system-wide physical 15720M (6511M free)
TotalPageFile size 20381M (AvailPageFile size 4644M)
current process WorkingSet (physical memory assigned to process): 283M, peak: 301M
current process commit charge ("private bytes"): 431M, peak: 432M

vm_info: OpenJDK 64-Bit Server VM (11.0.13+7-b1751.19) for windows-amd64 JRE (11.0.13+7-b1751.19), built on Nov  9 2021 11:31:28 by "" with MS VC++ 14.0 (VS2015)

END.
