#
# A fatal error has been detected by the Java Runtime Environment:
#
#  EXCEPTION_ACCESS_VIOLATION (0xc0000005) at pc=0x00007ffc5d0bc42a, pid=21528, tid=11308
#
# JRE version: OpenJDK Runtime Environment JBR-11.0.13.7-1751.19-jcef (11.0.13+7) (build 11.0.13+7-b1751.19)
# Java VM: OpenJDK 64-Bit Server VM JBR-11.0.13.7-1751.19-jcef (11.0.13+7-b1751.19, mixed mode, tiered, compressed oops, g1 gc, windows-amd64)
# Problematic frame:
# C  0x00007ffc5d0bc42a
#
# No core dump will be written. Minidumps are not enabled by default on client versions of Windows
#
# If you would like to submit a bug report, please visit:
#   https://bugreport.java.com/bugreport/crash.jsp
# The crash happened outside the Java Virtual Machine in native code.
# See problematic frame for where to report the bug.
#

---------------  S U M M A R Y ------------

Command Line: -javaagent:C:\Program Files\JetBrains\IntelliJ IDEA Community Edition 2021.3\lib\idea_rt.jar=65134:C:\Program Files\JetBrains\IntelliJ IDEA Community Edition 2021.3\bin -Dfile.encoding=UTF-8 com.patetlex.displayphoenix.Application

Host: AMD Ryzen 7 5700U with Radeon Graphics         , 16 cores, 15G,  Windows 11 , 64 bit Build 22000 (10.0.22000.708)
Time: Mon Nov  7 18:54:04 2022 Eastern Standard Time elapsed time: 2.009262 seconds (0d 0h 0m 2s)

---------------  T H R E A D  ---------------

Current thread (0x000001e6d778d800):  JavaThread "AWT-EventQueue-0" [_thread_in_native, id=11308, stack(0x000000472ae00000,0x000000472af00000)]

Stack: [0x000000472ae00000,0x000000472af00000],  sp=0x000000472aefa888,  free space=1002k
Native frames: (J=compiled Java code, j=interpreted, Vv=VM code, C=native code)
C  0x00007ffc5d0bc42a

Java frames: (J=compiled Java code, j=interpreted, Vv=VM code)
j  org.lwjgl.opengl.GL11C.glEnable(I)V+0
j  org.lwjgl.opengl.GL11.glEnable(I)V+1
j  com.patetlex.displayphoenix.Application$1.setupGLFW(Lcom/patetlex/displayphoenix/gamely/ui/ext/GameGLFWPanel;)V+16
j  com.patetlex.displayphoenix.gamely.engine.impl.GameEngine3D.start(Lcom/patetlex/displayphoenix/gamely/ui/GamePanel;)V+61
j  com.patetlex.displayphoenix.gamely.ui.GamePanel.paintComponent(Ljava/awt/Graphics;)V+246
j  com.patetlex.displayphoenix.gamely.ui.ext.GameGLFWPanel.paintComponent(Ljava/awt/Graphics;)V+2
j  javax.swing.JComponent.paint(Ljava/awt/Graphics;)V+286 java.desktop@11.0.13
j  javax.swing.JComponent.paintChildren(Ljava/awt/Graphics;)V+523 java.desktop@11.0.13
j  javax.swing.JComponent.paint(Ljava/awt/Graphics;)V+318 java.desktop@11.0.13
j  javax.swing.JComponent.paintChildren(Ljava/awt/Graphics;)V+523 java.desktop@11.0.13
j  javax.swing.JComponent.paint(Ljava/awt/Graphics;)V+318 java.desktop@11.0.13
j  javax.swing.JLayeredPane.paint(Ljava/awt/Graphics;)V+73 java.desktop@11.0.13
j  javax.swing.JComponent.paintChildren(Ljava/awt/Graphics;)V+523 java.desktop@11.0.13
j  javax.swing.JComponent.paintToOffscreen(Ljava/awt/Graphics;IIIIII)V+72 java.desktop@11.0.13
j  javax.swing.RepaintManager$PaintManager.paintDoubleBufferedFPScales(Ljavax/swing/JComponent;Ljava/awt/Image;Ljava/awt/Graphics;IIII)V+320 java.desktop@11.0.13
j  javax.swing.RepaintManager$PaintManager.paintDoubleBuffered(Ljavax/swing/JComponent;Ljava/awt/Image;Ljava/awt/Graphics;IIII)V+28 java.desktop@11.0.13
j  javax.swing.RepaintManager$PaintManager.paint(Ljavax/swing/JComponent;Ljavax/swing/JComponent;Ljava/awt/Graphics;IIII)Z+128 java.desktop@11.0.13
j  javax.swing.RepaintManager.paint(Ljavax/swing/JComponent;Ljavax/swing/JComponent;Ljava/awt/Graphics;IIII)V+51 java.desktop@11.0.13
j  javax.swing.JComponent.paint(Ljava/awt/Graphics;)V+221 java.desktop@11.0.13
j  java.awt.GraphicsCallback$PaintCallback.run(Ljava/awt/Component;Ljava/awt/Graphics;)V+2 java.desktop@11.0.13
j  sun.awt.SunGraphicsCallback.runOneComponent(Ljava/awt/Component;Ljava/awt/Rectangle;Ljava/awt/Graphics;Ljava/awt/Shape;I)V+155 java.desktop@11.0.13
j  sun.awt.SunGraphicsCallback.runComponents([Ljava/awt/Component;Ljava/awt/Graphics;I)V+157 java.desktop@11.0.13
j  java.awt.Container.paint(Ljava/awt/Graphics;)V+58 java.desktop@11.0.13
j  java.awt.Window.paint(Ljava/awt/Graphics;)V+68 java.desktop@11.0.13
j  javax.swing.RepaintManager$4.run()Ljava/lang/Void;+142 java.desktop@11.0.13
j  javax.swing.RepaintManager$4.run()Ljava/lang/Object;+1 java.desktop@11.0.13
v  ~StubRoutines::call_stub
J 1248  java.security.AccessController.doPrivileged(Ljava/security/PrivilegedAction;Ljava/security/AccessControlContext;)Ljava/lang/Object; java.base@11.0.13 (0 bytes) @ 0x000001e6c1417eb6 [0x000001e6c1417e40+0x0000000000000076]
j  java.security.ProtectionDomain$JavaSecurityAccessImpl.doIntersectionPrivilege(Ljava/security/PrivilegedAction;Ljava/security/AccessControlContext;Ljava/security/AccessControlContext;)Ljava/lang/Object;+18 java.base@11.0.13
j  javax.swing.RepaintManager.paintDirtyRegions(Ljava/util/Map;)V+154 java.desktop@11.0.13
j  javax.swing.RepaintManager.paintDirtyRegions()V+46 java.desktop@11.0.13
j  javax.swing.RepaintManager.prePaintDirtyRegions()V+73 java.desktop@11.0.13
j  javax.swing.RepaintManager$ProcessingRunnable.run()V+37 java.desktop@11.0.13
j  java.awt.event.InvocationEvent.dispatch()V+47 java.desktop@11.0.13
j  java.awt.EventQueue.dispatchEventImpl(Ljava/awt/AWTEvent;Ljava/lang/Object;)V+21 java.desktop@11.0.13
j  java.awt.EventQueue$4.run()Ljava/lang/Void;+32 java.desktop@11.0.13
j  java.awt.EventQueue$4.run()Ljava/lang/Object;+1 java.desktop@11.0.13
v  ~StubRoutines::call_stub
J 1248  java.security.AccessController.doPrivileged(Ljava/security/PrivilegedAction;Ljava/security/AccessControlContext;)Ljava/lang/Object; java.base@11.0.13 (0 bytes) @ 0x000001e6c1417eb6 [0x000001e6c1417e40+0x0000000000000076]
j  java.security.ProtectionDomain$JavaSecurityAccessImpl.doIntersectionPrivilege(Ljava/security/PrivilegedAction;Ljava/security/AccessControlContext;Ljava/security/AccessControlContext;)Ljava/lang/Object;+18 java.base@11.0.13
j  java.awt.EventQueue.dispatchEvent(Ljava/awt/AWTEvent;)V+46 java.desktop@11.0.13
j  java.awt.EventDispatchThread.pumpOneEventForFilters(I)V+78 java.desktop@11.0.13
j  java.awt.EventDispatchThread.pumpEventsForFilter(ILjava/awt/Conditional;Ljava/awt/EventFilter;)V+35 java.desktop@11.0.13
j  java.awt.EventDispatchThread.pumpEventsForHierarchy(ILjava/awt/Conditional;Ljava/awt/Component;)V+11 java.desktop@11.0.13
j  java.awt.EventDispatchThread.pumpEvents(ILjava/awt/Conditional;)V+4 java.desktop@11.0.13
j  java.awt.EventDispatchThread.pumpEvents(Ljava/awt/Conditional;)V+3 java.desktop@11.0.13
j  java.awt.EventDispatchThread.run()V+9 java.desktop@11.0.13
v  ~StubRoutines::call_stub

siginfo: EXCEPTION_ACCESS_VIOLATION (0xc0000005), reading address 0x0000000000000000


Register to memory mapping:

RIP=0x00007ffc5d0bc42a points into unknown readable memory: 48 ff 22 cc cc cc
RAX=0x000001e6d9446920 points into unknown readable memory: 0x0000000000000000 | 00 00 00 00 00 00 00 00
RBX={method} {0x000001e6e0c7fc70} 'glEnable' '(I)V' in 'org/lwjgl/opengl/GL11C'
RCX=0x0000000000000b71 is an unknown value
RDX=0x0 is NULL
RSP=0x000000472aefa888 is pointing into the stack for thread: 0x000001e6d778d800
RBP=0x000000472aefa900 is pointing into the stack for thread: 0x000001e6d778d800
RSI=0x0000000000000002 is an unknown value
RDI=0x000001e6b981a527 is at code_begin+2343 in an Interpreter codelet
invoke return entry points  [0x000001e6b9819c00, 0x000001e6b981a600]  2560 bytes
R8 =0x0000000000000b71 is an unknown value
R9 =0x000001e6d6cf9170 points into unknown readable memory: 0x0000003c00000005 | 05 00 00 00 3c 00 00 00
R10=0x000001e6b981f748 is at code_begin+1000 in an Interpreter codelet
method entry point (kind = native)  [0x000001e6b981f360, 0x000001e6b981fe00]  2720 bytes
R11=0x00000007186eb238 is an oop: java.lang.Class 
{0x00000007186eb238} - klass: 'java/lang/Class'
R12=0x0 is NULL
R13=0x000001e6e0c7fc60 is pointing into metadata
R14=0x000000472aefa920 is pointing into the stack for thread: 0x000001e6d778d800
R15=0x000001e6d778d800 is a thread


Registers:
RAX=0x000001e6d9446920, RBX=0x000001e6e0c7fc68, RCX=0x0000000000000b71, RDX=0x0000000000000000
RSP=0x000000472aefa888, RBP=0x000000472aefa900, RSI=0x0000000000000002, RDI=0x000001e6b981a527
R8 =0x0000000000000b71, R9 =0x000001e6d6cf9170, R10=0x000001e6b981f748, R11=0x00000007186eb238
R12=0x0000000000000000, R13=0x000001e6e0c7fc60, R14=0x000000472aefa920, R15=0x000001e6d778d800
RIP=0x00007ffc5d0bc42a, EFLAGS=0x0000000000010202

Top of Stack: (sp=0x000000472aefa888)
0x000000472aefa888:   000001e6b981f777 000001e6e0c7fc68
0x000000472aefa898:   000000472aefa900 0000000000000002
0x000000472aefa8a8:   00007ffc0d2bc905 000001e6b981f416
0x000000472aefa8b8:   000000472aefa8b8 000001e6e0c7fc60
0x000000472aefa8c8:   000000472aefa920 000001e6e0c9b4b0
0x000000472aefa8d8:   0000000000000000 00000007186eb238
0x000000472aefa8e8:   000001e6e0c7fc68 0000000000000000
0x000000472aefa8f8:   000000472aefa920 000000472aefa970
0x000000472aefa908:   000001e6b981a527 00000007186eb238
0x000000472aefa918:   000001e6b981c6f8 0000000000000b71
0x000000472aefa928:   000000472aefa928 000001e6e0c43129
0x000000472aefa938:   000000472aefa980 000001e6e0c70040
0x000000472aefa948:   0000000000000000 000000071871ba00
0x000000472aefa958:   000001e6e0c43150 000000472aefa920
0x000000472aefa968:   000000472aefa980 000000472aefa9d0
0x000000472aefa978:   000001e6b981a527 0000000000000b71 

Instructions: (pc=0x00007ffc5d0bc42a)
0x00007ffc5d0bc32a:   44 24 30 41 8b d1 44 8b 4c 24 38 8b cb 4c 8b 50
0x00007ffc5d0bc33a:   18 5b 49 ff a2 40 0a 00 00 cc cc cc cc cc cc cc
0x00007ffc5d0bc34a:   cc cc cc cc cc cc 48 8b 01 0f 28 cb f2 0f 10 5c
0x00007ffc5d0bc35a:   24 30 0f 28 c2 f2 0f 10 54 24 28 48 8b 48 18 48
0x00007ffc5d0bc36a:   ff a1 48 0a 00 00 48 8b 01 49 8b c8 48 8b 50 18
0x00007ffc5d0bc37a:   48 ff a2 50 0a 00 00 cc cc cc cc cc cc cc cc cc
0x00007ffc5d0bc38a:   cc cc cc cc cc cc 48 8b 01 49 8b c8 48 8b 50 18
0x00007ffc5d0bc39a:   48 ff a2 58 0a 00 00 cc cc cc cc cc cc cc cc cc
0x00007ffc5d0bc3aa:   cc cc cc cc cc cc 48 8b 01 49 8b c8 48 8b 50 18
0x00007ffc5d0bc3ba:   48 ff a2 60 0a 00 00 cc cc cc cc cc cc cc cc cc
0x00007ffc5d0bc3ca:   cc cc cc cc cc cc 48 8b 01 49 8b c8 48 8b 50 18
0x00007ffc5d0bc3da:   48 ff a2 68 0a 00 00 cc cc cc cc cc cc cc cc cc
0x00007ffc5d0bc3ea:   cc cc cc cc cc cc 40 53 48 8b 01 41 8b d8 44 8b
0x00007ffc5d0bc3fa:   44 24 30 41 8b d1 4c 8b 4c 24 38 8b cb 4c 8b 50
0x00007ffc5d0bc40a:   18 5b 49 ff a2 70 0a 00 00 cc cc cc cc cc cc cc
0x00007ffc5d0bc41a:   cc cc cc cc cc cc 48 8b 01 41 8b c8 48 8b 50 18
0x00007ffc5d0bc42a:   48 ff 22 cc cc cc 48 8b 01 41 8b c8 48 8b 50 18
0x00007ffc5d0bc43a:   48 ff 62 08 cc cc 48 8b 01 41 8b d1 41 8b c8 4c
0x00007ffc5d0bc44a:   8b 50 18 49 ff 62 38 cc cc cc cc cc cc cc cc cc
0x00007ffc5d0bc45a:   cc cc cc cc cc cc 48 8b 01 41 8b d1 41 8b c8 4c
0x00007ffc5d0bc46a:   8b 50 18 49 ff 62 48 cc cc cc cc cc cc cc cc cc
0x00007ffc5d0bc47a:   cc cc cc cc cc cc 48 8b 01 41 8b c8 48 8b 50 18
0x00007ffc5d0bc48a:   48 ff 62 60 cc cc 48 8b 01 0f 28 cb f3 0f 10 5c
0x00007ffc5d0bc49a:   24 30 0f 28 c2 f3 0f 10 54 24 28 48 8b 48 18 48
0x00007ffc5d0bc4aa:   ff 61 70 cc cc cc 48 8b 01 0f 28 c2 48 8b 48 18
0x00007ffc5d0bc4ba:   48 ff 61 78 cc cc 48 8b 01 41 8b c8 48 8b 50 18
0x00007ffc5d0bc4ca:   48 ff a2 88 00 00 00 cc cc cc cc cc cc cc cc cc
0x00007ffc5d0bc4da:   cc cc cc cc cc cc 40 53 48 8b 01 41 0f b6 d8 44
0x00007ffc5d0bc4ea:   0f b6 44 24 30 41 0f b6 d1 44 0f b6 4c 24 38 0f
0x00007ffc5d0bc4fa:   b6 cb 4c 8b 50 18 5b 49 ff a2 98 01 00 00 cc cc
0x00007ffc5d0bc50a:   cc cc cc cc cc cc 48 8b 01 41 8b c8 48 8b 50 18
0x00007ffc5d0bc51a:   48 ff a2 b8 01 00 00 cc cc cc cc cc cc cc cc cc 


Stack slot to memory mapping:
stack at sp + 0 slots: 0x000001e6b981f777 is at code_begin+1047 in an Interpreter codelet
method entry point (kind = native)  [0x000001e6b981f360, 0x000001e6b981fe00]  2720 bytes
stack at sp + 1 slots: {method} {0x000001e6e0c7fc70} 'glEnable' '(I)V' in 'org/lwjgl/opengl/GL11C'
stack at sp + 2 slots: 0x000000472aefa900 is pointing into the stack for thread: 0x000001e6d778d800
stack at sp + 3 slots: 0x0000000000000002 is an unknown value
stack at sp + 4 slots: 0x00007ffc0d2bc905 jvm.dll
stack at sp + 5 slots: 0x000001e6b981f416 is at code_begin+182 in an Interpreter codelet
method entry point (kind = native)  [0x000001e6b981f360, 0x000001e6b981fe00]  2720 bytes
stack at sp + 6 slots: 0x000000472aefa8b8 is pointing into the stack for thread: 0x000001e6d778d800
stack at sp + 7 slots: 0x000001e6e0c7fc60 is pointing into metadata


---------------  P R O C E S S  ---------------

Threads class SMR info:
_java_thread_list=0x000001e6dfd5ac70, length=30, elements={
0x000001e6d63c1000, 0x000001e6d63ca800, 0x000001e6d6422800, 0x000001e6d6424800,
0x000001e6d6425800, 0x000001e6d642b000, 0x000001e6d643d000, 0x000001e6d6448800,
0x000001e6d5ad2800, 0x000001e6d6533800, 0x000001e6d6534800, 0x000001e6d65a6000,
0x000001e6d77ce000, 0x000001e6d730d000, 0x000001e6d7c61800, 0x000001e6d7c62000,
0x000001e6d73dc000, 0x000001e6d778d800, 0x000001e6d7cde000, 0x000001e6d8972800,
0x000001e6d8973000, 0x000001e6d8ca7800, 0x000001e6b5bac800, 0x000001e6d93fc800,
0x000001e6d8ac4000, 0x000001e6d9393000, 0x000001e6d8985000, 0x000001e6d8986000,
0x000001e6d8988800, 0x000001e6d93ba000
}

Java Threads: ( => current thread )
  0x000001e6d63c1000 JavaThread "Reference Handler" daemon [_thread_blocked, id=19832, stack(0x0000004729700000,0x0000004729800000)]
  0x000001e6d63ca800 JavaThread "Finalizer" daemon [_thread_blocked, id=23708, stack(0x0000004729800000,0x0000004729900000)]
  0x000001e6d6422800 JavaThread "Signal Dispatcher" daemon [_thread_blocked, id=6240, stack(0x0000004729900000,0x0000004729a00000)]
  0x000001e6d6424800 JavaThread "Attach Listener" daemon [_thread_blocked, id=9700, stack(0x0000004729a00000,0x0000004729b00000)]
  0x000001e6d6425800 JavaThread "Service Thread" daemon [_thread_blocked, id=3056, stack(0x0000004729b00000,0x0000004729c00000)]
  0x000001e6d642b000 JavaThread "C2 CompilerThread0" daemon [_thread_blocked, id=8504, stack(0x0000004729c00000,0x0000004729d00000)]
  0x000001e6d643d000 JavaThread "C1 CompilerThread0" daemon [_thread_blocked, id=380, stack(0x0000004729d00000,0x0000004729e00000)]
  0x000001e6d6448800 JavaThread "Sweeper thread" daemon [_thread_blocked, id=17840, stack(0x0000004729e00000,0x0000004729f00000)]
  0x000001e6d5ad2800 JavaThread "Common-Cleaner" daemon [_thread_blocked, id=16460, stack(0x0000004729f00000,0x000000472a000000)]
  0x000001e6d6533800 JavaThread "C1 CompilerThread1" daemon [_thread_blocked, id=2756, stack(0x000000472a000000,0x000000472a100000)]
  0x000001e6d6534800 JavaThread "C1 CompilerThread2" daemon [_thread_blocked, id=20592, stack(0x000000472a100000,0x000000472a200000)]
  0x000001e6d65a6000 JavaThread "C1 CompilerThread3" daemon [_thread_blocked, id=21104, stack(0x000000472a200000,0x000000472a300000)]
  0x000001e6d77ce000 JavaThread "Monitor Ctrl-Break" daemon [_thread_in_native, id=12268, stack(0x000000472a800000,0x000000472a900000)]
  0x000001e6d730d000 JavaThread "Java2D Disposer" daemon [_thread_blocked, id=11792, stack(0x000000472aa00000,0x000000472ab00000)]
  0x000001e6d7c61800 JavaThread "AWT-Shutdown" [_thread_blocked, id=7648, stack(0x000000472ab00000,0x000000472ac00000)]
  0x000001e6d7c62000 JavaThread "AWT-Windows" daemon [_thread_in_native, id=17872, stack(0x000000472ac00000,0x000000472ad00000)]
  0x000001e6d73dc000 JavaThread "Image Fetcher 0" daemon [_thread_blocked, id=13272, stack(0x000000472ad00000,0x000000472ae00000)]
=>0x000001e6d778d800 JavaThread "AWT-EventQueue-0" [_thread_in_native, id=11308, stack(0x000000472ae00000,0x000000472af00000)]
  0x000001e6d7cde000 JavaThread "JNativeHook Hook Thread" [_thread_in_native, id=8956, stack(0x000000472af00000,0x000000472b000000)]
  0x000001e6d8972800 JavaThread "C2 CompilerThread1" daemon [_thread_blocked, id=23644, stack(0x000000472a300000,0x000000472a400000)]
  0x000001e6d8973000 JavaThread "C2 CompilerThread2" daemon [_thread_blocked, id=23140, stack(0x000000472b500000,0x000000472b600000)]
  0x000001e6d8ca7800 JavaThread "JNativeHook Dispatch Thread" daemon [_thread_blocked, id=7900, stack(0x000000472c100000,0x000000472c200000)]
  0x000001e6b5bac800 JavaThread "DestroyJavaVM" [_thread_blocked, id=15480, stack(0x0000004729000000,0x0000004729100000)]
  0x000001e6d93fc800 JavaThread "D3D Screen Updater" daemon [_thread_blocked, id=11236, stack(0x000000472c300000,0x000000472c400000)]
  0x000001e6d8ac4000 JavaThread "C2 CompilerThread3" daemon [_thread_blocked, id=10112, stack(0x000000472c400000,0x000000472c500000)]
  0x000001e6d9393000 JavaThread "C2 CompilerThread4" daemon [_thread_blocked, id=16992, stack(0x000000472c500000,0x000000472c600000)]
  0x000001e6d8985000 JavaThread "C2 CompilerThread5" daemon [_thread_blocked, id=6860, stack(0x000000472c600000,0x000000472c700000)]
  0x000001e6d8986000 JavaThread "C2 CompilerThread6" daemon [_thread_blocked, id=10696, stack(0x000000472c700000,0x000000472c800000)]
  0x000001e6d8988800 JavaThread "C2 CompilerThread7" daemon [_thread_blocked, id=20636, stack(0x000000472c800000,0x000000472c900000)]
  0x000001e6d93ba000 JavaThread "Thread-3" [_thread_in_Java, id=6152, stack(0x000000472ca00000,0x000000472cb00000)]

Other Threads:
  0x000001e6d5b16000 VMThread "VM Thread" [stack: 0x0000004729600000,0x0000004729700000] [id=14604]
  0x000001e6d76b1000 WatcherThread [stack: 0x000000472a900000,0x000000472aa00000] [id=9488]
  0x000001e6b5bc3800 GCTaskThread "GC Thread#0" [stack: 0x0000004729100000,0x0000004729200000] [id=9048]
  0x000001e6d6f97800 GCTaskThread "GC Thread#1" [stack: 0x000000472a400000,0x000000472a500000] [id=9344]
  0x000001e6d6f6a800 GCTaskThread "GC Thread#2" [stack: 0x000000472a500000,0x000000472a600000] [id=24200]
  0x000001e6d6a30000 GCTaskThread "GC Thread#3" [stack: 0x000000472a600000,0x000000472a700000] [id=24236]
  0x000001e6d689f800 GCTaskThread "GC Thread#4" [stack: 0x000000472a700000,0x000000472a800000] [id=10096]
  0x000001e6d876c800 GCTaskThread "GC Thread#5" [stack: 0x000000472b000000,0x000000472b100000] [id=2160]
  0x000001e6d876d000 GCTaskThread "GC Thread#6" [stack: 0x000000472b100000,0x000000472b200000] [id=24504]
  0x000001e6d8778000 GCTaskThread "GC Thread#7" [stack: 0x000000472b200000,0x000000472b300000] [id=23596]
  0x000001e6b5c22000 ConcurrentGCThread "G1 Main Marker" [stack: 0x0000004729200000,0x0000004729300000] [id=21692]
  0x000001e6b5c24000 ConcurrentGCThread "G1 Conc#0" [stack: 0x0000004729300000,0x0000004729400000] [id=18476]
  0x000001e6d73d7800 ConcurrentGCThread "G1 Conc#1" [stack: 0x000000472b300000,0x000000472b400000] [id=18192]
  0x000001e6d6c4f000 ConcurrentGCThread "G1 Conc#2" [stack: 0x000000472b400000,0x000000472b500000] [id=18144]
  0x000001e6d59fb800 ConcurrentGCThread "G1 Refine#0" [stack: 0x0000004729400000,0x0000004729500000] [id=23164]
  0x000001e6d59ff000 ConcurrentGCThread "G1 Young RemSet Sampling" [stack: 0x0000004729500000,0x0000004729600000] [id=10572]

Threads with active compile tasks:

VM state:not at safepoint (normal execution)

VM Mutex/Monitor currently owned by a thread: None

Heap address: 0x000000070a400000, size: 3932 MB, Compressed Oops mode: Zero based, Oop shift amount: 3
Narrow klass base: 0x0000000800000000, Narrow klass shift: 0
Compressed class space size: 1073741824 Address: 0x0000000800000000

Heap:
 garbage-first heap   total 251904K, used 142838K [0x000000070a400000, 0x0000000800000000)
  region size 1024K, 21 young (21504K), 1 survivors (1024K)
 Metaspace       used 21448K, capacity 21989K, committed 22144K, reserved 1069056K
  class space    used 2146K, capacity 2409K, committed 2432K, reserved 1048576K
Heap Regions: E=young(eden), S=young(survivor), O=old, HS=humongous(starts), HC=humongous(continues), CS=collection set, F=free, A=archive, TAMS=top-at-mark-start (previous, next)
|   0|0x000000070a400000, 0x000000070a500000, 0x000000070a500000|100%|HS|  |TAMS 0x000000070a500000, 0x000000070a400000| Complete 
|   1|0x000000070a500000, 0x000000070a600000, 0x000000070a600000|100%| O|  |TAMS 0x000000070a600000, 0x000000070a500000| Untracked 
|   2|0x000000070a600000, 0x000000070a700000, 0x000000070a700000|100%| O|  |TAMS 0x000000070a700000, 0x000000070a600000| Untracked 
|   3|0x000000070a700000, 0x000000070a800000, 0x000000070a800000|100%| O|  |TAMS 0x000000070a800000, 0x000000070a700000| Untracked 
|   4|0x000000070a800000, 0x000000070a900000, 0x000000070a900000|100%| O|  |TAMS 0x000000070a900000, 0x000000070a800000| Untracked 
|   5|0x000000070a900000, 0x000000070aa00000, 0x000000070aa00000|100%| O|  |TAMS 0x000000070aa00000, 0x000000070a900000| Untracked 
|   6|0x000000070aa00000, 0x000000070ab00000, 0x000000070ab00000|100%| O|  |TAMS 0x000000070ab00000, 0x000000070aa00000| Untracked 
|   7|0x000000070ab00000, 0x000000070abd9c00, 0x000000070ac00000| 85%| O|  |TAMS 0x000000070abd9c00, 0x000000070ab00000| Untracked 
|   8|0x000000070ac00000, 0x000000070ad00000, 0x000000070ad00000|100%|HS|  |TAMS 0x000000070ac00000, 0x000000070ac00000| Complete 
|   9|0x000000070ad00000, 0x000000070ae00000, 0x000000070ae00000|100%|HC|  |TAMS 0x000000070ad00000, 0x000000070ad00000| Complete 
|  10|0x000000070ae00000, 0x000000070af00000, 0x000000070af00000|100%|HC|  |TAMS 0x000000070ae00000, 0x000000070ae00000| Complete 
|  11|0x000000070af00000, 0x000000070b000000, 0x000000070b000000|100%|HC|  |TAMS 0x000000070af00000, 0x000000070af00000| Complete 
|  12|0x000000070b000000, 0x000000070b100000, 0x000000070b100000|100%|HC|  |TAMS 0x000000070b000000, 0x000000070b000000| Complete 
|  13|0x000000070b100000, 0x000000070b200000, 0x000000070b200000|100%|HC|  |TAMS 0x000000070b100000, 0x000000070b100000| Complete 
|  14|0x000000070b200000, 0x000000070b300000, 0x000000070b300000|100%|HC|  |TAMS 0x000000070b200000, 0x000000070b200000| Complete 
|  15|0x000000070b300000, 0x000000070b400000, 0x000000070b400000|100%|HC|  |TAMS 0x000000070b300000, 0x000000070b300000| Complete 
|  16|0x000000070b400000, 0x000000070b500000, 0x000000070b500000|100%|HC|  |TAMS 0x000000070b400000, 0x000000070b400000| Complete 
|  17|0x000000070b500000, 0x000000070b600000, 0x000000070b600000|100%|HC|  |TAMS 0x000000070b500000, 0x000000070b500000| Complete 
|  18|0x000000070b600000, 0x000000070b700000, 0x000000070b700000|100%|HC|  |TAMS 0x000000070b600000, 0x000000070b600000| Complete 
|  19|0x000000070b700000, 0x000000070b800000, 0x000000070b800000|100%|HC|  |TAMS 0x000000070b700000, 0x000000070b700000| Complete 
|  20|0x000000070b800000, 0x000000070b900000, 0x000000070b900000|100%|HC|  |TAMS 0x000000070b800000, 0x000000070b800000| Complete 
|  21|0x000000070b900000, 0x000000070ba00000, 0x000000070ba00000|100%|HC|  |TAMS 0x000000070b900000, 0x000000070b900000| Complete 
|  22|0x000000070ba00000, 0x000000070bb00000, 0x000000070bb00000|100%|HC|  |TAMS 0x000000070ba00000, 0x000000070ba00000| Complete 
|  23|0x000000070bb00000, 0x000000070bc00000, 0x000000070bc00000|100%|HC|  |TAMS 0x000000070bb00000, 0x000000070bb00000| Complete 
|  24|0x000000070bc00000, 0x000000070bd00000, 0x000000070bd00000|100%|HC|  |TAMS 0x000000070bc00000, 0x000000070bc00000| Complete 
|  25|0x000000070bd00000, 0x000000070be00000, 0x000000070be00000|100%|HC|  |TAMS 0x000000070bd00000, 0x000000070bd00000| Complete 
|  26|0x000000070be00000, 0x000000070bf00000, 0x000000070bf00000|100%|HC|  |TAMS 0x000000070be00000, 0x000000070be00000| Complete 
|  27|0x000000070bf00000, 0x000000070c000000, 0x000000070c000000|100%|HC|  |TAMS 0x000000070bf00000, 0x000000070bf00000| Complete 
|  28|0x000000070c000000, 0x000000070c100000, 0x000000070c100000|100%|HC|  |TAMS 0x000000070c000000, 0x000000070c000000| Complete 
|  29|0x000000070c100000, 0x000000070c200000, 0x000000070c200000|100%|HC|  |TAMS 0x000000070c100000, 0x000000070c100000| Complete 
|  30|0x000000070c200000, 0x000000070c300000, 0x000000070c300000|100%|HC|  |TAMS 0x000000070c200000, 0x000000070c200000| Complete 
|  31|0x000000070c300000, 0x000000070c400000, 0x000000070c400000|100%|HC|  |TAMS 0x000000070c300000, 0x000000070c300000| Complete 
|  32|0x000000070c400000, 0x000000070c500000, 0x000000070c500000|100%|HC|  |TAMS 0x000000070c400000, 0x000000070c400000| Complete 
|  33|0x000000070c500000, 0x000000070c600000, 0x000000070c600000|100%|HC|  |TAMS 0x000000070c500000, 0x000000070c500000| Complete 
|  34|0x000000070c600000, 0x000000070c700000, 0x000000070c700000|100%|HC|  |TAMS 0x000000070c600000, 0x000000070c600000| Complete 
|  35|0x000000070c700000, 0x000000070c800000, 0x000000070c800000|100%|HC|  |TAMS 0x000000070c700000, 0x000000070c700000| Complete 
|  36|0x000000070c800000, 0x000000070c900000, 0x000000070c900000|100%|HC|  |TAMS 0x000000070c800000, 0x000000070c800000| Complete 
|  37|0x000000070c900000, 0x000000070ca00000, 0x000000070ca00000|100%|HC|  |TAMS 0x000000070c900000, 0x000000070c900000| Complete 
|  38|0x000000070ca00000, 0x000000070cb00000, 0x000000070cb00000|100%|HC|  |TAMS 0x000000070ca00000, 0x000000070ca00000| Complete 
|  39|0x000000070cb00000, 0x000000070cc00000, 0x000000070cc00000|100%|HC|  |TAMS 0x000000070cb00000, 0x000000070cb00000| Complete 
|  40|0x000000070cc00000, 0x000000070cd00000, 0x000000070cd00000|100%|HC|  |TAMS 0x000000070cc00000, 0x000000070cc00000| Complete 
|  41|0x000000070cd00000, 0x000000070ce00000, 0x000000070ce00000|100%|HC|  |TAMS 0x000000070cd00000, 0x000000070cd00000| Complete 
|  42|0x000000070ce00000, 0x000000070cf00000, 0x000000070cf00000|100%|HC|  |TAMS 0x000000070ce00000, 0x000000070ce00000| Complete 
|  43|0x000000070cf00000, 0x000000070d000000, 0x000000070d000000|100%|HC|  |TAMS 0x000000070cf00000, 0x000000070cf00000| Complete 
|  44|0x000000070d000000, 0x000000070d100000, 0x000000070d100000|100%|HC|  |TAMS 0x000000070d000000, 0x000000070d000000| Complete 
|  45|0x000000070d100000, 0x000000070d200000, 0x000000070d200000|100%|HC|  |TAMS 0x000000070d100000, 0x000000070d100000| Complete 
|  46|0x000000070d200000, 0x000000070d300000, 0x000000070d300000|100%|HC|  |TAMS 0x000000070d200000, 0x000000070d200000| Complete 
|  47|0x000000070d300000, 0x000000070d400000, 0x000000070d400000|100%|HC|  |TAMS 0x000000070d300000, 0x000000070d300000| Complete 
|  48|0x000000070d400000, 0x000000070d500000, 0x000000070d500000|100%|HC|  |TAMS 0x000000070d400000, 0x000000070d400000| Complete 
|  49|0x000000070d500000, 0x000000070d600000, 0x000000070d600000|100%|HC|  |TAMS 0x000000070d500000, 0x000000070d500000| Complete 
|  50|0x000000070d600000, 0x000000070d700000, 0x000000070d700000|100%|HC|  |TAMS 0x000000070d600000, 0x000000070d600000| Complete 
|  51|0x000000070d700000, 0x000000070d800000, 0x000000070d800000|100%|HC|  |TAMS 0x000000070d700000, 0x000000070d700000| Complete 
|  52|0x000000070d800000, 0x000000070d900000, 0x000000070d900000|100%|HC|  |TAMS 0x000000070d800000, 0x000000070d800000| Complete 
|  53|0x000000070d900000, 0x000000070da00000, 0x000000070da00000|100%|HC|  |TAMS 0x000000070d900000, 0x000000070d900000| Complete 
|  54|0x000000070da00000, 0x000000070db00000, 0x000000070db00000|100%|HC|  |TAMS 0x000000070da00000, 0x000000070da00000| Complete 
|  55|0x000000070db00000, 0x000000070dc00000, 0x000000070dc00000|100%|HC|  |TAMS 0x000000070db00000, 0x000000070db00000| Complete 
|  56|0x000000070dc00000, 0x000000070dc00000, 0x000000070dd00000|  0%| F|  |TAMS 0x000000070dc00000, 0x000000070dc00000| Untracked 
|  57|0x000000070dd00000, 0x000000070dd00000, 0x000000070de00000|  0%| F|  |TAMS 0x000000070dd00000, 0x000000070dd00000| Untracked 
|  58|0x000000070de00000, 0x000000070de00000, 0x000000070df00000|  0%| F|  |TAMS 0x000000070de00000, 0x000000070de00000| Untracked 
|  59|0x000000070df00000, 0x000000070df00000, 0x000000070e000000|  0%| F|  |TAMS 0x000000070df00000, 0x000000070df00000| Untracked 
|  60|0x000000070e000000, 0x000000070e000000, 0x000000070e100000|  0%| F|  |TAMS 0x000000070e000000, 0x000000070e000000| Untracked 
|  61|0x000000070e100000, 0x000000070e100000, 0x000000070e200000|  0%| F|  |TAMS 0x000000070e100000, 0x000000070e100000| Untracked 
|  62|0x000000070e200000, 0x000000070e200000, 0x000000070e300000|  0%| F|  |TAMS 0x000000070e200000, 0x000000070e200000| Untracked 
|  63|0x000000070e300000, 0x000000070e300000, 0x000000070e400000|  0%| F|  |TAMS 0x000000070e300000, 0x000000070e300000| Untracked 
|  64|0x000000070e400000, 0x000000070e400000, 0x000000070e500000|  0%| F|  |TAMS 0x000000070e400000, 0x000000070e400000| Untracked 
|  65|0x000000070e500000, 0x000000070e500000, 0x000000070e600000|  0%| F|  |TAMS 0x000000070e500000, 0x000000070e500000| Untracked 
|  66|0x000000070e600000, 0x000000070e600000, 0x000000070e700000|  0%| F|  |TAMS 0x000000070e600000, 0x000000070e600000| Untracked 
|  67|0x000000070e700000, 0x000000070e700000, 0x000000070e800000|  0%| F|  |TAMS 0x000000070e700000, 0x000000070e700000| Untracked 
|  68|0x000000070e800000, 0x000000070e800000, 0x000000070e900000|  0%| F|  |TAMS 0x000000070e800000, 0x000000070e800000| Untracked 
|  69|0x000000070e900000, 0x000000070e900000, 0x000000070ea00000|  0%| F|  |TAMS 0x000000070e900000, 0x000000070e900000| Untracked 
|  70|0x000000070ea00000, 0x000000070ea00000, 0x000000070eb00000|  0%| F|  |TAMS 0x000000070ea00000, 0x000000070ea00000| Untracked 
|  71|0x000000070eb00000, 0x000000070ec00000, 0x000000070ec00000|100%|HS|  |TAMS 0x000000070ec00000, 0x000000070eb00000| Complete 
|  72|0x000000070ec00000, 0x000000070ed00000, 0x000000070ed00000|100%|HC|  |TAMS 0x000000070ed00000, 0x000000070ec00000| Complete 
|  73|0x000000070ed00000, 0x000000070ee00000, 0x000000070ee00000|100%|HC|  |TAMS 0x000000070ee00000, 0x000000070ed00000| Complete 
|  74|0x000000070ee00000, 0x000000070ef00000, 0x000000070ef00000|100%|HC|  |TAMS 0x000000070ef00000, 0x000000070ee00000| Complete 
|  75|0x000000070ef00000, 0x000000070f000000, 0x000000070f000000|100%|HC|  |TAMS 0x000000070f000000, 0x000000070ef00000| Complete 
|  76|0x000000070f000000, 0x000000070f100000, 0x000000070f100000|100%|HC|  |TAMS 0x000000070f100000, 0x000000070f000000| Complete 
|  77|0x000000070f100000, 0x000000070f200000, 0x000000070f200000|100%|HC|  |TAMS 0x000000070f200000, 0x000000070f100000| Complete 
|  78|0x000000070f200000, 0x000000070f300000, 0x000000070f300000|100%|HC|  |TAMS 0x000000070f300000, 0x000000070f200000| Complete 
|  79|0x000000070f300000, 0x000000070f400000, 0x000000070f400000|100%|HC|  |TAMS 0x000000070f400000, 0x000000070f300000| Complete 
|  80|0x000000070f400000, 0x000000070f500000, 0x000000070f500000|100%|HC|  |TAMS 0x000000070f500000, 0x000000070f400000| Complete 
|  81|0x000000070f500000, 0x000000070f600000, 0x000000070f600000|100%|HC|  |TAMS 0x000000070f600000, 0x000000070f500000| Complete 
|  82|0x000000070f600000, 0x000000070f700000, 0x000000070f700000|100%|HC|  |TAMS 0x000000070f700000, 0x000000070f600000| Complete 
|  83|0x000000070f700000, 0x000000070f800000, 0x000000070f800000|100%|HC|  |TAMS 0x000000070f800000, 0x000000070f700000| Complete 
|  84|0x000000070f800000, 0x000000070f900000, 0x000000070f900000|100%|HC|  |TAMS 0x000000070f900000, 0x000000070f800000| Complete 
|  85|0x000000070f900000, 0x000000070fa00000, 0x000000070fa00000|100%|HC|  |TAMS 0x000000070fa00000, 0x000000070f900000| Complete 
|  86|0x000000070fa00000, 0x000000070fb00000, 0x000000070fb00000|100%|HC|  |TAMS 0x000000070fb00000, 0x000000070fa00000| Complete 
|  87|0x000000070fb00000, 0x000000070fc00000, 0x000000070fc00000|100%|HC|  |TAMS 0x000000070fc00000, 0x000000070fb00000| Complete 
|  88|0x000000070fc00000, 0x000000070fd00000, 0x000000070fd00000|100%|HC|  |TAMS 0x000000070fd00000, 0x000000070fc00000| Complete 
|  89|0x000000070fd00000, 0x000000070fe00000, 0x000000070fe00000|100%|HC|  |TAMS 0x000000070fe00000, 0x000000070fd00000| Complete 
|  90|0x000000070fe00000, 0x000000070ff00000, 0x000000070ff00000|100%|HC|  |TAMS 0x000000070ff00000, 0x000000070fe00000| Complete 
|  91|0x000000070ff00000, 0x0000000710000000, 0x0000000710000000|100%|HC|  |TAMS 0x0000000710000000, 0x000000070ff00000| Complete 
|  92|0x0000000710000000, 0x0000000710100000, 0x0000000710100000|100%|HC|  |TAMS 0x0000000710100000, 0x0000000710000000| Complete 
|  93|0x0000000710100000, 0x0000000710200000, 0x0000000710200000|100%|HC|  |TAMS 0x0000000710200000, 0x0000000710100000| Complete 
|  94|0x0000000710200000, 0x0000000710300000, 0x0000000710300000|100%|HC|  |TAMS 0x0000000710300000, 0x0000000710200000| Complete 
|  95|0x0000000710300000, 0x0000000710400000, 0x0000000710400000|100%|HC|  |TAMS 0x0000000710400000, 0x0000000710300000| Complete 
|  96|0x0000000710400000, 0x0000000710500000, 0x0000000710500000|100%|HC|  |TAMS 0x0000000710500000, 0x0000000710400000| Complete 
|  97|0x0000000710500000, 0x0000000710600000, 0x0000000710600000|100%|HC|  |TAMS 0x0000000710600000, 0x0000000710500000| Complete 
|  98|0x0000000710600000, 0x0000000710700000, 0x0000000710700000|100%|HC|  |TAMS 0x0000000710700000, 0x0000000710600000| Complete 
|  99|0x0000000710700000, 0x0000000710800000, 0x0000000710800000|100%|HC|  |TAMS 0x0000000710800000, 0x0000000710700000| Complete 
| 100|0x0000000710800000, 0x0000000710900000, 0x0000000710900000|100%|HC|  |TAMS 0x0000000710900000, 0x0000000710800000| Complete 
| 101|0x0000000710900000, 0x0000000710a00000, 0x0000000710a00000|100%|HC|  |TAMS 0x0000000710a00000, 0x0000000710900000| Complete 
| 102|0x0000000710a00000, 0x0000000710b00000, 0x0000000710b00000|100%|HC|  |TAMS 0x0000000710b00000, 0x0000000710a00000| Complete 
| 103|0x0000000710b00000, 0x0000000710c00000, 0x0000000710c00000|100%|HC|  |TAMS 0x0000000710c00000, 0x0000000710b00000| Complete 
| 104|0x0000000710c00000, 0x0000000710d00000, 0x0000000710d00000|100%|HC|  |TAMS 0x0000000710d00000, 0x0000000710c00000| Complete 
| 105|0x0000000710d00000, 0x0000000710e00000, 0x0000000710e00000|100%|HC|  |TAMS 0x0000000710e00000, 0x0000000710d00000| Complete 
| 106|0x0000000710e00000, 0x0000000710f00000, 0x0000000710f00000|100%|HC|  |TAMS 0x0000000710f00000, 0x0000000710e00000| Complete 
| 107|0x0000000710f00000, 0x0000000711000000, 0x0000000711000000|100%|HC|  |TAMS 0x0000000711000000, 0x0000000710f00000| Complete 
| 108|0x0000000711000000, 0x0000000711100000, 0x0000000711100000|100%|HC|  |TAMS 0x0000000711100000, 0x0000000711000000| Complete 
| 109|0x0000000711100000, 0x0000000711200000, 0x0000000711200000|100%|HC|  |TAMS 0x0000000711200000, 0x0000000711100000| Complete 
| 110|0x0000000711200000, 0x0000000711300000, 0x0000000711300000|100%|HC|  |TAMS 0x0000000711300000, 0x0000000711200000| Complete 
| 111|0x0000000711300000, 0x0000000711400000, 0x0000000711400000|100%|HC|  |TAMS 0x0000000711400000, 0x0000000711300000| Complete 
| 112|0x0000000711400000, 0x0000000711500000, 0x0000000711500000|100%|HC|  |TAMS 0x0000000711500000, 0x0000000711400000| Complete 
| 113|0x0000000711500000, 0x0000000711600000, 0x0000000711600000|100%|HC|  |TAMS 0x0000000711600000, 0x0000000711500000| Complete 
| 114|0x0000000711600000, 0x0000000711700000, 0x0000000711700000|100%|HC|  |TAMS 0x0000000711700000, 0x0000000711600000| Complete 
| 115|0x0000000711700000, 0x0000000711800000, 0x0000000711800000|100%|HC|  |TAMS 0x0000000711800000, 0x0000000711700000| Complete 
| 116|0x0000000711800000, 0x0000000711900000, 0x0000000711900000|100%|HC|  |TAMS 0x0000000711900000, 0x0000000711800000| Complete 
| 117|0x0000000711900000, 0x0000000711a00000, 0x0000000711a00000|100%|HC|  |TAMS 0x0000000711a00000, 0x0000000711900000| Complete 
| 118|0x0000000711a00000, 0x0000000711b00000, 0x0000000711b00000|100%|HC|  |TAMS 0x0000000711b00000, 0x0000000711a00000| Complete 
| 119|0x0000000711b00000, 0x0000000711c00000, 0x0000000711c00000|100%|HC|  |TAMS 0x0000000711c00000, 0x0000000711b00000| Complete 
| 120|0x0000000711c00000, 0x0000000711d00000, 0x0000000711d00000|100%|HC|  |TAMS 0x0000000711d00000, 0x0000000711c00000| Complete 
| 121|0x0000000711d00000, 0x0000000711e00000, 0x0000000711e00000|100%|HC|  |TAMS 0x0000000711e00000, 0x0000000711d00000| Complete 
| 122|0x0000000711e00000, 0x0000000711f00000, 0x0000000711f00000|100%|HC|  |TAMS 0x0000000711f00000, 0x0000000711e00000| Complete 
| 123|0x0000000711f00000, 0x0000000712000000, 0x0000000712000000|100%|HC|  |TAMS 0x0000000712000000, 0x0000000711f00000| Complete 
| 124|0x0000000712000000, 0x0000000712100000, 0x0000000712100000|100%|HC|  |TAMS 0x0000000712100000, 0x0000000712000000| Complete 
| 125|0x0000000712100000, 0x0000000712200000, 0x0000000712200000|100%|HC|  |TAMS 0x0000000712200000, 0x0000000712100000| Complete 
| 126|0x0000000712200000, 0x0000000712300000, 0x0000000712300000|100%|HC|  |TAMS 0x0000000712300000, 0x0000000712200000| Complete 
| 127|0x0000000712300000, 0x0000000712400000, 0x0000000712400000|100%|HC|  |TAMS 0x0000000712400000, 0x0000000712300000| Complete 
| 128|0x0000000712400000, 0x0000000712500000, 0x0000000712500000|100%|HC|  |TAMS 0x0000000712500000, 0x0000000712400000| Complete 
| 129|0x0000000712500000, 0x0000000712600000, 0x0000000712600000|100%|HC|  |TAMS 0x0000000712600000, 0x0000000712500000| Complete 
| 130|0x0000000712600000, 0x0000000712700000, 0x0000000712700000|100%|HC|  |TAMS 0x0000000712700000, 0x0000000712600000| Complete 
| 131|0x0000000712700000, 0x0000000712800000, 0x0000000712800000|100%|HC|  |TAMS 0x0000000712800000, 0x0000000712700000| Complete 
| 132|0x0000000712800000, 0x0000000712900000, 0x0000000712900000|100%|HC|  |TAMS 0x0000000712900000, 0x0000000712800000| Complete 
| 133|0x0000000712900000, 0x0000000712a00000, 0x0000000712a00000|100%|HC|  |TAMS 0x0000000712a00000, 0x0000000712900000| Complete 
| 134|0x0000000712a00000, 0x0000000712b00000, 0x0000000712b00000|100%|HC|  |TAMS 0x0000000712b00000, 0x0000000712a00000| Complete 
| 135|0x0000000712b00000, 0x0000000712c00000, 0x0000000712c00000|100%|HC|  |TAMS 0x0000000712c00000, 0x0000000712b00000| Complete 
| 136|0x0000000712c00000, 0x0000000712c00000, 0x0000000712d00000|  0%| F|  |TAMS 0x0000000712c00000, 0x0000000712c00000| Untracked 
| 137|0x0000000712d00000, 0x0000000712d00000, 0x0000000712e00000|  0%| F|  |TAMS 0x0000000712d00000, 0x0000000712d00000| Untracked 
| 138|0x0000000712e00000, 0x0000000712e00000, 0x0000000712f00000|  0%| F|  |TAMS 0x0000000712e00000, 0x0000000712e00000| Untracked 
| 139|0x0000000712f00000, 0x0000000712f00000, 0x0000000713000000|  0%| F|  |TAMS 0x0000000712f00000, 0x0000000712f00000| Untracked 
| 140|0x0000000713000000, 0x0000000713000000, 0x0000000713100000|  0%| F|  |TAMS 0x0000000713000000, 0x0000000713000000| Untracked 
| 141|0x0000000713100000, 0x0000000713100000, 0x0000000713200000|  0%| F|  |TAMS 0x0000000713100000, 0x0000000713100000| Untracked 
| 142|0x0000000713200000, 0x0000000713200000, 0x0000000713300000|  0%| F|  |TAMS 0x0000000713200000, 0x0000000713200000| Untracked 
| 143|0x0000000713300000, 0x0000000713300000, 0x0000000713400000|  0%| F|  |TAMS 0x0000000713300000, 0x0000000713300000| Untracked 
| 144|0x0000000713400000, 0x0000000713400000, 0x0000000713500000|  0%| F|  |TAMS 0x0000000713400000, 0x0000000713400000| Untracked 
| 145|0x0000000713500000, 0x0000000713500000, 0x0000000713600000|  0%| F|  |TAMS 0x0000000713500000, 0x0000000713500000| Untracked 
| 146|0x0000000713600000, 0x0000000713600000, 0x0000000713700000|  0%| F|  |TAMS 0x0000000713600000, 0x0000000713600000| Untracked 
| 147|0x0000000713700000, 0x0000000713700000, 0x0000000713800000|  0%| F|  |TAMS 0x0000000713700000, 0x0000000713700000| Untracked 
| 148|0x0000000713800000, 0x0000000713800000, 0x0000000713900000|  0%| F|  |TAMS 0x0000000713800000, 0x0000000713800000| Untracked 
| 149|0x0000000713900000, 0x0000000713900000, 0x0000000713a00000|  0%| F|  |TAMS 0x0000000713900000, 0x0000000713900000| Untracked 
| 150|0x0000000713a00000, 0x0000000713a00000, 0x0000000713b00000|  0%| F|  |TAMS 0x0000000713a00000, 0x0000000713a00000| Untracked 
| 151|0x0000000713b00000, 0x0000000713b00000, 0x0000000713c00000|  0%| F|  |TAMS 0x0000000713b00000, 0x0000000713b00000| Untracked 
| 152|0x0000000713c00000, 0x0000000713c00000, 0x0000000713d00000|  0%| F|  |TAMS 0x0000000713c00000, 0x0000000713c00000| Untracked 
| 153|0x0000000713d00000, 0x0000000713d00000, 0x0000000713e00000|  0%| F|  |TAMS 0x0000000713d00000, 0x0000000713d00000| Untracked 
| 154|0x0000000713e00000, 0x0000000713e00000, 0x0000000713f00000|  0%| F|  |TAMS 0x0000000713e00000, 0x0000000713e00000| Untracked 
| 155|0x0000000713f00000, 0x0000000713f00000, 0x0000000714000000|  0%| F|  |TAMS 0x0000000713f00000, 0x0000000713f00000| Untracked 
| 156|0x0000000714000000, 0x0000000714000000, 0x0000000714100000|  0%| F|  |TAMS 0x0000000714000000, 0x0000000714000000| Untracked 
| 157|0x0000000714100000, 0x0000000714100000, 0x0000000714200000|  0%| F|  |TAMS 0x0000000714100000, 0x0000000714100000| Untracked 
| 158|0x0000000714200000, 0x0000000714200000, 0x0000000714300000|  0%| F|  |TAMS 0x0000000714200000, 0x0000000714200000| Untracked 
| 159|0x0000000714300000, 0x0000000714300000, 0x0000000714400000|  0%| F|  |TAMS 0x0000000714300000, 0x0000000714300000| Untracked 
| 160|0x0000000714400000, 0x0000000714400000, 0x0000000714500000|  0%| F|  |TAMS 0x0000000714400000, 0x0000000714400000| Untracked 
| 161|0x0000000714500000, 0x0000000714500000, 0x0000000714600000|  0%| F|  |TAMS 0x0000000714500000, 0x0000000714500000| Untracked 
| 162|0x0000000714600000, 0x0000000714600000, 0x0000000714700000|  0%| F|  |TAMS 0x0000000714600000, 0x0000000714600000| Untracked 
| 163|0x0000000714700000, 0x0000000714700000, 0x0000000714800000|  0%| F|  |TAMS 0x0000000714700000, 0x0000000714700000| Untracked 
| 164|0x0000000714800000, 0x0000000714800000, 0x0000000714900000|  0%| F|  |TAMS 0x0000000714800000, 0x0000000714800000| Untracked 
| 165|0x0000000714900000, 0x0000000714900000, 0x0000000714a00000|  0%| F|  |TAMS 0x0000000714900000, 0x0000000714900000| Untracked 
| 166|0x0000000714a00000, 0x0000000714a00000, 0x0000000714b00000|  0%| F|  |TAMS 0x0000000714a00000, 0x0000000714a00000| Untracked 
| 167|0x0000000714b00000, 0x0000000714b00000, 0x0000000714c00000|  0%| F|  |TAMS 0x0000000714b00000, 0x0000000714b00000| Untracked 
| 168|0x0000000714c00000, 0x0000000714c00000, 0x0000000714d00000|  0%| F|  |TAMS 0x0000000714c00000, 0x0000000714c00000| Untracked 
| 169|0x0000000714d00000, 0x0000000714d00000, 0x0000000714e00000|  0%| F|  |TAMS 0x0000000714d00000, 0x0000000714d00000| Untracked 
| 170|0x0000000714e00000, 0x0000000714e00000, 0x0000000714f00000|  0%| F|  |TAMS 0x0000000714e00000, 0x0000000714e00000| Untracked 
| 171|0x0000000714f00000, 0x0000000714f00000, 0x0000000715000000|  0%| F|  |TAMS 0x0000000714f00000, 0x0000000714f00000| Untracked 
| 172|0x0000000715000000, 0x0000000715000000, 0x0000000715100000|  0%| F|  |TAMS 0x0000000715000000, 0x0000000715000000| Untracked 
| 173|0x0000000715100000, 0x0000000715100000, 0x0000000715200000|  0%| F|  |TAMS 0x0000000715100000, 0x0000000715100000| Untracked 
| 174|0x0000000715200000, 0x0000000715200000, 0x0000000715300000|  0%| F|  |TAMS 0x0000000715200000, 0x0000000715200000| Untracked 
| 175|0x0000000715300000, 0x0000000715300000, 0x0000000715400000|  0%| F|  |TAMS 0x0000000715300000, 0x0000000715300000| Untracked 
| 176|0x0000000715400000, 0x0000000715400000, 0x0000000715500000|  0%| F|  |TAMS 0x0000000715400000, 0x0000000715400000| Untracked 
| 177|0x0000000715500000, 0x0000000715500000, 0x0000000715600000|  0%| F|  |TAMS 0x0000000715500000, 0x0000000715500000| Untracked 
| 178|0x0000000715600000, 0x0000000715600000, 0x0000000715700000|  0%| F|  |TAMS 0x0000000715600000, 0x0000000715600000| Untracked 
| 179|0x0000000715700000, 0x0000000715700000, 0x0000000715800000|  0%| F|  |TAMS 0x0000000715700000, 0x0000000715700000| Untracked 
| 180|0x0000000715800000, 0x0000000715800000, 0x0000000715900000|  0%| F|  |TAMS 0x0000000715800000, 0x0000000715800000| Untracked 
| 181|0x0000000715900000, 0x0000000715900000, 0x0000000715a00000|  0%| F|  |TAMS 0x0000000715900000, 0x0000000715900000| Untracked 
| 182|0x0000000715a00000, 0x0000000715a00000, 0x0000000715b00000|  0%| F|  |TAMS 0x0000000715a00000, 0x0000000715a00000| Untracked 
| 183|0x0000000715b00000, 0x0000000715b00000, 0x0000000715c00000|  0%| F|  |TAMS 0x0000000715b00000, 0x0000000715b00000| Untracked 
| 184|0x0000000715c00000, 0x0000000715c00000, 0x0000000715d00000|  0%| F|  |TAMS 0x0000000715c00000, 0x0000000715c00000| Untracked 
| 185|0x0000000715d00000, 0x0000000715d00000, 0x0000000715e00000|  0%| F|  |TAMS 0x0000000715d00000, 0x0000000715d00000| Untracked 
| 186|0x0000000715e00000, 0x0000000715e00000, 0x0000000715f00000|  0%| F|  |TAMS 0x0000000715e00000, 0x0000000715e00000| Untracked 
| 187|0x0000000715f00000, 0x0000000715f00000, 0x0000000716000000|  0%| F|  |TAMS 0x0000000715f00000, 0x0000000715f00000| Untracked 
| 188|0x0000000716000000, 0x0000000716000000, 0x0000000716100000|  0%| F|  |TAMS 0x0000000716000000, 0x0000000716000000| Untracked 
| 189|0x0000000716100000, 0x0000000716100000, 0x0000000716200000|  0%| F|  |TAMS 0x0000000716100000, 0x0000000716100000| Untracked 
| 190|0x0000000716200000, 0x0000000716200000, 0x0000000716300000|  0%| F|  |TAMS 0x0000000716200000, 0x0000000716200000| Untracked 
| 191|0x0000000716300000, 0x0000000716300000, 0x0000000716400000|  0%| F|  |TAMS 0x0000000716300000, 0x0000000716300000| Untracked 
| 192|0x0000000716400000, 0x0000000716400000, 0x0000000716500000|  0%| F|  |TAMS 0x0000000716400000, 0x0000000716400000| Untracked 
| 193|0x0000000716500000, 0x0000000716500000, 0x0000000716600000|  0%| F|  |TAMS 0x0000000716500000, 0x0000000716500000| Untracked 
| 194|0x0000000716600000, 0x0000000716600000, 0x0000000716700000|  0%| F|  |TAMS 0x0000000716600000, 0x0000000716600000| Untracked 
| 195|0x0000000716700000, 0x0000000716700000, 0x0000000716800000|  0%| F|  |TAMS 0x0000000716700000, 0x0000000716700000| Untracked 
| 196|0x0000000716800000, 0x0000000716800000, 0x0000000716900000|  0%| F|  |TAMS 0x0000000716800000, 0x0000000716800000| Untracked 
| 197|0x0000000716900000, 0x0000000716900000, 0x0000000716a00000|  0%| F|  |TAMS 0x0000000716900000, 0x0000000716900000| Untracked 
| 198|0x0000000716a00000, 0x0000000716a00000, 0x0000000716b00000|  0%| F|  |TAMS 0x0000000716a00000, 0x0000000716a00000| Untracked 
| 199|0x0000000716b00000, 0x0000000716b00000, 0x0000000716c00000|  0%| F|  |TAMS 0x0000000716b00000, 0x0000000716b00000| Untracked 
| 200|0x0000000716c00000, 0x0000000716c00000, 0x0000000716d00000|  0%| F|  |TAMS 0x0000000716c00000, 0x0000000716c00000| Untracked 
| 201|0x0000000716d00000, 0x0000000716d00000, 0x0000000716e00000|  0%| F|  |TAMS 0x0000000716d00000, 0x0000000716d00000| Untracked 
| 202|0x0000000716e00000, 0x0000000716e00000, 0x0000000716f00000|  0%| F|  |TAMS 0x0000000716e00000, 0x0000000716e00000| Untracked 
| 203|0x0000000716f00000, 0x0000000716f00000, 0x0000000717000000|  0%| F|  |TAMS 0x0000000716f00000, 0x0000000716f00000| Untracked 
| 204|0x0000000717000000, 0x0000000717000000, 0x0000000717100000|  0%| F|  |TAMS 0x0000000717000000, 0x0000000717000000| Untracked 
| 205|0x0000000717100000, 0x0000000717100000, 0x0000000717200000|  0%| F|  |TAMS 0x0000000717100000, 0x0000000717100000| Untracked 
| 206|0x0000000717200000, 0x0000000717200000, 0x0000000717300000|  0%| F|  |TAMS 0x0000000717200000, 0x0000000717200000| Untracked 
| 207|0x0000000717300000, 0x0000000717300000, 0x0000000717400000|  0%| F|  |TAMS 0x0000000717300000, 0x0000000717300000| Untracked 
| 208|0x0000000717400000, 0x0000000717400000, 0x0000000717500000|  0%| F|  |TAMS 0x0000000717400000, 0x0000000717400000| Untracked 
| 209|0x0000000717500000, 0x0000000717500000, 0x0000000717600000|  0%| F|  |TAMS 0x0000000717500000, 0x0000000717500000| Untracked 
| 210|0x0000000717600000, 0x0000000717600000, 0x0000000717700000|  0%| F|  |TAMS 0x0000000717600000, 0x0000000717600000| Untracked 
| 211|0x0000000717700000, 0x0000000717700000, 0x0000000717800000|  0%| F|  |TAMS 0x0000000717700000, 0x0000000717700000| Untracked 
| 212|0x0000000717800000, 0x0000000717800000, 0x0000000717900000|  0%| F|  |TAMS 0x0000000717800000, 0x0000000717800000| Untracked 
| 213|0x0000000717900000, 0x0000000717900000, 0x0000000717a00000|  0%| F|  |TAMS 0x0000000717900000, 0x0000000717900000| Untracked 
| 214|0x0000000717a00000, 0x0000000717a00000, 0x0000000717b00000|  0%| F|  |TAMS 0x0000000717a00000, 0x0000000717a00000| Untracked 
| 215|0x0000000717b00000, 0x0000000717b00000, 0x0000000717c00000|  0%| F|  |TAMS 0x0000000717b00000, 0x0000000717b00000| Untracked 
| 216|0x0000000717c00000, 0x0000000717c00000, 0x0000000717d00000|  0%| F|  |TAMS 0x0000000717c00000, 0x0000000717c00000| Untracked 
| 217|0x0000000717d00000, 0x0000000717d00000, 0x0000000717e00000|  0%| F|  |TAMS 0x0000000717d00000, 0x0000000717d00000| Untracked 
| 218|0x0000000717e00000, 0x0000000717e00000, 0x0000000717f00000|  0%| F|  |TAMS 0x0000000717e00000, 0x0000000717e00000| Untracked 
| 219|0x0000000717f00000, 0x0000000717f00000, 0x0000000718000000|  0%| F|  |TAMS 0x0000000717f00000, 0x0000000717f00000| Untracked 
| 220|0x0000000718000000, 0x0000000718000000, 0x0000000718100000|  0%| F|  |TAMS 0x0000000718000000, 0x0000000718000000| Untracked 
| 221|0x0000000718100000, 0x0000000718100000, 0x0000000718200000|  0%| F|  |TAMS 0x0000000718100000, 0x0000000718100000| Untracked 
| 222|0x0000000718200000, 0x0000000718200000, 0x0000000718300000|  0%| F|  |TAMS 0x0000000718200000, 0x0000000718200000| Untracked 
| 223|0x0000000718300000, 0x0000000718300000, 0x0000000718400000|  0%| F|  |TAMS 0x0000000718300000, 0x0000000718300000| Untracked 
| 224|0x0000000718400000, 0x0000000718400000, 0x0000000718500000|  0%| F|  |TAMS 0x0000000718400000, 0x0000000718400000| Untracked 
| 225|0x0000000718500000, 0x0000000718509698, 0x0000000718600000|  3%| E|  |TAMS 0x0000000718500000, 0x0000000718500000| Complete 
| 226|0x0000000718600000, 0x0000000718700000, 0x0000000718700000|100%| E|  |TAMS 0x0000000718600000, 0x0000000718600000| Complete 
| 227|0x0000000718700000, 0x0000000718800000, 0x0000000718800000|100%| E|CS|TAMS 0x0000000718700000, 0x0000000718700000| Complete 
| 228|0x0000000718800000, 0x0000000718900000, 0x0000000718900000|100%| E|CS|TAMS 0x0000000718800000, 0x0000000718800000| Complete 
| 229|0x0000000718900000, 0x0000000718a00000, 0x0000000718a00000|100%| E|CS|TAMS 0x0000000718900000, 0x0000000718900000| Complete 
| 230|0x0000000718a00000, 0x0000000718b00000, 0x0000000718b00000|100%| E|CS|TAMS 0x0000000718a00000, 0x0000000718a00000| Complete 
| 231|0x0000000718b00000, 0x0000000718c00000, 0x0000000718c00000|100%| E|CS|TAMS 0x0000000718b00000, 0x0000000718b00000| Complete 
| 232|0x0000000718c00000, 0x0000000718d00000, 0x0000000718d00000|100%| E|CS|TAMS 0x0000000718c00000, 0x0000000718c00000| Complete 
| 233|0x0000000718d00000, 0x0000000718e00000, 0x0000000718e00000|100%| E|CS|TAMS 0x0000000718d00000, 0x0000000718d00000| Complete 
| 234|0x0000000718e00000, 0x0000000718f00000, 0x0000000718f00000|100%| E|CS|TAMS 0x0000000718e00000, 0x0000000718e00000| Complete 
| 235|0x0000000718f00000, 0x0000000719000000, 0x0000000719000000|100%| E|CS|TAMS 0x0000000718f00000, 0x0000000718f00000| Complete 
| 236|0x0000000719000000, 0x0000000719100000, 0x0000000719100000|100%| E|CS|TAMS 0x0000000719000000, 0x0000000719000000| Complete 
| 237|0x0000000719100000, 0x0000000719200000, 0x0000000719200000|100%| E|CS|TAMS 0x0000000719100000, 0x0000000719100000| Complete 
| 238|0x0000000719200000, 0x0000000719300000, 0x0000000719300000|100%| E|CS|TAMS 0x0000000719200000, 0x0000000719200000| Complete 
| 239|0x0000000719300000, 0x0000000719400000, 0x0000000719400000|100%| E|CS|TAMS 0x0000000719300000, 0x0000000719300000| Complete 
| 240|0x0000000719400000, 0x0000000719500000, 0x0000000719500000|100%| E|CS|TAMS 0x0000000719400000, 0x0000000719400000| Complete 
| 241|0x0000000719500000, 0x0000000719600000, 0x0000000719600000|100%| E|CS|TAMS 0x0000000719500000, 0x0000000719500000| Complete 
| 242|0x0000000719600000, 0x0000000719700000, 0x0000000719700000|100%| E|CS|TAMS 0x0000000719600000, 0x0000000719600000| Complete 
| 243|0x0000000719700000, 0x0000000719800000, 0x0000000719800000|100%| E|CS|TAMS 0x0000000719700000, 0x0000000719700000| Complete 
| 244|0x0000000719800000, 0x00000007198a3e28, 0x0000000719900000| 64%| S|CS|TAMS 0x0000000719800000, 0x0000000719800000| Complete 
| 245|0x0000000719900000, 0x0000000719a00000, 0x0000000719a00000|100%| E|CS|TAMS 0x0000000719900000, 0x0000000719900000| Complete 

Card table byte_map: [0x000001e6c9f80000,0x000001e6ca730000] _byte_map_base: 0x000001e6c672e000

Marking Bits (Prev, Next): (CMBitMap*) 0x000001e6b5c11f98, (CMBitMap*) 0x000001e6b5c11fd0
 Prev Bits: [0x000001e6caee0000, 0x000001e6cec50000)
 Next Bits: [0x000001e6cec50000, 0x000001e6d29c0000)

Polling page: 0x000001e6b43d0000

Metaspace:

Usage:
  Non-class:     19.12 MB capacity,    18.85 MB ( 99%) used,   218.59 KB (  1%) free+waste,    60.13 KB ( <1%) overhead. 
      Class:      2.35 MB capacity,     2.10 MB ( 89%) used,   231.07 KB ( 10%) free+waste,    31.06 KB (  1%) overhead. 
       Both:     21.47 MB capacity,    20.95 MB ( 98%) used,   449.66 KB (  2%) free+waste,    91.19 KB ( <1%) overhead. 

Virtual space:
  Non-class space:       20.00 MB reserved,      19.25 MB ( 96%) committed 
      Class space:        1.00 GB reserved,       2.38 MB ( <1%) committed 
             Both:        1.02 GB reserved,      21.63 MB (  2%) committed 

Chunk freelists:
   Non-Class:  4.00 KB
       Class:  23.00 KB
        Both:  27.00 KB

MaxMetaspaceSize: 17179869184.00 GB
CompressedClassSpaceSize: 1.00 GB
Initial GC threshold: 20.80 MB
Current GC threshold: 23.75 MB
CDS: off

CodeHeap 'non-profiled nmethods': size=119168Kb used=953Kb max_used=953Kb free=118214Kb
 bounds [0x000001e6c13b0000, 0x000001e6c1620000, 0x000001e6c8810000]
CodeHeap 'profiled nmethods': size=119168Kb used=4494Kb max_used=4494Kb free=114673Kb
 bounds [0x000001e6b9f50000, 0x000001e6ba3c0000, 0x000001e6c13b0000]
CodeHeap 'non-nmethods': size=7424Kb used=3449Kb max_used=3509Kb free=3974Kb
 bounds [0x000001e6b9810000, 0x000001e6b9b80000, 0x000001e6b9f50000]
 total_blobs=3299 nmethods=2095 adapters=1113
 compilation: enabled
              stopped_count=0, restarted_count=0
 full_count=0

Compilation events (20 events):
Event: 1.982 Thread 0x000001e6d6534800 nmethod 2085 0x000001e6ba3adf10 code [0x000001e6ba3ae0c0, 0x000001e6ba3ae2a8]
Event: 1.982 Thread 0x000001e6d6534800 2088       3       sun.misc.Unsafe::putLong (11 bytes)
Event: 1.982 Thread 0x000001e6d643d000 nmethod 2080 0x000001e6ba3ac490 code [0x000001e6ba3ac760, 0x000001e6ba3ada48]
Event: 1.983 Thread 0x000001e6d643d000 2089       3       org.lwjgl.system.MemoryUtil::memPutAddress (29 bytes)
Event: 1.983 Thread 0x000001e6d8988800 nmethod 2053 0x000001e6c1492390 code [0x000001e6c1492560, 0x000001e6c1492808]
Event: 1.983 Thread 0x000001e6d6534800 nmethod 2088 0x000001e6ba3b1110 code [0x000001e6ba3b12c0, 0x000001e6ba3b13b8]
Event: 1.983 Thread 0x000001e6d6534800 2086       3       jdk.internal.loader.URLClassPath$JarLoader$2::getBytes (48 bytes)
Event: 1.983 Thread 0x000001e6d65a6000 nmethod 2084 0x000001e6ba3afe10 code [0x000001e6ba3b00c0, 0x000001e6ba3b0cd8]
Event: 1.983 Thread 0x000001e6d6533800 nmethod 2082 0x000001e6ba3ae390 code [0x000001e6ba3ae680, 0x000001e6ba3af828]
Event: 1.983 Thread 0x000001e6d8988800 2090       4       java.lang.Integer::toUnsignedLong (7 bytes)
Event: 1.984 Thread 0x000001e6d643d000 nmethod 2089 0x000001e6ba3b1490 code [0x000001e6ba3b1640, 0x000001e6ba3b1838]
Event: 1.984 Thread 0x000001e6d8972800 nmethod 2049 0x000001e6c1492b90 code [0x000001e6c1492d80, 0x000001e6c14938c8]
Event: 1.984 Thread 0x000001e6d6534800 nmethod 2086 0x000001e6ba3b1910 code [0x000001e6ba3b1b20, 0x000001e6ba3b2268]
Event: 1.985 Thread 0x000001e6d8972800 2087       4       java.lang.String::startsWith (7 bytes)
Event: 1.985 Thread 0x000001e6d8ac4000 nmethod 2054 0x000001e6c1493d90 code [0x000001e6c1493f20, 0x000001e6c1494058]
Event: 1.985 Thread 0x000001e6d8988800 nmethod 2090 0x000001e6c1494190 code [0x000001e6c1494320, 0x000001e6c1494358]
Event: 1.985 Thread 0x000001e6d8988800 2062       4       java.lang.invoke.VarHandleGuards::guard_LII_Z (70 bytes)
Event: 1.987 Thread 0x000001e6d8985000 nmethod 2046 0x000001e6c1497710 code [0x000001e6c14978e0, 0x000001e6c1497f48]
Event: 1.988 Thread 0x000001e6d8986000 nmethod 1994 0x000001e6c1494490 code [0x000001e6c1494700, 0x000001e6c14961b0]
Event: 1.989 Thread 0x000001e6d642b000 nmethod 2075% 0x000001e6c1498390 code [0x000001e6c14985a0, 0x000001e6c1498a28]

GC Heap History (6 events):
Event: 0.357 GC heap before
{Heap before GC invocations=0 (full 0):
 garbage-first heap   total 251904K, used 23552K [0x000000070a400000, 0x0000000800000000)
  region size 1024K, 24 young (24576K), 0 survivors (0K)
 Metaspace       used 6158K, capacity 6255K, committed 6528K, reserved 1056768K
  class space    used 503K, capacity 534K, committed 640K, reserved 1048576K
}
Event: 0.360 GC heap after
{Heap after GC invocations=1 (full 0):
 garbage-first heap   total 251904K, used 2707K [0x000000070a400000, 0x0000000800000000)
  region size 1024K, 3 young (3072K), 3 survivors (3072K)
 Metaspace       used 6158K, capacity 6255K, committed 6528K, reserved 1056768K
  class space    used 503K, capacity 534K, committed 640K, reserved 1048576K
}
Event: 1.108 GC heap before
{Heap before GC invocations=1 (full 0):
 garbage-first heap   total 251904K, used 103059K [0x000000070a400000, 0x0000000800000000)
  region size 1024K, 31 young (31744K), 3 survivors (3072K)
 Metaspace       used 13870K, capacity 14216K, committed 14336K, reserved 1062912K
  class space    used 1308K, capacity 1469K, committed 1536K, reserved 1048576K
}
Event: 1.117 GC heap after
{Heap after GC invocations=2 (full 0):
 garbage-first heap   total 251904K, used 42238K [0x000000070a400000, 0x0000000800000000)
  region size 1024K, 8 young (8192K), 8 survivors (8192K)
 Metaspace       used 13870K, capacity 14216K, committed 14336K, reserved 1062912K
  class space    used 1308K, capacity 1469K, committed 1536K, reserved 1048576K
}
Event: 1.165 GC heap before
{Heap before GC invocations=3 (full 0):
 garbage-first heap   total 251904K, used 108798K [0x000000070a400000, 0x0000000800000000)
  region size 1024K, 9 young (9216K), 8 survivors (8192K)
 Metaspace       used 13971K, capacity 14289K, committed 14592K, reserved 1062912K
  class space    used 1319K, capacity 1472K, committed 1536K, reserved 1048576K
}
Event: 1.172 GC heap after
{Heap after GC invocations=4 (full 0):
 garbage-first heap   total 251904K, used 75254K [0x000000070a400000, 0x0000000800000000)
  region size 1024K, 1 young (1024K), 1 survivors (1024K)
 Metaspace       used 13971K, capacity 14289K, committed 14592K, reserved 1062912K
  class space    used 1319K, capacity 1472K, committed 1536K, reserved 1048576K
}

Deoptimization events (20 events):
Event: 1.912 Thread 0x000001e6d778d800 DEOPT PACKING pc=0x000001e6c14766b0 sp=0x000000472aefa5f0
Event: 1.912 Thread 0x000001e6d778d800 DEOPT UNPACKING pc=0x000001e6b985a1af sp=0x000000472aefa568 mode 2
Event: 1.942 Thread 0x000001e6d7c62000 Uncommon trap: trap_request=0xffffffde fr.pc=0x000001e6c1485a4c relative=0x000000000000008c
Event: 1.942 Thread 0x000001e6d7c62000 Uncommon trap: reason=class_check action=maybe_recompile pc=0x000001e6c1485a4c method=sun.awt.SunToolkit.getAppContext(Ljava/lang/Object;)Lsun/awt/AppContext; @ 1 c2
Event: 1.942 Thread 0x000001e6d7c62000 DEOPT PACKING pc=0x000001e6c1485a4c sp=0x000000472acfe230
Event: 1.942 Thread 0x000001e6d7c62000 DEOPT UNPACKING pc=0x000001e6b985a1af sp=0x000000472acfe168 mode 2
Event: 1.942 Thread 0x000001e6d7c62000 Uncommon trap: trap_request=0xffffffde fr.pc=0x000001e6c1485a4c relative=0x000000000000008c
Event: 1.942 Thread 0x000001e6d7c62000 Uncommon trap: reason=class_check action=maybe_recompile pc=0x000001e6c1485a4c method=sun.awt.SunToolkit.getAppContext(Ljava/lang/Object;)Lsun/awt/AppContext; @ 1 c2
Event: 1.942 Thread 0x000001e6d7c62000 DEOPT PACKING pc=0x000001e6c1485a4c sp=0x000000472acfe1b0
Event: 1.942 Thread 0x000001e6d7c62000 DEOPT UNPACKING pc=0x000001e6b985a1af sp=0x000000472acfe0e8 mode 2
Event: 1.945 Thread 0x000001e6d7c62000 Uncommon trap: trap_request=0xffffffde fr.pc=0x000001e6c1485a4c relative=0x000000000000008c
Event: 1.945 Thread 0x000001e6d7c62000 Uncommon trap: reason=class_check action=maybe_recompile pc=0x000001e6c1485a4c method=sun.awt.SunToolkit.getAppContext(Ljava/lang/Object;)Lsun/awt/AppContext; @ 1 c2
Event: 1.945 Thread 0x000001e6d7c62000 DEOPT PACKING pc=0x000001e6c1485a4c sp=0x000000472acfe230
Event: 1.945 Thread 0x000001e6d7c62000 DEOPT UNPACKING pc=0x000001e6b985a1af sp=0x000000472acfe168 mode 2
Event: 1.945 Thread 0x000001e6d7c62000 Uncommon trap: trap_request=0xffffffde fr.pc=0x000001e6c1485a4c relative=0x000000000000008c
Event: 1.945 Thread 0x000001e6d7c62000 Uncommon trap: reason=class_check action=maybe_recompile pc=0x000001e6c1485a4c method=sun.awt.SunToolkit.getAppContext(Ljava/lang/Object;)Lsun/awt/AppContext; @ 1 c2
Event: 1.945 Thread 0x000001e6d7c62000 DEOPT PACKING pc=0x000001e6c1485a4c sp=0x000000472acfe1b0
Event: 1.945 Thread 0x000001e6d7c62000 DEOPT UNPACKING pc=0x000001e6b985a1af sp=0x000000472acfe0e8 mode 2
Event: 1.989 Thread 0x000001e6d93ba000 DEOPT PACKING pc=0x000001e6ba394163 sp=0x000000472cafece0
Event: 1.989 Thread 0x000001e6d93ba000 DEOPT UNPACKING pc=0x000001e6b985a95e sp=0x000000472cafe208 mode 0

Classes redefined (0 events):
No events

Internal exceptions (20 events):
Event: 1.565 Thread 0x000001e6b5bac800 Exception <a 'sun/nio/fs/WindowsException'{0x0000000718fd5ab0}> (0x0000000718fd5ab0) thrown at [./src/hotspot/share/prims/jni.cpp, line 616]
Event: 1.565 Thread 0x000001e6b5bac800 Exception <a 'sun/nio/fs/WindowsException'{0x0000000718fd5b30}> (0x0000000718fd5b30) thrown at [./src/hotspot/share/prims/jni.cpp, line 616]
Event: 1.668 Thread 0x000001e6b5bac800 Exception <a 'java/lang/NoSuchMethodError'{0x0000000718d71288}: 'java.lang.Object java.lang.invoke.DirectMethodHandle$Holder.invokeStatic(java.lang.Object, int, java.lang.Object, java.lang.Object, java.lang.Object, java.lang.Object)'> (0x0000000718d71288) thrown at [./src/hotspot/share/interpreter/linkResolver.cpp, line 773]
Event: 1.668 Thread 0x000001e6b5bac800 Exception <a 'java/lang/NoSuchMethodError'{0x0000000718d78348}: 'java.lang.Object java.lang.invoke.DirectMethodHandle$Holder.invokeStatic(java.lang.Object, int, java.lang.Object, java.lang.Object, java.lang.Object)'> (0x0000000718d78348) thrown at [./src/hotspot/share/interpreter/linkResolver.cpp, line 773]
Event: 1.669 Thread 0x000001e6b5bac800 Exception <a 'java/lang/NoSuchMethodError'{0x0000000718d7be90}: 'java.lang.Object java.lang.invoke.DirectMethodHandle$Holder.invokeSpecial(java.lang.Object, java.lang.Object, int, java.lang.Object, java.lang.Object, java.lang.Object)'> (0x0000000718d7be90) thrown at [./src/hotspot/share/interpreter/linkResolver.cpp, line 773]
Event: 1.672 Thread 0x000001e6b5bac800 Exception <a 'java/lang/NoSuchMethodError'{0x0000000718d93a88}: 'java.lang.Object java.lang.invoke.DirectMethodHandle$Holder.invokeStatic(java.lang.Object, int, java.lang.Object)'> (0x0000000718d93a88) thrown at [./src/hotspot/share/interpreter/linkResolver.cpp, line 773]
Event: 1.695 Thread 0x000001e6b5bac800 Exception <a 'java/lang/ClassNotFoundException'{0x0000000718c41478}: com/sun/swing/internal/plaf/metal/resources/spi/metalProvider> (0x0000000718c41478) thrown at [./src/hotspot/share/classfile/systemDictionary.cpp, line 231]
Event: 1.696 Thread 0x000001e6b5bac800 Exception <a 'java/lang/ClassNotFoundException'{0x0000000718c45718}: com/sun/swing/internal/plaf/basic/resources/spi/basicProvider> (0x0000000718c45718) thrown at [./src/hotspot/share/classfile/systemDictionary.cpp, line 231]
Event: 1.703 Thread 0x000001e6b5bac800 Implicit null exception at 0x000001e6c1436ddb to 0x000001e6c143784c
Event: 1.755 Thread 0x000001e6b5bac800 Exception <a 'java/lang/NoSuchMethodError'{0x0000000718b859d0}: 'void java.lang.invoke.DirectMethodHandle$Holder.invokeVirtual(java.lang.Object, java.lang.Object)'> (0x0000000718b859d0) thrown at [./src/hotspot/share/interpreter/linkResolver.cpp, line 773]
Event: 1.758 Thread 0x000001e6b5bac800 Exception <a 'sun/nio/fs/WindowsException'{0x0000000718bcc898}> (0x0000000718bcc898) thrown at [./src/hotspot/share/prims/jni.cpp, line 616]
Event: 1.758 Thread 0x000001e6b5bac800 Exception <a 'sun/nio/fs/WindowsException'{0x0000000718bcc9b0}> (0x0000000718bcc9b0) thrown at [./src/hotspot/share/prims/jni.cpp, line 616]
Event: 1.784 Thread 0x000001e6b5bac800 Exception <a 'java/lang/NoSuchMethodError'{0x0000000718a09d48}: 'void java.lang.invoke.DirectMethodHandle$Holder.invokeStaticInit(java.lang.Object)'> (0x0000000718a09d48) thrown at [./src/hotspot/share/interpreter/linkResolver.cpp, line 773]
Event: 1.820 Thread 0x000001e6b5bac800 Exception <a 'java/lang/NoSuchMethodError'{0x0000000718922150}: 'java.lang.Object java.lang.invoke.DirectMethodHandle$Holder.invokeStatic(java.lang.Object, java.lang.Object, java.lang.Object, java.lang.Object, java.lang.Object, java.lang.Object, java.lang.Object, java.lang.Object, java.lang.Object, java.lang.Object, java.lang.Object, int)'> (0x0000000718922150) thrown at [./src/hotspot/share/interpreter/linkResolver.cpp, line 773]
Event: 1.822 Thread 0x000001e6b5bac800 Exception <a 'java/lang/NoSuchMethodError'{0x0000000718940138}: 'java.lang.Object java.lang.invoke.DirectMethodHandle$Holder.invokeStatic(java.lang.Object, java.lang.Object, java.lang.Object, java.lang.Object, java.lang.Object, java.lang.Object, java.lang.Object, java.lang.Object, java.lang.Object, java.lang.Object, java.lang.Object, int, int)'> (0x0000000718940138) thrown at [./src/hotspot/share/interpreter/linkResolver.cpp, line 773]
Event: 1.824 Thread 0x000001e6b5bac800 Exception <a 'java/lang/NoSuchMethodError'{0x000000071895f8b8}: 'java.lang.Object java.lang.invoke.DirectMethodHandle$Holder.invokeStatic(java.lang.Object, java.lang.Object, java.lang.Object, java.lang.Object, java.lang.Object, java.lang.Object, java.lang.Object, java.lang.Object, java.lang.Object, java.lang.Object, java.lang.Object, int, int, java.lang.Object)'> (0x000000071895f8b8) thrown at [./src/hotspot/share/interpreter/linkResolver.cpp, line 773]
Event: 1.970 Thread 0x000001e6d778d800 Exception <a 'sun/nio/fs/WindowsException'{0x00000007187f2338}> (0x00000007187f2338) thrown at [./src/hotspot/share/prims/jni.cpp, line 616]
Event: 1.970 Thread 0x000001e6d778d800 Exception <a 'sun/nio/fs/WindowsException'{0x00000007187f2420}> (0x00000007187f2420) thrown at [./src/hotspot/share/prims/jni.cpp, line 616]
Event: 1.977 Thread 0x000001e6d778d800 Exception <a 'sun/nio/fs/WindowsException'{0x000000071868e1d8}> (0x000000071868e1d8) thrown at [./src/hotspot/share/prims/jni.cpp, line 616]
Event: 1.978 Thread 0x000001e6d778d800 Exception <a 'sun/nio/fs/WindowsException'{0x000000071868e258}> (0x000000071868e258) thrown at [./src/hotspot/share/prims/jni.cpp, line 616]

Events (20 events):
Event: 1.955 loading class org/lwjgl/opengl/GL done
Event: 1.957 loading class org/lwjgl/opengl/GL$ICD
Event: 1.957 loading class org/lwjgl/opengl/GL$ICD done
Event: 1.959 loading class org/lwjgl/opengl/GL$ICDStatic
Event: 1.959 loading class org/lwjgl/opengl/GL$ICDStatic done
Event: 1.960 Executing VM operation: RevokeBias
Event: 1.961 Executing VM operation: RevokeBias done
Event: 1.964 Executing VM operation: RevokeBias
Event: 1.965 Executing VM operation: RevokeBias done
Event: 1.973 Loaded shared library C:\Users\Owner\AppData\Local\Temp\lwjglOwner\3.3.1-build-7\lwjgl_opengl.dll
Event: 1.975 loading class org/lwjgl/opengl/GL$2
Event: 1.975 loading class org/lwjgl/opengl/GL$2 done
Event: 1.978 loading class org/lwjgl/opengl/GL$1
Event: 1.978 loading class org/lwjgl/opengl/GL$1 done
Event: 1.980 loading class org/lwjgl/system/SharedLibrary$Delegate
Event: 1.980 loading class org/lwjgl/system/SharedLibrary$Delegate done
Event: 1.980 Executing VM operation: RevokeBias
Event: 1.980 Executing VM operation: RevokeBias done
Event: 1.983 loading class org/lwjgl/opengl/GL11C
Event: 1.983 loading class org/lwjgl/opengl/GL11C done


Dynamic libraries:
0x00007ff788cf0000 - 0x00007ff788cfa000 	C:\Program Files\JetBrains\IntelliJ IDEA Community Edition 2021.3\jbr\bin\java.exe
0x00007ffc7e6a0000 - 0x00007ffc7e8a9000 	C:\Windows\SYSTEM32\ntdll.dll
0x00007ffc7d9a0000 - 0x00007ffc7da5d000 	C:\Windows\System32\KERNEL32.DLL
0x00007ffc7bbe0000 - 0x00007ffc7bf5b000 	C:\Windows\System32\KERNELBASE.dll
0x00007ffc7bf60000 - 0x00007ffc7c071000 	C:\Windows\System32\ucrtbase.dll
0x00007ffc6e680000 - 0x00007ffc6e699000 	C:\Program Files\JetBrains\IntelliJ IDEA Community Edition 2021.3\jbr\bin\jli.dll
0x00007ffc6e6e0000 - 0x00007ffc6e6f7000 	C:\Program Files\JetBrains\IntelliJ IDEA Community Edition 2021.3\jbr\bin\VCRUNTIME140.dll
0x00007ffc7d020000 - 0x00007ffc7d1cd000 	C:\Windows\System32\USER32.dll
0x00007ffc6b0b0000 - 0x00007ffc6b355000 	C:\Windows\WinSxS\amd64_microsoft.windows.common-controls_6595b64144ccf1df_6.0.22000.120_none_9d947278b86cc467\COMCTL32.dll
0x00007ffc7c260000 - 0x00007ffc7c286000 	C:\Windows\System32\win32u.dll
0x00007ffc7c520000 - 0x00007ffc7c5c3000 	C:\Windows\System32\msvcrt.dll
0x00007ffc7dde0000 - 0x00007ffc7de09000 	C:\Windows\System32\GDI32.dll
0x00007ffc7c140000 - 0x00007ffc7c258000 	C:\Windows\System32\gdi32full.dll
0x00007ffc7c310000 - 0x00007ffc7c3ad000 	C:\Windows\System32\msvcp_win.dll
0x00007ffc7cf30000 - 0x00007ffc7cf61000 	C:\Windows\System32\IMM32.DLL
0x00007ffc6e5e0000 - 0x00007ffc6e67d000 	C:\Program Files\JetBrains\IntelliJ IDEA Community Edition 2021.3\jbr\bin\msvcp140.dll
0x00007ffc0cf40000 - 0x00007ffc0dab6000 	C:\Program Files\JetBrains\IntelliJ IDEA Community Edition 2021.3\jbr\bin\server\jvm.dll
0x00007ffc7e5b0000 - 0x00007ffc7e65e000 	C:\Windows\System32\ADVAPI32.dll
0x00007ffc7de10000 - 0x00007ffc7deae000 	C:\Windows\System32\sechost.dll
0x00007ffc7dc60000 - 0x00007ffc7dd80000 	C:\Windows\System32\RPCRT4.dll
0x00007ffc7d990000 - 0x00007ffc7d998000 	C:\Windows\System32\PSAPI.DLL
0x00007ffc789d0000 - 0x00007ffc78a03000 	C:\Windows\SYSTEM32\WINMM.dll
0x00007ffc77b00000 - 0x00007ffc77b09000 	C:\Windows\SYSTEM32\WSOCK32.dll
0x00007ffc7d1d0000 - 0x00007ffc7d23f000 	C:\Windows\System32\WS2_32.dll
0x00007ffc738d0000 - 0x00007ffc738da000 	C:\Windows\SYSTEM32\VERSION.dll
0x00007ffc7ac60000 - 0x00007ffc7ac78000 	C:\Windows\SYSTEM32\kernel.appcore.dll
0x00007ffc6e7e0000 - 0x00007ffc6e7f1000 	C:\Program Files\JetBrains\IntelliJ IDEA Community Edition 2021.3\jbr\bin\verify.dll
0x00007ffc79540000 - 0x00007ffc79761000 	C:\Windows\SYSTEM32\DBGHELP.DLL
0x00007ffc78960000 - 0x00007ffc78991000 	C:\Windows\SYSTEM32\dbgcore.DLL
0x00007ffc7c290000 - 0x00007ffc7c30f000 	C:\Windows\System32\bcryptPrimitives.dll
0x00007ffc6e7b0000 - 0x00007ffc6e7d9000 	C:\Program Files\JetBrains\IntelliJ IDEA Community Edition 2021.3\jbr\bin\java.dll
0x00007ffc6e7a0000 - 0x00007ffc6e7ab000 	C:\Program Files\JetBrains\IntelliJ IDEA Community Edition 2021.3\jbr\bin\jimage.dll
0x00007ffc78ca0000 - 0x00007ffc78caf000 	C:\Program Files\JetBrains\IntelliJ IDEA Community Edition 2021.3\jbr\bin\instrument.dll
0x00007ffc36850000 - 0x00007ffc36868000 	C:\Program Files\JetBrains\IntelliJ IDEA Community Edition 2021.3\jbr\bin\zip.dll
0x00007ffc7c5d0000 - 0x00007ffc7cd88000 	C:\Windows\System32\SHELL32.dll
0x00007ffc79c60000 - 0x00007ffc7a4c5000 	C:\Windows\SYSTEM32\windows.storage.dll
0x00007ffc7d600000 - 0x00007ffc7d977000 	C:\Windows\System32\combase.dll
0x00007ffc79af0000 - 0x00007ffc79c56000 	C:\Windows\SYSTEM32\wintypes.dll
0x00007ffc7da60000 - 0x00007ffc7db4a000 	C:\Windows\System32\SHCORE.dll
0x00007ffc7d5a0000 - 0x00007ffc7d5fd000 	C:\Windows\System32\shlwapi.dll
0x00007ffc7baa0000 - 0x00007ffc7bac1000 	C:\Windows\SYSTEM32\profapi.dll
0x00007ffc21f00000 - 0x00007ffc21f1a000 	C:\Program Files\JetBrains\IntelliJ IDEA Community Edition 2021.3\jbr\bin\net.dll
0x00007ffc76180000 - 0x00007ffc7628c000 	C:\Windows\SYSTEM32\WINHTTP.dll
0x00007ffc7b100000 - 0x00007ffc7b167000 	C:\Windows\system32\mswsock.dll
0x00007ffc1e850000 - 0x00007ffc1e864000 	C:\Program Files\JetBrains\IntelliJ IDEA Community Edition 2021.3\jbr\bin\nio.dll
0x00007ffc6e5c0000 - 0x00007ffc6e5da000 	C:\Program Files\JetBrains\IntelliJ IDEA Community Edition 2021.3\bin\breakgen64.dll
0x00007ffc1a730000 - 0x00007ffc1a8d6000 	C:\Program Files\JetBrains\IntelliJ IDEA Community Edition 2021.3\jbr\bin\awt.dll
0x00007ffc7d400000 - 0x00007ffc7d4d6000 	C:\Windows\System32\OLEAUT32.dll
0x00007ffc79040000 - 0x00007ffc7906f000 	C:\Windows\SYSTEM32\dwmapi.dll
0x00007ffc78c00000 - 0x00007ffc78c92000 	C:\Windows\SYSTEM32\apphelp.dll
0x00007ffc78d80000 - 0x00007ffc78e2c000 	C:\Windows\system32\uxtheme.dll
0x00007ffc7deb0000 - 0x00007ffc7dfcd000 	C:\Windows\System32\MSCTF.dll
0x00007ffc7cd90000 - 0x00007ffc7cf2a000 	C:\Windows\System32\ole32.dll
0x00007ffc17650000 - 0x00007ffc1777b000 	C:\Users\Owner\AppData\Local\Screencast-O-Matic-v2\SOMNative-x64-3.0.68.dll
0x00007ffc78bc0000 - 0x00007ffc78bc8000 	C:\Program Files\JetBrains\IntelliJ IDEA Community Edition 2021.3\jbr\bin\jawt.dll
0x00007ffc5bfb0000 - 0x00007ffc5c0d9000 	C:\Program Files\JetBrains\IntelliJ IDEA Community Edition 2021.3\jbr\bin\chrome_elf.dll
0x00007ffc7b620000 - 0x00007ffc7b62c000 	C:\Windows\SYSTEM32\CRYPTBASE.DLL
0x00007ffbbc5f0000 - 0x00007ffbc564b000 	C:\Program Files\JetBrains\IntelliJ IDEA Community Edition 2021.3\jbr\bin\libcef.dll
0x00007ffc7bb70000 - 0x00007ffc7bbd8000 	C:\Windows\System32\WINTRUST.dll
0x00007ffc7c3b0000 - 0x00007ffc7c512000 	C:\Windows\System32\CRYPT32.dll
0x00007ffc7a720000 - 0x00007ffc7a74d000 	C:\Windows\SYSTEM32\IPHLPAPI.DLL
0x00007ffc7db70000 - 0x00007ffc7dc5c000 	C:\Windows\System32\COMDLG32.dll
0x00007ffc74a30000 - 0x00007ffc74cb0000 	C:\Windows\SYSTEM32\d3d11.dll
0x00007ffc78ee0000 - 0x00007ffc78fd3000 	C:\Windows\SYSTEM32\dxgi.dll
0x00007ffc57840000 - 0x00007ffc57c7d000 	C:\Windows\SYSTEM32\UIAutomationCore.DLL
0x00007ffc68a90000 - 0x00007ffc68af9000 	C:\Windows\SYSTEM32\OLEACC.dll
0x00007ffc7b1f0000 - 0x00007ffc7b219000 	C:\Windows\SYSTEM32\USERENV.dll
0x00007ffc695a0000 - 0x00007ffc695ac000 	C:\Windows\SYSTEM32\Secur32.dll
0x00007ffc66b00000 - 0x00007ffc66b19000 	C:\Windows\SYSTEM32\NETAPI32.dll
0x00007ffc775c0000 - 0x00007ffc775d4000 	C:\Windows\SYSTEM32\WTSAPI32.dll
0x00007ffc7a4d0000 - 0x00007ffc7a4de000 	C:\Windows\SYSTEM32\HID.DLL
0x00007ffc797c0000 - 0x00007ffc798b7000 	C:\Windows\SYSTEM32\PROPSYS.dll
0x00007ffc6cac0000 - 0x00007ffc6cd1f000 	C:\Windows\SYSTEM32\DWrite.dll
0x00007ffc5a0a0000 - 0x00007ffc5a13b000 	C:\Windows\SYSTEM32\WINSPOOL.DRV
0x00007ffc2eb70000 - 0x00007ffc2eb89000 	C:\Windows\SYSTEM32\USP10.dll
0x00007ffc37630000 - 0x00007ffc37655000 	C:\Windows\SYSTEM32\dxva2.dll
0x00007ffc11e50000 - 0x00007ffc11ff6000 	C:\Windows\SYSTEM32\d3d9.dll
0x00007ffc78b80000 - 0x00007ffc78b9a000 	C:\Windows\SYSTEM32\credui.dll
0x00007ffc736e0000 - 0x00007ffc738cf000 	C:\Windows\SYSTEM32\urlmon.dll
0x00007ffc75020000 - 0x00007ffc7503e000 	C:\Windows\SYSTEM32\dhcpcsvc.DLL
0x00007ffc778b0000 - 0x00007ffc7790f000 	C:\Windows\SYSTEM32\wevtapi.dll
0x00007ffc28a90000 - 0x00007ffc28aed000 	C:\Windows\SYSTEM32\CRYPTUI.dll
0x00007ffc7b490000 - 0x00007ffc7b4b8000 	C:\Windows\SYSTEM32\ncrypt.dll
0x00007ffc66450000 - 0x00007ffc6694a000 	C:\Windows\SYSTEM32\WININET.dll
0x00007ffc5aae0000 - 0x00007ffc5aeab000 	C:\Windows\SYSTEM32\ESENT.dll
0x00007ffc7a710000 - 0x00007ffc7a71c000 	C:\Windows\SYSTEM32\netutils.dll
0x00007ffc73380000 - 0x00007ffc73633000 	C:\Windows\SYSTEM32\iertutil.dll
0x00007ffc738e0000 - 0x00007ffc73908000 	C:\Windows\SYSTEM32\srvcli.dll
0x00007ffc7b4c0000 - 0x00007ffc7b4e7000 	C:\Windows\SYSTEM32\bcrypt.dll
0x00007ffc78ea0000 - 0x00007ffc78ed8000 	C:\Windows\SYSTEM32\dxcore.dll
0x00007ffc7aef0000 - 0x00007ffc7af32000 	C:\Windows\SYSTEM32\SSPICLI.DLL
0x00007ffc73910000 - 0x00007ffc7392a000 	C:\Windows\SYSTEM32\WKSCLI.DLL
0x00007ffc6b050000 - 0x00007ffc6b069000 	C:\Windows\SYSTEM32\SAMCLI.DLL
0x00007ffc7b390000 - 0x00007ffc7b3a2000 	C:\Windows\SYSTEM32\MSASN1.dll
0x00007ffc7b450000 - 0x00007ffc7b487000 	C:\Windows\SYSTEM32\NTASN1.dll
0x00007ffc29b40000 - 0x00007ffc29cb7000 	C:\Program Files\JetBrains\IntelliJ IDEA Community Edition 2021.3\jbr\bin\jcef.dll
0x0000000070e80000 - 0x0000000070e94000 	C:\Users\Owner\AppData\Local\Temp\JNativeHook-2.1.0.x86_64.dll
0x00007ffc0ec70000 - 0x00007ffc11cb6000 	C:\Users\Owner\AppData\Local\Temp\exampleapp_opencv_java451.dll
0x00007ffc753d0000 - 0x00007ffc7559e000 	C:\Windows\SYSTEM32\MFPlat.DLL
0x00007ffc11cc0000 - 0x00007ffc11de0000 	C:\Windows\SYSTEM32\MFReadWrite.dll
0x00007ffc66950000 - 0x00007ffc669db000 	C:\Windows\SYSTEM32\MF.dll
0x00007ffc7b7f0000 - 0x00007ffc7b83c000 	C:\Windows\SYSTEM32\cfgmgr32.dll
0x00007ffc65fc0000 - 0x00007ffc66396000 	C:\Windows\SYSTEM32\MFCORE.DLL
0x00007ffc75270000 - 0x00007ffc752a2000 	C:\Windows\SYSTEM32\RTWorkQ.DLL
0x00007ffc6e110000 - 0x00007ffc6e185000 	C:\Users\Owner\AppData\Local\Temp\lwjglOwner\3.3.1-build-7\lwjgl.dll
0x00007ffc261e0000 - 0x00007ffc26439000 	C:\Users\Owner\AppData\Local\Temp\lwjglOwner\3.3.1-build-7\jemalloc.dll
0x00007ffc6e550000 - 0x00007ffc6e5b1000 	C:\Users\Owner\AppData\Local\Temp\lwjglOwner\3.3.1-build-7\glfw.dll
0x00007ffc2bf50000 - 0x00007ffc2c051000 	C:\Windows\system32\opengl32.dll
0x00007ffc2eb40000 - 0x00007ffc2eb6d000 	C:\Windows\SYSTEM32\GLU32.dll
0x00007ffc71250000 - 0x00007ffc71408000 	C:\Windows\System32\DriverStore\FileRepository\u0371630.inf_amd64_a96c9babfd295d6e\B371320\aticfx64.dll
0x00007ffc27e60000 - 0x00007ffc27e94000 	C:\Windows\System32\DriverStore\FileRepository\u0371630.inf_amd64_a96c9babfd295d6e\B371320\atiu9p64.dll
0x00007ffc18f90000 - 0x00007ffc19ce4000 	C:\Windows\System32\DriverStore\FileRepository\u0371630.inf_amd64_a96c9babfd295d6e\B371320\atiumd64.dll
0x000000005cab0000 - 0x000000005d925000 	C:\Windows\System32\DriverStore\FileRepository\u0371630.inf_amd64_a96c9babfd295d6e\B371320\atiumd6a.dll
0x00007ffc7e140000 - 0x00007ffc7e5ac000 	C:\Windows\System32\SETUPAPI.dll
0x00007ffc7b8a0000 - 0x00007ffc7b8ed000 	C:\Windows\SYSTEM32\POWRPROF.dll
0x00007ffc7b880000 - 0x00007ffc7b893000 	C:\Windows\SYSTEM32\UMPDC.dll
0x00007ffc6f200000 - 0x00007ffc6f230000 	C:\Windows\SYSTEM32\amdihk64.dll
0x00007ffc76040000 - 0x00007ffc76084000 	C:\Windows\SYSTEM32\directxdatabasehelper.dll
0x00007ffc7ac80000 - 0x00007ffc7acb4000 	C:\Windows\SYSTEM32\ntmarta.dll
0x00007ffc13ea0000 - 0x00007ffc13f28000 	C:\Program Files\JetBrains\IntelliJ IDEA Community Edition 2021.3\jbr\bin\freetype.dll
0x00007ffc13df0000 - 0x00007ffc13e99000 	C:\Program Files\JetBrains\IntelliJ IDEA Community Edition 2021.3\jbr\bin\fontmanager.dll
0x00007ffc6bbf0000 - 0x00007ffc6bd1d000 	C:\Windows\SYSTEM32\textinputframework.dll
0x00007ffc78660000 - 0x00007ffc78791000 	C:\Windows\SYSTEM32\CoreMessaging.dll
0x00007ffc75620000 - 0x00007ffc7598d000 	C:\Windows\SYSTEM32\CoreUIComponents.dll
0x00007ffc32370000 - 0x00007ffc323b5000 	C:\Windows\SYSTEM32\dinput8.dll
0x00007ffc6e4b0000 - 0x00007ffc6e4c1000 	C:\Windows\SYSTEM32\xinput1_4.dll
0x00007ffc7b7c0000 - 0x00007ffc7b7ec000 	C:\Windows\SYSTEM32\DEVOBJ.dll
0x00007ffc6d240000 - 0x00007ffc6d409000 	C:\Windows\SYSTEM32\inputhost.dll

dbghelp: loaded successfully - version: 4.0.5 - missing functions: none
symbol engine: initialized successfully - sym options: 0x614 - pdb path: .;C:\Program Files\JetBrains\IntelliJ IDEA Community Edition 2021.3\jbr\bin;C:\Windows\SYSTEM32;C:\Windows\WinSxS\amd64_microsoft.windows.common-controls_6595b64144ccf1df_6.0.22000.120_none_9d947278b86cc467;C:\Program Files\JetBrains\IntelliJ IDEA Community Edition 2021.3\jbr\bin\server;C:\Program Files\JetBrains\IntelliJ IDEA Community Edition 2021.3\bin;C:\Users\Owner\AppData\Local\Screencast-O-Matic-v2;C:\Users\Owner\AppData\Local\Temp;C:\Users\Owner\AppData\Local\Temp\lwjglOwner\3.3.1-build-7;C:\Windows\System32\DriverStore\FileRepository\u0371630.inf_amd64_a96c9babfd295d6e\B371320

VM Arguments:
jvm_args: -javaagent:C:\Program Files\JetBrains\IntelliJ IDEA Community Edition 2021.3\lib\idea_rt.jar=65134:C:\Program Files\JetBrains\IntelliJ IDEA Community Edition 2021.3\bin -Dfile.encoding=UTF-8 
java_command: com.patetlex.displayphoenix.Application
java_class_path (initial): C:\Users\Owner\AppData\Local\Temp\classpath1670647284.jar
Launcher Type: SUN_STANDARD

[Global flags]
     intx CICompilerCount                          = 12                                        {product} {ergonomic}
     uint ConcGCThreads                            = 3                                         {product} {ergonomic}
     uint G1ConcRefinementThreads                  = 13                                        {product} {ergonomic}
   size_t G1HeapRegionSize                         = 1048576                                   {product} {ergonomic}
    uintx GCDrainStackTargetSize                   = 64                                        {product} {ergonomic}
   size_t InitialHeapSize                          = 257949696                                 {product} {ergonomic}
   size_t MarkStackSize                            = 4194304                                   {product} {ergonomic}
   size_t MaxHeapSize                              = 4123000832                                {product} {ergonomic}
   size_t MaxNewSize                               = 2473590784                                {product} {ergonomic}
   size_t MinHeapDeltaBytes                        = 1048576                                   {product} {ergonomic}
    uintx NonNMethodCodeHeapSize                   = 7594288                                {pd product} {ergonomic}
    uintx NonProfiledCodeHeapSize                  = 122031976                              {pd product} {ergonomic}
    uintx ProfiledCodeHeapSize                     = 122031976                              {pd product} {ergonomic}
    uintx ReservedCodeCacheSize                    = 251658240                              {pd product} {ergonomic}
     bool SegmentedCodeCache                       = true                                      {product} {ergonomic}
     bool UseCompressedClassPointers               = true                                 {lp64_product} {ergonomic}
     bool UseCompressedOops                        = true                                 {lp64_product} {ergonomic}
     bool UseG1GC                                  = true                                      {product} {ergonomic}
     bool UseLargePagesIndividualAllocation        = false                                  {pd product} {ergonomic}

Logging:
Log output configuration:
 #0: stdout all=warning uptime,level,tags
 #1: stderr all=off uptime,level,tags

Environment Variables:
JAVA_HOME=C:\Program Files (x86)\Java\jdk1.8.0_281
PATH=C:\Program Files (x86)\Common Files\Oracle\Java\javapath;C:\Windows\system32;C:\Windows;C:\Windows\System32\Wbem;C:\Windows\System32\WindowsPowerShell\v1.0\;C:\Windows\System32\OpenSSH\;C:\Program Files (x86)\AdoptOpenJDK\jdk-8.0.232.09-hotspot;C:\Program Files\dotnet\;C:\Program Files\nodejs\;C:\Users\Owner\AppData\Local\Microsoft\WindowsApps;C:\Program Files\JetBrains\IntelliJ IDEA Community Edition 2021.3\bin;;C:\ProgramData\Owner\GitHubDesktop\bin;C:\Users\Owner\AppData\Local\GitHubDesktop\bin;C:\Users\Owner\AppData\Roaming\npm
USERNAME=Owner
OS=Windows_NT
PROCESSOR_IDENTIFIER=AMD64 Family 23 Model 104 Stepping 1, AuthenticAMD



---------------  S Y S T E M  ---------------

OS: Windows 11 , 64 bit Build 22000 (10.0.22000.708)
OS uptime: 13 days 23:45 hours

CPU:total 16 (initial active 16) (16 cores per cpu, 2 threads per core) family 23 model 104 stepping 1 microcode 0x0, cmov, cx8, fxsr, mmx, sse, sse2, sse3, ssse3, sse4.1, sse4.2, popcnt, avx, avx2, aes, clmul, mmxext, 3dnowpref, lzcnt, sse4a, ht, tsc, tscinvbit, tscinv, bmi1, bmi2, adx, sha, fma

Memory: 4k page, system-wide physical 15720M (7023M free)
TotalPageFile size 20381M (AvailPageFile size 6612M)
current process WorkingSet (physical memory assigned to process): 300M, peak: 304M
current process commit charge ("private bytes"): 458M, peak: 464M

vm_info: OpenJDK 64-Bit Server VM (11.0.13+7-b1751.19) for windows-amd64 JRE (11.0.13+7-b1751.19), built on Nov  9 2021 11:31:28 by "" with MS VC++ 14.0 (VS2015)

END.
