#
# A fatal error has been detected by the Java Runtime Environment:
#
#  EXCEPTION_ACCESS_VIOLATION (0xc0000005) at pc=0x00007ffb0b9eecd0, pid=47520, tid=0x000000000000be88
#
# JRE version: OpenJDK Runtime Environment (8.0_265-b01) (build 1.8.0_265-b01)
# Java VM: OpenJDK 64-Bit Server VM (25.265-b01 mixed mode windows-amd64 compressed oops)
# Problematic frame:
# C  [jfxwebkit.dll+0x86ecd0]
#
# Failed to write core dump. Minidumps are not enabled by default on client versions of Windows
#
# If you would like to submit a bug report, please visit:
#   http://bugreport.java.com/bugreport/crash.jsp
# The crash happened outside the Java Virtual Machine in native code.
# See problematic frame for where to report the bug.
#

---------------  T H R E A D  ---------------

Current thread (0x00000235d9c93000):  JavaThread "JavaFX Application Thread" [_thread_in_native, id=48776, stack(0x000000754dd00000,0x000000754de00000)]

siginfo: ExceptionCode=0xc0000005, writing address 0x0000000000000000

Registers:
RAX=0x000000754ddfc228, RBX=0x00000235d7409ba0, RCX=0x0000000000000000, RDX=0x00007ffb0c9a03c8
RSP=0x000000754ddfc1a0, RBP=0x000000754ddfc250, RSI=0x00007ffb0e8ee3b0, RDI=0x000000754ddfc298
R8 =0x0000000000000000, R9 =0xffff823acd420480, R10=0x0000000000000005, R11=0x000000754ddfc180
R12=0x00000235d9a86570, R13=0x00000000ffffffff, R14=0x00000235d7409ba0, R15=0x0000000000000000
RIP=0x00007ffb0b9eecd0, EFLAGS=0x0000000000010246

Top of Stack: (sp=0x000000754ddfc1a0)
0x000000754ddfc1a0:   4113a6943645a1cb 00000235d7409ba0
0x000000754ddfc1b0:   000000754ddfc250 00007ffb0e8ee3b0
0x000000754ddfc1c0:   0000000000000000 0000000000000000
0x000000754ddfc1d0:   000000754ddfc1e0 00007ffb0b333900
0x000000754ddfc1e0:   00000235d7009b00 00000200d9a00300
0x000000754ddfc1f0:   00000235d9a003f8 00000235d9a86380
0x000000754ddfc200:   00000235d9a003e0 00007ffb0b4df88e
0x000000754ddfc210:   00000235d9a86380 00000235d9a003f8
0x000000754ddfc220:   00000000ffffffff 0000000000000000
0x000000754ddfc230:   000000754ddfc240 0000000000000001
0x000000754ddfc240:   00000235d7409b98 00007ffb0b47a31e
0x000000754ddfc250:   0000000000000000 00000235d7409ba0
0x000000754ddfc260:   0000000000000001 00000235d9a86380
0x000000754ddfc270:   000000754ddfc339 00007ffb0b6fa2b3
0x000000754ddfc280:   0000000000000000 00000235d9a003e0
0x000000754ddfc290:   00000235d9a86380 0000000000000000 

Instructions: (pc=0x00007ffb0b9eecd0)
0x00007ffb0b9eecb0:   00 c6 44 24 46 00 c6 44 24 48 00 c6 44 24 4c 00
0x00007ffb0b9eecc0:   c6 44 24 4e 00 e8 96 3d a8 ff 48 8b 08 48 89 0f
0x00007ffb0b9eecd0:   ff 01 48 8b 9c 24 88 00 00 00 48 c7 84 24 88 00
0x00007ffb0b9eece0:   00 00 00 00 00 00 48 85 db 74 2c 8b 03 83 e8 01 


Register to memory mapping:

RAX=0x000000754ddfc228 is pointing into the stack for thread: 0x00000235d9c93000
RBX=0x00000235d7409ba0 is an unknown value
RCX=0x0000000000000000 is an unknown value
RDX=0x00007ffb0c9a03c8 is an unknown value
RSP=0x000000754ddfc1a0 is pointing into the stack for thread: 0x00000235d9c93000
RBP=0x000000754ddfc250 is pointing into the stack for thread: 0x00000235d9c93000
RSI=0x00007ffb0e8ee3b0 is an unknown value
RDI=0x000000754ddfc298 is pointing into the stack for thread: 0x00000235d9c93000
R8 =0x0000000000000000 is an unknown value
R9 =0xffff823acd420480 is an unknown value
R10=0x0000000000000005 is an unknown value
R11=0x000000754ddfc180 is pointing into the stack for thread: 0x00000235d9c93000
R12=0x00000235d9a86570 is an unknown value
R13=0x00000000ffffffff is an unknown value
R14=0x00000235d7409ba0 is an unknown value
R15=0x0000000000000000 is an unknown value


Stack: [0x000000754dd00000,0x000000754de00000],  sp=0x000000754ddfc1a0,  free space=1008k
Native frames: (J=compiled Java code, j=interpreted, Vv=VM code, C=native code)
C  [jfxwebkit.dll+0x86ecd0]
C  [jfxwebkit.dll+0x35f88e]
C  [jfxwebkit.dll+0x57a2b3]
C  [jfxwebkit.dll+0x602cbd]
C  [jfxwebkit.dll+0x600cd5]
C  [jfxwebkit.dll+0x10f0ad]
C  [jfxwebkit.dll+0x115abe]
C  [jfxwebkit.dll+0x10356a]
C  [jfxwebkit.dll+0x5a2032]
C  [jfxwebkit.dll+0x3ad6c1]
C  [jfxwebkit.dll+0x12b153]
C  [jfxwebkit.dll+0x12ccc4]
C  [jfxwebkit.dll+0x130194]
C  [jfxwebkit.dll+0x13e028]
C  [jfxwebkit.dll+0x8c0f2]
C  0x00000235be1f4987

Java frames: (J=compiled Java code, j=interpreted, Vv=VM code)
j  com.sun.webkit.WebPage.twkInit(JZF)V+0
j  com.sun.webkit.WebPage.<init>(Lcom/sun/webkit/WebPageClient;Lcom/sun/webkit/UIClient;Lcom/sun/webkit/PolicyClient;Lcom/sun/webkit/InspectorClient;Lcom/sun/webkit/ThemeClient;Z)V+196
j  javafx.scene.web.WebEngine.<init>(Ljava/lang/String;Z)V+275
j  javafx.scene.web.WebEngine.<init>()V+3
j  javafx.scene.web.WebView.<init>()V+56
j  com.patetlex.displayphoenix.blockly.ui.BlocklyPanel.lambda$load$6()V+5
j  com.patetlex.displayphoenix.blockly.ui.BlocklyPanel$$Lambda$62.run()V+4
j  com.sun.javafx.application.PlatformImpl.lambda$null$5(Ljava/lang/Runnable;)Ljava/lang/Void;+1
j  com.sun.javafx.application.PlatformImpl$$Lambda$68.run()Ljava/lang/Object;+4
v  ~StubRoutines::call_stub
J 322  java.security.AccessController.doPrivileged(Ljava/security/PrivilegedAction;Ljava/security/AccessControlContext;)Ljava/lang/Object; (0 bytes) @ 0x00000235be3a7526 [0x00000235be3a74c0+0x66]
j  com.sun.javafx.application.PlatformImpl.lambda$runLater$6(Ljava/lang/Runnable;Ljava/security/AccessControlContext;)V+7
j  com.sun.javafx.application.PlatformImpl$$Lambda$66.run()V+8
j  com.sun.glass.ui.InvokeLaterDispatcher$Future.run$$$capture()V+4
j  com.sun.glass.ui.InvokeLaterDispatcher$Future.run()V+8
v  ~StubRoutines::call_stub
j  com.sun.glass.ui.win.WinApplication._runLoop(Ljava/lang/Runnable;)V+0
j  com.sun.glass.ui.win.WinApplication.lambda$null$3(ILjava/lang/Runnable;)V+8
j  com.sun.glass.ui.win.WinApplication$$Lambda$54.run()V+12
j  java.lang.Thread.run()V+11
v  ~StubRoutines::call_stub

---------------  P R O C E S S  ---------------

Java Threads: ( => current thread )
  0x00000235d93b0800 JavaThread "AWT-EventQueue-0" [_thread_blocked, id=38188, stack(0x000000754d800000,0x000000754d900000)]
  0x00000235d93af800 JavaThread "AWT-Shutdown" [_thread_blocked, id=43136, stack(0x000000754da00000,0x000000754db00000)]
  0x00000235d7448800 JavaThread "SIGINT handler" daemon [_thread_blocked, id=48156, stack(0x000000754ce00000,0x000000754cf00000)]
  0x00000235d9e9c000 JavaThread "Thread-3" daemon [_thread_in_native, id=48536, stack(0x000000754e100000,0x000000754e200000)]
=>0x00000235d9c93000 JavaThread "JavaFX Application Thread" [_thread_in_native, id=48776, stack(0x000000754dd00000,0x000000754de00000)]
  0x00000235d9c8e800 JavaThread "Thread-2" daemon [_thread_blocked, id=48896, stack(0x000000754dc00000,0x000000754dd00000)]
  0x00000235d964d800 JavaThread "Java2D Disposer" daemon [_thread_blocked, id=45756, stack(0x000000754d700000,0x000000754d800000)]
  0x00000235d9373000 JavaThread "Service Thread" daemon [_thread_blocked, id=43612, stack(0x000000754d500000,0x000000754d600000)]
  0x00000235d92f7000 JavaThread "C1 CompilerThread3" daemon [_thread_blocked, id=48856, stack(0x000000754d400000,0x000000754d500000)]
  0x00000235d92f6000 JavaThread "C2 CompilerThread2" daemon [_thread_blocked, id=48984, stack(0x000000754d300000,0x000000754d400000)]
  0x00000235d747e000 JavaThread "C2 CompilerThread1" daemon [_thread_blocked, id=48500, stack(0x000000754d200000,0x000000754d300000)]
  0x00000235d92f3000 JavaThread "C2 CompilerThread0" daemon [_thread_blocked, id=45996, stack(0x000000754d100000,0x000000754d200000)]
  0x00000235d742a000 JavaThread "JDWP Event Helper Thread" daemon [_thread_blocked, id=38440, stack(0x000000754cf00000,0x000000754d000000)]
  0x00000235d740b000 JavaThread "Attach Listener" daemon [_thread_blocked, id=41740, stack(0x000000754cd00000,0x000000754ce00000)]
  0x00000235d740a000 JavaThread "Signal Dispatcher" daemon [_thread_blocked, id=47676, stack(0x000000754cc00000,0x000000754cd00000)]
  0x00000235d73e3800 JavaThread "Finalizer" daemon [_thread_blocked, id=43904, stack(0x000000754cb00000,0x000000754cc00000)]
  0x00000235d73dc800 JavaThread "Reference Handler" daemon [_thread_blocked, id=48688, stack(0x000000754ca00000,0x000000754cb00000)]
  0x00000235bc804800 JavaThread "main" [_thread_in_native, id=42344, stack(0x000000754c000000,0x000000754c100000)]

Other Threads:
  0x00000235d73a6000 VMThread [stack: 0x000000754c900000,0x000000754ca00000] [id=48832]
  0x00000235d9386800 WatcherThread [stack: 0x000000754d600000,0x000000754d700000] [id=49132]

VM state:not at safepoint (normal execution)

VM Mutex/Monitor currently owned by a thread: None

heap address: 0x00000006c2800000, size: 4056 MB, Compressed Oops mode: Zero based, Oop shift amount: 3
Narrow klass base: 0x0000000000000000, Narrow klass shift: 3
Compressed class space size: 1073741824 Address: 0x00000007c0000000

Heap:
 PSYoungGen      total 75776K, used 52483K [0x000000076b800000, 0x0000000770c80000, 0x00000007c0000000)
  eden space 65024K, 80% used [0x000000076b800000,0x000000076eb40e68,0x000000076f780000)
  from space 10752K, 0% used [0x0000000770200000,0x0000000770200000,0x0000000770c80000)
  to   space 10752K, 0% used [0x000000076f780000,0x000000076f780000,0x0000000770200000)
 ParOldGen       total 173568K, used 0K [0x00000006c2800000, 0x00000006cd180000, 0x000000076b800000)
  object space 173568K, 0% used [0x00000006c2800000,0x00000006c2800000,0x00000006cd180000)
 Metaspace       used 14946K, capacity 15322K, committed 15488K, reserved 1062912K
  class space    used 1768K, capacity 1897K, committed 1920K, reserved 1048576K

Card table byte_map: [0x00000235cd590000,0x00000235cdd80000] byte_map_base: 0x00000235c9f7c000

Marking Bits: (ParMarkBitMap*) 0x000000005aef3280
 Begin Bits: [0x00000235ce2d0000, 0x00000235d2230000)
 End Bits:   [0x00000235d2230000, 0x00000235d6190000)

Polling page: 0x00000235bc960000

CodeCache: size=245760Kb used=3189Kb max_used=3189Kb free=242570Kb
 bounds [0x00000235be1d0000, 0x00000235be4f0000, 0x00000235cd1d0000]
 total_blobs=1289 nmethods=739 adapters=472
 compilation: enabled

Compilation events (10 events):
Event: 8.780 Thread 0x00000235d92f7000  735       3       java.lang.invoke.MethodHandles$Lookup::checkAccess (250 bytes)
Event: 8.781 Thread 0x00000235d92f7000 nmethod 735 0x00000235be4e9610 code [0x00000235be4e98e0, 0x00000235be4eb190]
Event: 8.785 Thread 0x00000235d92f7000  737       3       java.nio.ByteBuffer::arrayOffset (35 bytes)
Event: 8.786 Thread 0x00000235d92f7000 nmethod 737 0x00000235be4e8fd0 code [0x00000235be4e9160, 0x00000235be4e94a0]
Event: 8.786 Thread 0x00000235d92f7000  736       3       java.nio.Buffer::position (43 bytes)
Event: 8.786 Thread 0x00000235d92f7000 nmethod 736 0x00000235be4e8a90 code [0x00000235be4e8c00, 0x00000235be4e8ef0]
Event: 8.786 Thread 0x00000235d92f7000  738       3       java.nio.CharBuffer::arrayOffset (35 bytes)
Event: 8.786 Thread 0x00000235d92f7000 nmethod 738 0x00000235be4ed8d0 code [0x00000235be4eda60, 0x00000235be4edda0]
Event: 8.786 Thread 0x00000235d92f7000  739       3       java.nio.ByteBuffer::array (35 bytes)
Event: 8.787 Thread 0x00000235d92f7000 nmethod 739 0x00000235be4edf10 code [0x00000235be4ee0a0, 0x00000235be4ee3e0]

GC Heap History (0 events):
No events

Deoptimization events (2 events):
Event: 1.190 Thread 0x00000235bc804800 Uncommon trap: reason=null_check action=make_not_entrant pc=0x00000235be2d4a04 method=java.lang.String.equals(Ljava/lang/Object;)Z @ 8
Event: 8.742 Thread 0x00000235d9c93000 Uncommon trap: reason=unstable_if action=reinterpret pc=0x00000235be3d451c method=java.lang.String.indexOf([CII[CIII)I @ 3

Classes redefined (0 events):
No events

Internal exceptions (10 events):
Event: 1.139 Thread 0x00000235bc804800 Exception <a 'java/lang/ArrayIndexOutOfBoundsException': 40> (0x000000076ca8fde8) thrown at [C:\ws\workspace\jdk-8u265\label\windows-x86_64\type\b8\build\hotspot\src\share\vm\interpreter\interpreterRuntime.cpp, line 368]
Event: 1.165 Thread 0x00000235bc804800 Exception <a 'java/io/FileNotFoundException'> (0x000000076cb343e0) thrown at [C:\ws\workspace\jdk-8u265\label\windows-x86_64\type\b8\build\hotspot\src\share\vm\prims\jni.cpp, line 711]
Event: 1.190 Thread 0x00000235bc804800 Implicit null exception at 0x00000235be2d4758 to 0x00000235be2d49f5
Event: 1.455 Thread 0x00000235bc804800 Exception <a 'java/lang/NullPointerException'> (0x000000076d538b80) thrown at [C:\ws\workspace\jdk-8u265\label\windows-x86_64\type\b8\build\hotspot\src\share\vm\interpreter\linkResolver.cpp, line 1185]
Event: 8.705 Thread 0x00000235d9938000 Exception <a 'java/lang/IllegalStateException'> (0x000000076e3a8218) thrown at [C:\ws\workspace\jdk-8u265\label\windows-x86_64\type\b8\build\hotspot\src\share\vm\prims\jvm.cpp, line 1516]
Event: 8.710 Thread 0x00000235d9c93000 Exception <a 'java/lang/NullPointerException'> (0x000000076e01f3f0) thrown at [C:\ws\workspace\jdk-8u265\label\windows-x86_64\type\b8\build\hotspot\src\share\vm\interpreter\linkResolver.cpp, line 1185]
Event: 8.710 Thread 0x00000235d9c93000 Exception <a 'java/lang/NullPointerException'> (0x000000076e01f3f0) thrown at [C:\ws\workspace\jdk-8u265\label\windows-x86_64\type\b8\build\hotspot\src\share\vm\prims\jvm.cpp, line 1516]
Event: 8.785 Thread 0x00000235d9c93000 Exception <a 'java/lang/NullPointerException'> (0x000000076ea51f10) thrown at [C:\ws\workspace\jdk-8u265\label\windows-x86_64\type\b8\build\hotspot\src\share\vm\interpreter\linkResolver.cpp, line 1185]
Event: 8.785 Thread 0x00000235d9c93000 Exception <a 'java/lang/NullPointerException'> (0x000000076ea58758) thrown at [C:\ws\workspace\jdk-8u265\label\windows-x86_64\type\b8\build\hotspot\src\share\vm\interpreter\linkResolver.cpp, line 1185]
Event: 8.786 Thread 0x00000235d9c93000 Exception <a 'java/lang/NullPointerException'> (0x000000076ea5db28) thrown at [C:\ws\workspace\jdk-8u265\label\windows-x86_64\type\b8\build\hotspot\src\share\vm\interpreter\linkResolver.cpp, line 1185]

Events (10 events):
Event: 8.782 loading class java/lang/StrictMath
Event: 8.782 loading class java/lang/StrictMath done
Event: 8.782 loading class com/sun/webkit/graphics/WCPoint
Event: 8.782 loading class com/sun/webkit/graphics/WCPoint done
Event: 8.784 loading class com/sun/javafx/webkit/prism/WCFontImpl
Event: 8.784 loading class com/sun/javafx/webkit/prism/WCFontImpl done
Event: 8.785 loading class java/lang/Throwable$WrappedPrintStream
Event: 8.785 loading class java/lang/Throwable$PrintStreamOrWriter
Event: 8.785 loading class java/lang/Throwable$PrintStreamOrWriter done
Event: 8.785 loading class java/lang/Throwable$WrappedPrintStream done


Dynamic libraries:
0x00007ff713a10000 - 0x00007ff713a4a000 	C:\Users\theba\Desktop\Coding\Libraries\DisplayPhoenix\jdk\jdk8_win_64\bin\java.exe
0x00007ffb7b040000 - 0x00007ffb7b230000 	C:\WINDOWS\SYSTEM32\ntdll.dll
0x00007ffb7ad70000 - 0x00007ffb7ae22000 	C:\WINDOWS\System32\KERNEL32.DLL
0x00007ffb78040000 - 0x00007ffb782e5000 	C:\WINDOWS\System32\KERNELBASE.dll
0x00007ffb7aea0000 - 0x00007ffb7af43000 	C:\WINDOWS\System32\ADVAPI32.dll
0x00007ffb79820000 - 0x00007ffb798be000 	C:\WINDOWS\System32\msvcrt.dll
0x00007ffb791d0000 - 0x00007ffb79267000 	C:\WINDOWS\System32\sechost.dll
0x00007ffb79fa0000 - 0x00007ffb7a0c0000 	C:\WINDOWS\System32\RPCRT4.dll
0x00007ffb79dd0000 - 0x00007ffb79f64000 	C:\WINDOWS\System32\USER32.dll
0x00007ffb78010000 - 0x00007ffb78031000 	C:\WINDOWS\System32\win32u.dll
0x00007ffb79f70000 - 0x00007ffb79f96000 	C:\WINDOWS\System32\GDI32.dll
0x00007ffb78490000 - 0x00007ffb78626000 	C:\WINDOWS\System32\gdi32full.dll
0x00007ffb78dc0000 - 0x00007ffb78e5e000 	C:\WINDOWS\System32\msvcp_win.dll
0x00007ffb78390000 - 0x00007ffb7848a000 	C:\WINDOWS\System32\ucrtbase.dll
0x00007ffb5d4a0000 - 0x00007ffb5d724000 	C:\WINDOWS\WinSxS\amd64_microsoft.windows.common-controls_6595b64144ccf1df_6.0.18362.1198_none_9e820b57e45ad92f\COMCTL32.dll
0x00007ffb79a70000 - 0x00007ffb79da5000 	C:\WINDOWS\System32\combase.dll
0x00007ffb782f0000 - 0x00007ffb78370000 	C:\WINDOWS\System32\bcryptPrimitives.dll
0x00007ffb7ace0000 - 0x00007ffb7ad0e000 	C:\WINDOWS\System32\IMM32.DLL
0x00007ffb4fb70000 - 0x00007ffb4fc5f000 	C:\Users\theba\Desktop\Coding\Libraries\DisplayPhoenix\jdk\jdk8_win_64\jre\bin\msvcr120.dll
0x00007ffb4fac0000 - 0x00007ffb4fb66000 	C:\Users\theba\Desktop\Coding\Libraries\DisplayPhoenix\jdk\jdk8_win_64\jre\bin\msvcp120.dll
0x000000005a770000 - 0x000000005af6c000 	C:\Users\theba\Desktop\Coding\Libraries\DisplayPhoenix\jdk\jdk8_win_64\jre\bin\server\jvm.dll
0x00007ffb79db0000 - 0x00007ffb79db8000 	C:\WINDOWS\System32\PSAPI.DLL
0x00007ffb614f0000 - 0x00007ffb614f9000 	C:\WINDOWS\SYSTEM32\WSOCK32.dll
0x00007ffb63a50000 - 0x00007ffb63a5a000 	C:\WINDOWS\SYSTEM32\VERSION.dll
0x00007ffb759c0000 - 0x00007ffb759e4000 	C:\WINDOWS\SYSTEM32\WINMM.dll
0x00007ffb7ae30000 - 0x00007ffb7ae9f000 	C:\WINDOWS\System32\WS2_32.dll
0x00007ffb75990000 - 0x00007ffb759bd000 	C:\WINDOWS\SYSTEM32\WINMMBASE.dll
0x00007ffb77fc0000 - 0x00007ffb7800a000 	C:\WINDOWS\System32\cfgmgr32.dll
0x00007ffb5d8d0000 - 0x00007ffb5d8df000 	C:\Users\theba\Desktop\Coding\Libraries\DisplayPhoenix\jdk\jdk8_win_64\jre\bin\verify.dll
0x00007ffb56fa0000 - 0x00007ffb56fc8000 	C:\Users\theba\Desktop\Coding\Libraries\DisplayPhoenix\jdk\jdk8_win_64\jre\bin\java.dll
0x00007ffb56fe0000 - 0x00007ffb57015000 	C:\Users\theba\Desktop\Coding\Libraries\DisplayPhoenix\jdk\jdk8_win_64\jre\bin\jdwp.dll
0x00007ffb664a0000 - 0x00007ffb664a8000 	C:\Users\theba\Desktop\Coding\Libraries\DisplayPhoenix\jdk\jdk8_win_64\jre\bin\npt.dll
0x00007ffb58f50000 - 0x00007ffb58f7a000 	C:\Users\theba\Desktop\Coding\Libraries\DisplayPhoenix\jdk\jdk8_win_64\jre\bin\instrument.dll
0x00007ffb5d8b0000 - 0x00007ffb5d8c6000 	C:\Users\theba\Desktop\Coding\Libraries\DisplayPhoenix\jdk\jdk8_win_64\jre\bin\zip.dll
0x00007ffb7a1c0000 - 0x00007ffb7a8a7000 	C:\WINDOWS\System32\SHELL32.dll
0x00007ffb7a8c0000 - 0x00007ffb7a969000 	C:\WINDOWS\System32\shcore.dll
0x00007ffb78630000 - 0x00007ffb78db1000 	C:\WINDOWS\System32\windows.storage.dll
0x00007ffb77f70000 - 0x00007ffb77f93000 	C:\WINDOWS\System32\profapi.dll
0x00007ffb77f00000 - 0x00007ffb77f4a000 	C:\WINDOWS\System32\powrprof.dll
0x00007ffb77ef0000 - 0x00007ffb77f00000 	C:\WINDOWS\System32\UMPDC.dll
0x00007ffb790f0000 - 0x00007ffb79142000 	C:\WINDOWS\System32\shlwapi.dll
0x00007ffb77f50000 - 0x00007ffb77f61000 	C:\WINDOWS\System32\kernel.appcore.dll
0x00007ffb78370000 - 0x00007ffb78387000 	C:\WINDOWS\System32\cryptsp.dll
0x00007ffb5e0f0000 - 0x00007ffb5e0f9000 	C:\Users\theba\Desktop\Coding\Libraries\DisplayPhoenix\jdk\jdk8_win_64\jre\bin\dt_socket.dll
0x00007ffb776e0000 - 0x00007ffb77747000 	C:\WINDOWS\system32\mswsock.dll
0x00007ffb38730000 - 0x00007ffb388c5000 	C:\Users\theba\Desktop\Coding\Libraries\DisplayPhoenix\jdk\jdk8_win_64\jre\bin\awt.dll
0x00007ffb7aba0000 - 0x00007ffb7ac65000 	C:\WINDOWS\System32\OLEAUT32.dll
0x00007ffb75c30000 - 0x00007ffb75cbf000 	C:\WINDOWS\SYSTEM32\apphelp.dll
0x00007ffb75dd0000 - 0x00007ffb75e69000 	C:\WINDOWS\system32\uxtheme.dll
0x00007ffb796e0000 - 0x00007ffb79815000 	C:\WINDOWS\System32\MSCTF.dll
0x00007ffb7a970000 - 0x00007ffb7aac7000 	C:\WINDOWS\System32\ole32.dll
0x00007ffb36320000 - 0x00007ffb3644a000 	C:\Users\theba\AppData\Local\Screencast-O-Matic-v2\SOMNative-x64-3.0.64.dll
0x00007ffb76200000 - 0x00007ffb7622d000 	C:\WINDOWS\SYSTEM32\dwmapi.dll
0x00007ffb51310000 - 0x00007ffb51466000 	C:\WINDOWS\system32\opengl32.dll
0x00007ffb52df0000 - 0x00007ffb52e1c000 	C:\WINDOWS\SYSTEM32\GLU32.dll
0x00007ffb76b30000 - 0x00007ffb76b50000 	C:\WINDOWS\SYSTEM32\dxcore.dll
0x00000235d9fd0000 - 0x00000235d9fd3000 	C:\Users\theba\Desktop\Coding\Libraries\DisplayPhoenix\jdk\jdk8_win_64\jre\bin\api-ms-win-core-console-l1-1-0.dll
0x00000235d9fe0000 - 0x00000235d9fe3000 	C:\Users\theba\Desktop\Coding\Libraries\DisplayPhoenix\jdk\jdk8_win_64\jre\bin\api-ms-win-core-datetime-l1-1-0.dll
0x00000235d9ff0000 - 0x00000235d9ff3000 	C:\Users\theba\Desktop\Coding\Libraries\DisplayPhoenix\jdk\jdk8_win_64\jre\bin\api-ms-win-core-debug-l1-1-0.dll
0x00000235da000000 - 0x00000235da003000 	C:\Users\theba\Desktop\Coding\Libraries\DisplayPhoenix\jdk\jdk8_win_64\jre\bin\api-ms-win-core-errorhandling-l1-1-0.dll
0x00000235da010000 - 0x00000235da014000 	C:\Users\theba\Desktop\Coding\Libraries\DisplayPhoenix\jdk\jdk8_win_64\jre\bin\api-ms-win-core-file-l1-1-0.dll
0x00000235da020000 - 0x00000235da023000 	C:\Users\theba\Desktop\Coding\Libraries\DisplayPhoenix\jdk\jdk8_win_64\jre\bin\api-ms-win-core-file-l1-2-0.dll
0x00000235da030000 - 0x00000235da033000 	C:\Users\theba\Desktop\Coding\Libraries\DisplayPhoenix\jdk\jdk8_win_64\jre\bin\api-ms-win-core-file-l2-1-0.dll
0x00000235da040000 - 0x00000235da043000 	C:\Users\theba\Desktop\Coding\Libraries\DisplayPhoenix\jdk\jdk8_win_64\jre\bin\api-ms-win-core-handle-l1-1-0.dll
0x00000235da050000 - 0x00000235da053000 	C:\Users\theba\Desktop\Coding\Libraries\DisplayPhoenix\jdk\jdk8_win_64\jre\bin\api-ms-win-core-heap-l1-1-0.dll
0x00000235da060000 - 0x00000235da063000 	C:\Users\theba\Desktop\Coding\Libraries\DisplayPhoenix\jdk\jdk8_win_64\jre\bin\api-ms-win-core-interlocked-l1-1-0.dll
0x00000235da070000 - 0x00000235da073000 	C:\Users\theba\Desktop\Coding\Libraries\DisplayPhoenix\jdk\jdk8_win_64\jre\bin\api-ms-win-core-libraryloader-l1-1-0.dll
0x00000235dab80000 - 0x00000235dab83000 	C:\Users\theba\Desktop\Coding\Libraries\DisplayPhoenix\jdk\jdk8_win_64\jre\bin\api-ms-win-core-localization-l1-2-0.dll
0x00000235dab90000 - 0x00000235dab93000 	C:\Users\theba\Desktop\Coding\Libraries\DisplayPhoenix\jdk\jdk8_win_64\jre\bin\api-ms-win-core-memory-l1-1-0.dll
0x00000235daba0000 - 0x00000235daba3000 	C:\Users\theba\Desktop\Coding\Libraries\DisplayPhoenix\jdk\jdk8_win_64\jre\bin\api-ms-win-core-namedpipe-l1-1-0.dll
0x00000235dabb0000 - 0x00000235dabb3000 	C:\Users\theba\Desktop\Coding\Libraries\DisplayPhoenix\jdk\jdk8_win_64\jre\bin\api-ms-win-core-processenvironment-l1-1-0.dll
0x00000235dabc0000 - 0x00000235dabc3000 	C:\Users\theba\Desktop\Coding\Libraries\DisplayPhoenix\jdk\jdk8_win_64\jre\bin\api-ms-win-core-processthreads-l1-1-0.dll
0x00000235dabd0000 - 0x00000235dabd3000 	C:\Users\theba\Desktop\Coding\Libraries\DisplayPhoenix\jdk\jdk8_win_64\jre\bin\api-ms-win-core-processthreads-l1-1-1.dll
0x00000235dabe0000 - 0x00000235dabe3000 	C:\Users\theba\Desktop\Coding\Libraries\DisplayPhoenix\jdk\jdk8_win_64\jre\bin\api-ms-win-core-profile-l1-1-0.dll
0x00000235dabf0000 - 0x00000235dabf3000 	C:\Users\theba\Desktop\Coding\Libraries\DisplayPhoenix\jdk\jdk8_win_64\jre\bin\api-ms-win-core-rtlsupport-l1-1-0.dll
0x00000235dac00000 - 0x00000235dac03000 	C:\Users\theba\Desktop\Coding\Libraries\DisplayPhoenix\jdk\jdk8_win_64\jre\bin\api-ms-win-core-string-l1-1-0.dll
0x00000235dac10000 - 0x00000235dac13000 	C:\Users\theba\Desktop\Coding\Libraries\DisplayPhoenix\jdk\jdk8_win_64\jre\bin\api-ms-win-core-synch-l1-1-0.dll
0x00000235dac20000 - 0x00000235dac23000 	C:\Users\theba\Desktop\Coding\Libraries\DisplayPhoenix\jdk\jdk8_win_64\jre\bin\api-ms-win-core-synch-l1-2-0.dll
0x00000235dac30000 - 0x00000235dac33000 	C:\Users\theba\Desktop\Coding\Libraries\DisplayPhoenix\jdk\jdk8_win_64\jre\bin\api-ms-win-core-sysinfo-l1-1-0.dll
0x00000235dac40000 - 0x00000235dac43000 	C:\Users\theba\Desktop\Coding\Libraries\DisplayPhoenix\jdk\jdk8_win_64\jre\bin\api-ms-win-core-timezone-l1-1-0.dll
0x00000235dac50000 - 0x00000235dac53000 	C:\Users\theba\Desktop\Coding\Libraries\DisplayPhoenix\jdk\jdk8_win_64\jre\bin\api-ms-win-core-util-l1-1-0.dll
0x00000235dac60000 - 0x00000235dac63000 	C:\Users\theba\Desktop\Coding\Libraries\DisplayPhoenix\jdk\jdk8_win_64\jre\bin\api-ms-win-crt-conio-l1-1-0.dll
0x00000235dac70000 - 0x00000235dac74000 	C:\Users\theba\Desktop\Coding\Libraries\DisplayPhoenix\jdk\jdk8_win_64\jre\bin\api-ms-win-crt-convert-l1-1-0.dll
0x00000235dac80000 - 0x00000235dac83000 	C:\Users\theba\Desktop\Coding\Libraries\DisplayPhoenix\jdk\jdk8_win_64\jre\bin\api-ms-win-crt-environment-l1-1-0.dll
0x00000235dac90000 - 0x00000235dac93000 	C:\Users\theba\Desktop\Coding\Libraries\DisplayPhoenix\jdk\jdk8_win_64\jre\bin\api-ms-win-crt-filesystem-l1-1-0.dll
0x00000235daca0000 - 0x00000235daca3000 	C:\Users\theba\Desktop\Coding\Libraries\DisplayPhoenix\jdk\jdk8_win_64\jre\bin\api-ms-win-crt-heap-l1-1-0.dll
0x00000235dacb0000 - 0x00000235dacb3000 	C:\Users\theba\Desktop\Coding\Libraries\DisplayPhoenix\jdk\jdk8_win_64\jre\bin\api-ms-win-crt-locale-l1-1-0.dll
0x00000235dacc0000 - 0x00000235dacc5000 	C:\Users\theba\Desktop\Coding\Libraries\DisplayPhoenix\jdk\jdk8_win_64\jre\bin\api-ms-win-crt-math-l1-1-0.dll
0x00000235dacd0000 - 0x00000235dacd5000 	C:\Users\theba\Desktop\Coding\Libraries\DisplayPhoenix\jdk\jdk8_win_64\jre\bin\api-ms-win-crt-multibyte-l1-1-0.dll
0x00000235dace0000 - 0x00000235dacf0000 	C:\Users\theba\Desktop\Coding\Libraries\DisplayPhoenix\jdk\jdk8_win_64\jre\bin\api-ms-win-crt-private-l1-1-0.dll
0x00000235dacf0000 - 0x00000235dacf3000 	C:\Users\theba\Desktop\Coding\Libraries\DisplayPhoenix\jdk\jdk8_win_64\jre\bin\api-ms-win-crt-process-l1-1-0.dll
0x00000235dad00000 - 0x00000235dad04000 	C:\Users\theba\Desktop\Coding\Libraries\DisplayPhoenix\jdk\jdk8_win_64\jre\bin\api-ms-win-crt-runtime-l1-1-0.dll
0x00000235dad10000 - 0x00000235dad14000 	C:\Users\theba\Desktop\Coding\Libraries\DisplayPhoenix\jdk\jdk8_win_64\jre\bin\api-ms-win-crt-stdio-l1-1-0.dll
0x00000235dad20000 - 0x00000235dad24000 	C:\Users\theba\Desktop\Coding\Libraries\DisplayPhoenix\jdk\jdk8_win_64\jre\bin\api-ms-win-crt-string-l1-1-0.dll
0x00000235dad30000 - 0x00000235dad33000 	C:\Users\theba\Desktop\Coding\Libraries\DisplayPhoenix\jdk\jdk8_win_64\jre\bin\api-ms-win-crt-time-l1-1-0.dll
0x00000235dad40000 - 0x00000235dad43000 	C:\Users\theba\Desktop\Coding\Libraries\DisplayPhoenix\jdk\jdk8_win_64\jre\bin\api-ms-win-crt-utility-l1-1-0.dll
0x00007ffb45700000 - 0x00007ffb457fa000 	C:\Users\theba\Desktop\Coding\Libraries\DisplayPhoenix\jdk\jdk8_win_64\jre\bin\ucrtbase.dll
0x00007ffb56f50000 - 0x00007ffb56f65000 	C:\Users\theba\Desktop\Coding\Libraries\DisplayPhoenix\jdk\jdk8_win_64\jre\bin\vcruntime140.dll
0x00007ffb46380000 - 0x00007ffb4641b000 	C:\Users\theba\Desktop\Coding\Libraries\DisplayPhoenix\jdk\jdk8_win_64\jre\bin\msvcp140.dll
0x00007ffb45580000 - 0x00007ffb455d1000 	C:\Users\theba\Desktop\Coding\Libraries\DisplayPhoenix\jdk\jdk8_win_64\jre\bin\concrt140.dll
0x00007ffb4e820000 - 0x00007ffb4e843000 	C:\Users\theba\Desktop\Coding\Libraries\DisplayPhoenix\jdk\jdk8_win_64\jre\bin\prism_d3d.dll
0x00007ffb430c0000 - 0x00007ffb43287000 	C:\WINDOWS\system32\d3d9.dll
0x00007ffb398d0000 - 0x00007ffb3cb44000 	C:\WINDOWS\System32\DriverStore\FileRepository\ki127968.inf_amd64_37fa78421dc8eefa\igd9dxva64.dll
0x00007ffb45530000 - 0x00007ffb45575000 	C:\Users\theba\Desktop\Coding\Libraries\DisplayPhoenix\jdk\jdk8_win_64\jre\bin\glass.dll
0x00007ffb7aad0000 - 0x00007ffb7aba0000 	C:\WINDOWS\System32\COMDLG32.dll
0x00007ffb0b180000 - 0x00007ffb0eab5000 	C:\Users\theba\Desktop\Coding\Libraries\DisplayPhoenix\jdk\jdk8_win_64\jre\bin\jfxwebkit.dll
0x00007ffb77250000 - 0x00007ffb77283000 	C:\WINDOWS\system32\rsaenh.dll
0x00007ffb790c0000 - 0x00007ffb790e6000 	C:\WINDOWS\System32\bcrypt.dll
0x00007ffb778b0000 - 0x00007ffb778bc000 	C:\WINDOWS\SYSTEM32\CRYPTBASE.dll
0x00007ffb76770000 - 0x00007ffb76964000 	C:\WINDOWS\SYSTEM32\dbghelp.dll

VM Arguments:
jvm_args: -agentlib:jdwp=transport=dt_socket,address=127.0.0.1:59490,suspend=y,server=n -javaagent:C:\Users\theba\AppData\Local\JetBrains\IdeaIC2020.2\captureAgent\debugger-agent.jar -Dfile.encoding=UTF-8 
java_command: com.patetlex.displayphoenix.Test
java_class_path (initial): C:\Users\theba\Desktop\Coding\Libraries\DisplayPhoenix\jdk\jdk8_win_64\jre\lib\charsets.jar;C:\Users\theba\Desktop\Coding\Libraries\DisplayPhoenix\jdk\jdk8_win_64\jre\lib\ext\access-bridge-64.jar;C:\Users\theba\Desktop\Coding\Libraries\DisplayPhoenix\jdk\jdk8_win_64\jre\lib\ext\cldrdata.jar;C:\Users\theba\Desktop\Coding\Libraries\DisplayPhoenix\jdk\jdk8_win_64\jre\lib\ext\dnsns.jar;C:\Users\theba\Desktop\Coding\Libraries\DisplayPhoenix\jdk\jdk8_win_64\jre\lib\ext\jaccess.jar;C:\Users\theba\Desktop\Coding\Libraries\DisplayPhoenix\jdk\jdk8_win_64\jre\lib\ext\jfxrt.jar;C:\Users\theba\Desktop\Coding\Libraries\DisplayPhoenix\jdk\jdk8_win_64\jre\lib\ext\localedata.jar;C:\Users\theba\Desktop\Coding\Libraries\DisplayPhoenix\jdk\jdk8_win_64\jre\lib\ext\nashorn.jar;C:\Users\theba\Desktop\Coding\Libraries\DisplayPhoenix\jdk\jdk8_win_64\jre\lib\ext\sunec.jar;C:\Users\theba\Desktop\Coding\Libraries\DisplayPhoenix\jdk\jdk8_win_64\jre\lib\ext\sunjce_provider.jar;C:\Users\theba\Desktop\Coding\Libraries\DisplayPhoenix\jdk\jdk8_win_64\jre\lib\ext\sunmscapi.jar;C:\Users\theba\Desktop\Coding\Libraries\DisplayPhoenix\jdk\jdk8_win_64\jre\lib\ext\sunpkcs11.jar;C:\Users\theba\Desktop\Coding\Libraries\DisplayPhoenix\jdk\jdk8_win_64\jre\lib\ext\zipfs.jar;C:\Users\theba\Desktop\Coding\Libraries\DisplayPhoenix\jdk\jdk8_win_64\jre\lib\jce.jar;C:\Users\theba\Desktop\Coding\Libraries\DisplayPhoenix\jdk\jdk8_win_64\jre\lib\jfxswt.jar;C:\Users\theba\Desktop\Coding\Libraries\DisplayPhoenix\jdk\jdk8_win_64\jre\lib\jsse.jar;C:\Users\theba\Desktop\Coding\Libraries\DisplayPhoenix\jdk\jdk8_win_64\jre\lib\management-agent.jar;C:\Users\theba\Desktop\Coding\Libraries\DisplayPhoenix\jdk\jdk8_win_64\jre\lib\resources.jar;C:\Users\theba\Desktop\Coding\Libraries\DisplayPhoenix\jdk\jdk8_win_64\jre\lib\rt.jar;C:\Users\theba\Desktop\Coding\Libraries\DisplayPhoenix\out\production\main;C:\Users\theba\Desktop\Coding\Libraries\DisplayPhoenix\libs\gson-2.8.6.jar;C:\Program Files\JetBrains\I
Launcher Type: SUN_STANDARD

Environment Variables:
JAVA_HOME=C:\Program Files\AdoptOpenJDK\jdk-8.0.232.09-hotspot
PATH=C:\Program Files\AdoptOpenJDK\jre-8.0.232.09-hotspot\bin;C:\Program Files\AdoptOpenJDK\jdk-8.0.232.09-hotspot\bin;C:\Python38\Scripts\;C:\Python38\;C:\Program Files (x86)\Common Files\Oracle\Java\javapath;C:\Program Files (x86)\Common Files\Intel\Shared Libraries\redist\intel64\compiler;C:\Program Files (x86)\Intel\iCLS Client\;C:\Program Files\Intel\iCLS Client\;C:\WINDOWS\system32;C:\WINDOWS;C:\WINDOWS\System32\Wbem;C:\WINDOWS\System32\WindowsPowerShell\v1.0\;C:\Program Files (x86)\Intel\Intel(R) Management Engine Components\DAL;C:\Program Files\Intel\Intel(R) Management Engine Components\DAL;C:\Program Files (x86)\Intel\Intel(R) Management Engine Components\IPT;C:\Program Files\Intel\Intel(R) Management Engine Components\IPT;C:\WINDOWS\System32\OpenSSH\;C:\Program Files\Intel\WiFi\bin\;C:\Program Files\Common Files\Intel\WirelessCommon\;C:\ProgramData\chocolatey\bin;C:\Program Files\VSCodium\bin;C:\Program Files\nodejs\;C:\Program Files\Git\cmd;C:\Program Files\AdoptOpenJDK\jdk-8.0.242.08-hotspot\bin;C:\ProgramData\chocolatey\lib\maven\apache-maven-3.6.3\bin;C:\Users\theba\AppData\Local\Microsoft\WindowsApps;C:\Users\theba\AppData\Roaming\npm;C:\Users\theba\AppData\Local\atom\bin;C:\Program Files\JetBrains\IntelliJ IDEA Community Edition 2020.1\bin;
USERNAME=theba
OS=Windows_NT
PROCESSOR_IDENTIFIER=Intel64 Family 6 Model 142 Stepping 10, GenuineIntel



---------------  S Y S T E M  ---------------

OS: Windows 10.0 , 64 bit Build 18362 (10.0.18362.1110)

CPU:total 8 (initial active 8) (4 cores per cpu, 2 threads per core) family 6 model 142 stepping 10, cmov, cx8, fxsr, mmx, sse, sse2, sse3, ssse3, sse4.1, sse4.2, popcnt, avx, avx2, aes, clmul, erms, 3dnowpref, lzcnt, ht, tsc, tscinvbit, bmi1, bmi2, adx

Memory: 4k page, physical 16612928k(7015164k free), swap 19103296k(5034720k free)

vm_info: OpenJDK 64-Bit Server VM (25.265-b01) for windows-amd64 JRE (1.8.0_265-b01), built on Jul 28 2020 07:21:05 by "hudson" with MS VC++ 12.0 (VS2013)

time: Wed Nov 18 13:43:50 2020
timezone: Eastern Standard Time
elapsed time: 9 seconds (0d 0h 0m 9s)

